#
# There is insufficient memory for the Java Runtime Environment to continue.
# Native memory allocation (malloc) failed to allocate 635936 bytes for Chunk::new
# Possible reasons:
#   The system is out of physical RAM or swap space
#   The process is running with CompressedOops enabled, and the Java Heap may be blocking the growth of the native heap
# Possible solutions:
#   Reduce memory load on the system
#   Increase physical memory or swap space
#   Check if swap backing store is full
#   Decrease Java heap size (-Xmx/-Xms)
#   Decrease number of Java threads
#   Decrease Java thread stack sizes (-Xss)
#   Set larger code cache with -XX:ReservedCodeCacheSize=
#   JVM is running with Unscaled Compressed Oops mode in which the Java heap is
#     placed in the first 4GB address space. The Java Heap base address is the
#     maximum limit for the native heap growth. Please use -XX:HeapBaseMinAddress
#     to set the Java Heap base and to place the Java Heap above 4GB virtual address.
# This output file may be truncated or incomplete.
#
#  Out of Memory Error (./open/src/hotspot/share/memory/arena.cpp:195), pid=12840, tid=13060
#
# JRE version: Java(TM) SE Runtime Environment (14.0.1+7) (build 14.0.1+7)
# Java VM: Java HotSpot(TM) 64-Bit Server VM (14.0.1+7, mixed mode, sharing, tiered, compressed oops, g1 gc, windows-amd64)
# No core dump will be written. Minidumps are not enabled by default on client versions of Windows
#

---------------  S U M M A R Y ------------

Command Line: --add-opens=java.base/java.util=ALL-UNNAMED --add-opens=java.base/java.lang=ALL-UNNAMED --add-opens=java.base/java.lang.invoke=ALL-UNNAMED --add-opens=java.prefs/java.util.prefs=ALL-UNNAMED -XX:MaxMetaspaceSize=256m -XX:+HeapDumpOnOutOfMemoryError -Xms256m -Xmx512m -Dfile.encoding=windows-1252 -Duser.country=RU -Duser.language=ru -Duser.variant org.gradle.launcher.daemon.bootstrap.GradleDaemon 6.8

Host: AMD A4-6210 APU with AMD Radeon R3 Graphics    , 4 cores, 6G,  Windows 10 , 64 bit Build 17134 (10.0.17134.1)
Time: Wed Sep 29 16:47:06 2021  elapsed time: 13 seconds (0d 0h 0m 13s)

---------------  T H R E A D  ---------------

Current thread (0x000001edc4925800):  JavaThread "C2 CompilerThread0" daemon [_thread_in_native, id=13060, stack(0x000000ecf0100000,0x000000ecf0200000)]


Current CompileTask:
C2:  13291 2273       4       java.net.URLClassLoader$1::run (5 bytes)

Stack: [0x000000ecf0100000,0x000000ecf0200000]
Native frames: (J=compiled Java code, j=interpreted, Vv=VM code, C=native code)
V  [jvm.dll+0x5f840a]
V  [jvm.dll+0x741e4a]
V  [jvm.dll+0x7435ff]
V  [jvm.dll+0x743c43]
V  [jvm.dll+0x20d288]
V  [jvm.dll+0xabb07]
V  [jvm.dll+0xac1fc]
V  [jvm.dll+0x276db4]
V  [jvm.dll+0x50ca4a]
V  [jvm.dll+0x1ee036]
V  [jvm.dll+0x1e752d]
V  [jvm.dll+0x1e4f98]
V  [jvm.dll+0x1779cc]
V  [jvm.dll+0x1f4105]
V  [jvm.dll+0x1f22eb]
V  [jvm.dll+0x706a9d]
V  [jvm.dll+0x6ff8ba]
V  [jvm.dll+0x5f72c6]
C  [ucrtbase.dll+0x1c1ae]
C  [KERNEL32.DLL+0x13034]
C  [ntdll.dll+0x71551]


---------------  P R O C E S S  ---------------

Threads class SMR info:
_java_thread_list=0x000001edc9ce42b0, length=27, elements={
0x000001eda7a5f000, 0x000001edc48fe800, 0x000001edc48ff800, 0x000001edc491f000,
0x000001edc4922800, 0x000001edc4924000, 0x000001edc4925800, 0x000001edc4933000,
0x000001edc493f000, 0x000001edc53a8800, 0x000001edc53d9800, 0x000001edc697d000,
0x000001edc6633000, 0x000001edc6b69000, 0x000001edc6221800, 0x000001edc6e78800,
0x000001edc5599000, 0x000001edc6088000, 0x000001edc6a8a000, 0x000001edc6a8d000,
0x000001edc6a89000, 0x000001edc6a8b800, 0x000001edc6a8f800, 0x000001edc6a8c800,
0x000001edc573a800, 0x000001edc6a8e000, 0x000001edc6a8a800
}

Java Threads: ( => current thread )
  0x000001eda7a5f000 JavaThread "main" [_thread_blocked, id=3900, stack(0x000000ecef500000,0x000000ecef600000)]
  0x000001edc48fe800 JavaThread "Reference Handler" daemon [_thread_blocked, id=11464, stack(0x000000ecefc00000,0x000000ecefd00000)]
  0x000001edc48ff800 JavaThread "Finalizer" daemon [_thread_blocked, id=15308, stack(0x000000ecefd00000,0x000000ecefe00000)]
  0x000001edc491f000 JavaThread "Signal Dispatcher" daemon [_thread_blocked, id=12632, stack(0x000000ecefe00000,0x000000eceff00000)]
  0x000001edc4922800 JavaThread "Attach Listener" daemon [_thread_blocked, id=15244, stack(0x000000eceff00000,0x000000ecf0000000)]
  0x000001edc4924000 JavaThread "Service Thread" daemon [_thread_blocked, id=15316, stack(0x000000ecf0000000,0x000000ecf0100000)]
=>0x000001edc4925800 JavaThread "C2 CompilerThread0" daemon [_thread_in_native, id=13060, stack(0x000000ecf0100000,0x000000ecf0200000)]
  0x000001edc4933000 JavaThread "C1 CompilerThread0" daemon [_thread_blocked, id=15268, stack(0x000000ecf0200000,0x000000ecf0300000)]
  0x000001edc493f000 JavaThread "Sweeper thread" daemon [_thread_blocked, id=4908, stack(0x000000ecf0300000,0x000000ecf0400000)]
  0x000001edc53a8800 JavaThread "Common-Cleaner" daemon [_thread_blocked, id=15344, stack(0x000000ecf0400000,0x000000ecf0500000)]
  0x000001edc53d9800 JavaThread "Notification Thread" daemon [_thread_blocked, id=15320, stack(0x000000ecf0500000,0x000000ecf0600000)]
  0x000001edc697d000 JavaThread "Daemon health stats" [_thread_blocked, id=7628, stack(0x000000ecf0b00000,0x000000ecf0c00000)]
  0x000001edc6633000 JavaThread "Incoming local TCP Connector on port 52283" [_thread_in_native, id=13612, stack(0x000000ecf0d00000,0x000000ecf0e00000)]
  0x000001edc6b69000 JavaThread "Daemon periodic checks" [_thread_blocked, id=10224, stack(0x000000ecf0e00000,0x000000ecf0f00000)]
  0x000001edc6221800 JavaThread "Daemon" [_thread_blocked, id=14724, stack(0x000000ecf0a00000,0x000000ecf0b00000)]
  0x000001edc6e78800 JavaThread "Handler for socket connection from /127.0.0.1:52283 to /127.0.0.1:52284" [_thread_in_native, id=3428, stack(0x000000ecf0f00000,0x000000ecf1000000)]
  0x000001edc5599000 JavaThread "Cancel handler" [_thread_blocked, id=14404, stack(0x000000ecf1000000,0x000000ecf1100000)]
  0x000001edc6088000 JavaThread "Daemon worker" [_thread_in_Java, id=9912, stack(0x000000ecf1100000,0x000000ecf1200000)]
  0x000001edc6a8a000 JavaThread "Asynchronous log dispatcher for DefaultDaemonConnection: socket connection from /127.0.0.1:52283 to /127.0.0.1:52284" [_thread_blocked, id=14560, stack(0x000000ecf1200000,0x000000ecf1300000)]
  0x000001edc6a8d000 JavaThread "Stdin handler" [_thread_blocked, id=15024, stack(0x000000ecf1300000,0x000000ecf1400000)]
  0x000001edc6a89000 JavaThread "Daemon client event forwarder" [_thread_blocked, id=12740, stack(0x000000ecf1400000,0x000000ecf1500000)]
  0x000001edc6a8b800 JavaThread "Cache worker for file hash cache (C:\Users\padalka_iv\.gradle\caches\6.8\fileHashes)" [_thread_blocked, id=14608, stack(0x000000ecf1500000,0x000000ecf1600000)]
  0x000001edc6a8f800 JavaThread "File lock request listener" [_thread_in_native, id=14044, stack(0x000000ecf1600000,0x000000ecf1700000)]
  0x000001edc6a8c800 JavaThread "Cache worker for journal cache (C:\Users\padalka_iv\.gradle\caches\journal-1)" [_thread_blocked, id=2972, stack(0x000000ecf1700000,0x000000ecf1800000)]
  0x000001edc573a800 JavaThread "C2 CompilerThread1" daemon [_thread_in_native, id=15136, stack(0x000000ecf1800000,0x000000ecf1900000)]
  0x000001edc6a8e000 JavaThread "Cache worker for file hash cache (C:\Users\padalka_iv\Desktop\FibonachiPadalka\.gradle\6.8\fileHashes)" [_thread_blocked, id=15252, stack(0x000000ecf1900000,0x000000ecf1a00000)]
  0x000001edc6a8a800 JavaThread "Cache worker for checksums cache (C:\Users\padalka_iv\Desktop\FibonachiPadalka\.gradle\checksums)" [_thread_blocked, id=9124, stack(0x000000ecf1a00000,0x000000ecf1b00000)]

Other Threads:
  0x000001edc48f2800 VMThread "VM Thread" [stack: 0x000000ecefb00000,0x000000ecefc00000] [id=15248]
  0x000001edc53db800 WatcherThread [stack: 0x000000ecf0600000,0x000000ecf0700000] [id=10472]
  0x000001eda7a87000 GCTaskThread "GC Thread#0" [stack: 0x000000ecef600000,0x000000ecef700000] [id=2160]
  0x000001edc5681800 GCTaskThread "GC Thread#1" [stack: 0x000000ecf0700000,0x000000ecf0800000] [id=4700]
  0x000001edc58b8800 GCTaskThread "GC Thread#2" [stack: 0x000000ecf0800000,0x000000ecf0900000] [id=9960]
  0x000001edc58b9000 GCTaskThread "GC Thread#3" [stack: 0x000000ecf0900000,0x000000ecf0a00000] [id=11776]
  0x000001eda7a8c800 ConcurrentGCThread "G1 Main Marker" [stack: 0x000000ecef700000,0x000000ecef800000] [id=12776]
  0x000001eda7a8e800 ConcurrentGCThread "G1 Conc#0" [stack: 0x000000ecef800000,0x000000ecef900000] [id=8556]
  0x000001edc47a2800 ConcurrentGCThread "G1 Refine#0" [stack: 0x000000ecef900000,0x000000ecefa00000] [id=7280]
  0x000001edc47a3000 ConcurrentGCThread "G1 Young RemSet Sampling" [stack: 0x000000ecefa00000,0x000000ecefb00000] [id=15256]

Threads with active compile tasks:
C2 CompilerThread0    13344 2273       4       java.net.URLClassLoader$1::run (5 bytes)
C1 CompilerThread0    13344 2283       3       java.lang.invoke.DirectMethodHandle::preparedLambdaForm (248 bytes)
C2 CompilerThread1    13344 2247   !   4       java.net.URLClassLoader::findClass (47 bytes)

VM state:not at safepoint (normal execution)

VM Mutex/Monitor currently owned by a thread: None

Heap address: 0x00000000e0000000, size: 512 MB, Compressed Oops mode: 32-bit
Narrow klass base: 0x0000000800000000, Narrow klass shift: 3
Compressed class space size: 260046848 Address: 0x0000000800b30000

Heap:
 garbage-first heap   total 262144K, used 135367K [0x00000000e0000000, 0x0000000100000000)
  region size 1024K, 126 young (129024K), 4 survivors (4096K)
 Metaspace       used 18757K, capacity 19469K, committed 19712K, reserved 272384K
  class space    used 2817K, capacity 3030K, committed 3072K, reserved 253952K
Heap Regions: E=young(eden), S=young(survivor), O=old, HS=humongous(starts), HC=humongous(continues), CS=collection set, F=free, OA=open archive, CA=closed archive, TAMS=top-at-mark-start (previous, next)
|   0|0x00000000e0000000, 0x00000000e0100000, 0x00000000e0100000|100%| O|  |TAMS 0x00000000e0000000, 0x00000000e0000000| Untracked 
|   1|0x00000000e0100000, 0x00000000e01f5e00, 0x00000000e0200000| 96%| O|  |TAMS 0x00000000e0100000, 0x00000000e0100000| Untracked 
|   2|0x00000000e0200000, 0x00000000e0200000, 0x00000000e0300000|  0%| F|  |TAMS 0x00000000e0200000, 0x00000000e0200000| Untracked 
|   3|0x00000000e0300000, 0x00000000e0400000, 0x00000000e0400000|100%|HS|  |TAMS 0x00000000e0300000, 0x00000000e0300000| Complete 
|   4|0x00000000e0400000, 0x00000000e0500000, 0x00000000e0500000|100%|HC|  |TAMS 0x00000000e0400000, 0x00000000e0400000| Complete 
|   5|0x00000000e0500000, 0x00000000e0600000, 0x00000000e0600000|100%|HC|  |TAMS 0x00000000e0500000, 0x00000000e0500000| Complete 
|   6|0x00000000e0600000, 0x00000000e0700000, 0x00000000e0700000|100%| O|  |TAMS 0x00000000e0600000, 0x00000000e0600000| Untracked 
|   7|0x00000000e0700000, 0x00000000e0800000, 0x00000000e0800000|100%| O|  |TAMS 0x00000000e0700000, 0x00000000e0700000| Untracked 
|   8|0x00000000e0800000, 0x00000000e0900000, 0x00000000e0900000|100%| O|  |TAMS 0x00000000e0800000, 0x00000000e0800000| Untracked 
|   9|0x00000000e0900000, 0x00000000e0900000, 0x00000000e0a00000|  0%| F|  |TAMS 0x00000000e0900000, 0x00000000e0900000| Untracked 
|  10|0x00000000e0a00000, 0x00000000e0a00000, 0x00000000e0b00000|  0%| F|  |TAMS 0x00000000e0a00000, 0x00000000e0a00000| Untracked 
|  11|0x00000000e0b00000, 0x00000000e0b00000, 0x00000000e0c00000|  0%| F|  |TAMS 0x00000000e0b00000, 0x00000000e0b00000| Untracked 
|  12|0x00000000e0c00000, 0x00000000e0c00000, 0x00000000e0d00000|  0%| F|  |TAMS 0x00000000e0c00000, 0x00000000e0c00000| Untracked 
|  13|0x00000000e0d00000, 0x00000000e0d00000, 0x00000000e0e00000|  0%| F|  |TAMS 0x00000000e0d00000, 0x00000000e0d00000| Untracked 
|  14|0x00000000e0e00000, 0x00000000e0e00000, 0x00000000e0f00000|  0%| F|  |TAMS 0x00000000e0e00000, 0x00000000e0e00000| Untracked 
|  15|0x00000000e0f00000, 0x00000000e0f00000, 0x00000000e1000000|  0%| F|  |TAMS 0x00000000e0f00000, 0x00000000e0f00000| Untracked 
|  16|0x00000000e1000000, 0x00000000e1000000, 0x00000000e1100000|  0%| F|  |TAMS 0x00000000e1000000, 0x00000000e1000000| Untracked 
|  17|0x00000000e1100000, 0x00000000e1100000, 0x00000000e1200000|  0%| F|  |TAMS 0x00000000e1100000, 0x00000000e1100000| Untracked 
|  18|0x00000000e1200000, 0x00000000e1200000, 0x00000000e1300000|  0%| F|  |TAMS 0x00000000e1200000, 0x00000000e1200000| Untracked 
|  19|0x00000000e1300000, 0x00000000e1300000, 0x00000000e1400000|  0%| F|  |TAMS 0x00000000e1300000, 0x00000000e1300000| Untracked 
|  20|0x00000000e1400000, 0x00000000e1400000, 0x00000000e1500000|  0%| F|  |TAMS 0x00000000e1400000, 0x00000000e1400000| Untracked 
|  21|0x00000000e1500000, 0x00000000e1500000, 0x00000000e1600000|  0%| F|  |TAMS 0x00000000e1500000, 0x00000000e1500000| Untracked 
|  22|0x00000000e1600000, 0x00000000e1600000, 0x00000000e1700000|  0%| F|  |TAMS 0x00000000e1600000, 0x00000000e1600000| Untracked 
|  23|0x00000000e1700000, 0x00000000e1700000, 0x00000000e1800000|  0%| F|  |TAMS 0x00000000e1700000, 0x00000000e1700000| Untracked 
|  24|0x00000000e1800000, 0x00000000e1800000, 0x00000000e1900000|  0%| F|  |TAMS 0x00000000e1800000, 0x00000000e1800000| Untracked 
|  25|0x00000000e1900000, 0x00000000e1900000, 0x00000000e1a00000|  0%| F|  |TAMS 0x00000000e1900000, 0x00000000e1900000| Untracked 
|  26|0x00000000e1a00000, 0x00000000e1a00000, 0x00000000e1b00000|  0%| F|  |TAMS 0x00000000e1a00000, 0x00000000e1a00000| Untracked 
|  27|0x00000000e1b00000, 0x00000000e1b00000, 0x00000000e1c00000|  0%| F|  |TAMS 0x00000000e1b00000, 0x00000000e1b00000| Untracked 
|  28|0x00000000e1c00000, 0x00000000e1c00000, 0x00000000e1d00000|  0%| F|  |TAMS 0x00000000e1c00000, 0x00000000e1c00000| Untracked 
|  29|0x00000000e1d00000, 0x00000000e1d00000, 0x00000000e1e00000|  0%| F|  |TAMS 0x00000000e1d00000, 0x00000000e1d00000| Untracked 
|  30|0x00000000e1e00000, 0x00000000e1e00000, 0x00000000e1f00000|  0%| F|  |TAMS 0x00000000e1e00000, 0x00000000e1e00000| Untracked 
|  31|0x00000000e1f00000, 0x00000000e1f00000, 0x00000000e2000000|  0%| F|  |TAMS 0x00000000e1f00000, 0x00000000e1f00000| Untracked 
|  32|0x00000000e2000000, 0x00000000e2000000, 0x00000000e2100000|  0%| F|  |TAMS 0x00000000e2000000, 0x00000000e2000000| Untracked 
|  33|0x00000000e2100000, 0x00000000e2100000, 0x00000000e2200000|  0%| F|  |TAMS 0x00000000e2100000, 0x00000000e2100000| Untracked 
|  34|0x00000000e2200000, 0x00000000e2200000, 0x00000000e2300000|  0%| F|  |TAMS 0x00000000e2200000, 0x00000000e2200000| Untracked 
|  35|0x00000000e2300000, 0x00000000e2300000, 0x00000000e2400000|  0%| F|  |TAMS 0x00000000e2300000, 0x00000000e2300000| Untracked 
|  36|0x00000000e2400000, 0x00000000e2400000, 0x00000000e2500000|  0%| F|  |TAMS 0x00000000e2400000, 0x00000000e2400000| Untracked 
|  37|0x00000000e2500000, 0x00000000e2500000, 0x00000000e2600000|  0%| F|  |TAMS 0x00000000e2500000, 0x00000000e2500000| Untracked 
|  38|0x00000000e2600000, 0x00000000e2600000, 0x00000000e2700000|  0%| F|  |TAMS 0x00000000e2600000, 0x00000000e2600000| Untracked 
|  39|0x00000000e2700000, 0x00000000e2700000, 0x00000000e2800000|  0%| F|  |TAMS 0x00000000e2700000, 0x00000000e2700000| Untracked 
|  40|0x00000000e2800000, 0x00000000e2800000, 0x00000000e2900000|  0%| F|  |TAMS 0x00000000e2800000, 0x00000000e2800000| Untracked 
|  41|0x00000000e2900000, 0x00000000e2900000, 0x00000000e2a00000|  0%| F|  |TAMS 0x00000000e2900000, 0x00000000e2900000| Untracked 
|  42|0x00000000e2a00000, 0x00000000e2a00000, 0x00000000e2b00000|  0%| F|  |TAMS 0x00000000e2a00000, 0x00000000e2a00000| Untracked 
|  43|0x00000000e2b00000, 0x00000000e2b00000, 0x00000000e2c00000|  0%| F|  |TAMS 0x00000000e2b00000, 0x00000000e2b00000| Untracked 
|  44|0x00000000e2c00000, 0x00000000e2c00000, 0x00000000e2d00000|  0%| F|  |TAMS 0x00000000e2c00000, 0x00000000e2c00000| Untracked 
|  45|0x00000000e2d00000, 0x00000000e2d00000, 0x00000000e2e00000|  0%| F|  |TAMS 0x00000000e2d00000, 0x00000000e2d00000| Untracked 
|  46|0x00000000e2e00000, 0x00000000e2e00000, 0x00000000e2f00000|  0%| F|  |TAMS 0x00000000e2e00000, 0x00000000e2e00000| Untracked 
|  47|0x00000000e2f00000, 0x00000000e2f00000, 0x00000000e3000000|  0%| F|  |TAMS 0x00000000e2f00000, 0x00000000e2f00000| Untracked 
|  48|0x00000000e3000000, 0x00000000e3000000, 0x00000000e3100000|  0%| F|  |TAMS 0x00000000e3000000, 0x00000000e3000000| Untracked 
|  49|0x00000000e3100000, 0x00000000e3100000, 0x00000000e3200000|  0%| F|  |TAMS 0x00000000e3100000, 0x00000000e3100000| Untracked 
|  50|0x00000000e3200000, 0x00000000e3200000, 0x00000000e3300000|  0%| F|  |TAMS 0x00000000e3200000, 0x00000000e3200000| Untracked 
|  51|0x00000000e3300000, 0x00000000e3300000, 0x00000000e3400000|  0%| F|  |TAMS 0x00000000e3300000, 0x00000000e3300000| Untracked 
|  52|0x00000000e3400000, 0x00000000e3400000, 0x00000000e3500000|  0%| F|  |TAMS 0x00000000e3400000, 0x00000000e3400000| Untracked 
|  53|0x00000000e3500000, 0x00000000e3500000, 0x00000000e3600000|  0%| F|  |TAMS 0x00000000e3500000, 0x00000000e3500000| Untracked 
|  54|0x00000000e3600000, 0x00000000e3600000, 0x00000000e3700000|  0%| F|  |TAMS 0x00000000e3600000, 0x00000000e3600000| Untracked 
|  55|0x00000000e3700000, 0x00000000e3700000, 0x00000000e3800000|  0%| F|  |TAMS 0x00000000e3700000, 0x00000000e3700000| Untracked 
|  56|0x00000000e3800000, 0x00000000e3800000, 0x00000000e3900000|  0%| F|  |TAMS 0x00000000e3800000, 0x00000000e3800000| Untracked 
|  57|0x00000000e3900000, 0x00000000e3900000, 0x00000000e3a00000|  0%| F|  |TAMS 0x00000000e3900000, 0x00000000e3900000| Untracked 
|  58|0x00000000e3a00000, 0x00000000e3a00000, 0x00000000e3b00000|  0%| F|  |TAMS 0x00000000e3a00000, 0x00000000e3a00000| Untracked 
|  59|0x00000000e3b00000, 0x00000000e3b00000, 0x00000000e3c00000|  0%| F|  |TAMS 0x00000000e3b00000, 0x00000000e3b00000| Untracked 
|  60|0x00000000e3c00000, 0x00000000e3c00000, 0x00000000e3d00000|  0%| F|  |TAMS 0x00000000e3c00000, 0x00000000e3c00000| Untracked 
|  61|0x00000000e3d00000, 0x00000000e3d00000, 0x00000000e3e00000|  0%| F|  |TAMS 0x00000000e3d00000, 0x00000000e3d00000| Untracked 
|  62|0x00000000e3e00000, 0x00000000e3e00000, 0x00000000e3f00000|  0%| F|  |TAMS 0x00000000e3e00000, 0x00000000e3e00000| Untracked 
|  63|0x00000000e3f00000, 0x00000000e3f00000, 0x00000000e4000000|  0%| F|  |TAMS 0x00000000e3f00000, 0x00000000e3f00000| Untracked 
|  64|0x00000000e4000000, 0x00000000e4000000, 0x00000000e4100000|  0%| F|  |TAMS 0x00000000e4000000, 0x00000000e4000000| Untracked 
|  65|0x00000000e4100000, 0x00000000e4100000, 0x00000000e4200000|  0%| F|  |TAMS 0x00000000e4100000, 0x00000000e4100000| Untracked 
|  66|0x00000000e4200000, 0x00000000e4200000, 0x00000000e4300000|  0%| F|  |TAMS 0x00000000e4200000, 0x00000000e4200000| Untracked 
|  67|0x00000000e4300000, 0x00000000e4300000, 0x00000000e4400000|  0%| F|  |TAMS 0x00000000e4300000, 0x00000000e4300000| Untracked 
|  68|0x00000000e4400000, 0x00000000e4400000, 0x00000000e4500000|  0%| F|  |TAMS 0x00000000e4400000, 0x00000000e4400000| Untracked 
|  69|0x00000000e4500000, 0x00000000e4500000, 0x00000000e4600000|  0%| F|  |TAMS 0x00000000e4500000, 0x00000000e4500000| Untracked 
|  70|0x00000000e4600000, 0x00000000e4600000, 0x00000000e4700000|  0%| F|  |TAMS 0x00000000e4600000, 0x00000000e4600000| Untracked 
|  71|0x00000000e4700000, 0x00000000e4700000, 0x00000000e4800000|  0%| F|  |TAMS 0x00000000e4700000, 0x00000000e4700000| Untracked 
|  72|0x00000000e4800000, 0x00000000e4800000, 0x00000000e4900000|  0%| F|  |TAMS 0x00000000e4800000, 0x00000000e4800000| Untracked 
|  73|0x00000000e4900000, 0x00000000e4900000, 0x00000000e4a00000|  0%| F|  |TAMS 0x00000000e4900000, 0x00000000e4900000| Untracked 
|  74|0x00000000e4a00000, 0x00000000e4a00000, 0x00000000e4b00000|  0%| F|  |TAMS 0x00000000e4a00000, 0x00000000e4a00000| Untracked 
|  75|0x00000000e4b00000, 0x00000000e4b00000, 0x00000000e4c00000|  0%| F|  |TAMS 0x00000000e4b00000, 0x00000000e4b00000| Untracked 
|  76|0x00000000e4c00000, 0x00000000e4c00000, 0x00000000e4d00000|  0%| F|  |TAMS 0x00000000e4c00000, 0x00000000e4c00000| Untracked 
|  77|0x00000000e4d00000, 0x00000000e4d00000, 0x00000000e4e00000|  0%| F|  |TAMS 0x00000000e4d00000, 0x00000000e4d00000| Untracked 
|  78|0x00000000e4e00000, 0x00000000e4e00000, 0x00000000e4f00000|  0%| F|  |TAMS 0x00000000e4e00000, 0x00000000e4e00000| Untracked 
|  79|0x00000000e4f00000, 0x00000000e4f00000, 0x00000000e5000000|  0%| F|  |TAMS 0x00000000e4f00000, 0x00000000e4f00000| Untracked 
|  80|0x00000000e5000000, 0x00000000e5000000, 0x00000000e5100000|  0%| F|  |TAMS 0x00000000e5000000, 0x00000000e5000000| Untracked 
|  81|0x00000000e5100000, 0x00000000e5100000, 0x00000000e5200000|  0%| F|  |TAMS 0x00000000e5100000, 0x00000000e5100000| Untracked 
|  82|0x00000000e5200000, 0x00000000e5200000, 0x00000000e5300000|  0%| F|  |TAMS 0x00000000e5200000, 0x00000000e5200000| Untracked 
|  83|0x00000000e5300000, 0x00000000e5300000, 0x00000000e5400000|  0%| F|  |TAMS 0x00000000e5300000, 0x00000000e5300000| Untracked 
|  84|0x00000000e5400000, 0x00000000e5400000, 0x00000000e5500000|  0%| F|  |TAMS 0x00000000e5400000, 0x00000000e5400000| Untracked 
|  85|0x00000000e5500000, 0x00000000e5500000, 0x00000000e5600000|  0%| F|  |TAMS 0x00000000e5500000, 0x00000000e5500000| Untracked 
|  86|0x00000000e5600000, 0x00000000e5600000, 0x00000000e5700000|  0%| F|  |TAMS 0x00000000e5600000, 0x00000000e5600000| Untracked 
|  87|0x00000000e5700000, 0x00000000e5700000, 0x00000000e5800000|  0%| F|  |TAMS 0x00000000e5700000, 0x00000000e5700000| Untracked 
|  88|0x00000000e5800000, 0x00000000e5800000, 0x00000000e5900000|  0%| F|  |TAMS 0x00000000e5800000, 0x00000000e5800000| Untracked 
|  89|0x00000000e5900000, 0x00000000e5900000, 0x00000000e5a00000|  0%| F|  |TAMS 0x00000000e5900000, 0x00000000e5900000| Untracked 
|  90|0x00000000e5a00000, 0x00000000e5a00000, 0x00000000e5b00000|  0%| F|  |TAMS 0x00000000e5a00000, 0x00000000e5a00000| Untracked 
|  91|0x00000000e5b00000, 0x00000000e5b00000, 0x00000000e5c00000|  0%| F|  |TAMS 0x00000000e5b00000, 0x00000000e5b00000| Untracked 
|  92|0x00000000e5c00000, 0x00000000e5c00000, 0x00000000e5d00000|  0%| F|  |TAMS 0x00000000e5c00000, 0x00000000e5c00000| Untracked 
|  93|0x00000000e5d00000, 0x00000000e5d00000, 0x00000000e5e00000|  0%| F|  |TAMS 0x00000000e5d00000, 0x00000000e5d00000| Untracked 
|  94|0x00000000e5e00000, 0x00000000e5e00000, 0x00000000e5f00000|  0%| F|  |TAMS 0x00000000e5e00000, 0x00000000e5e00000| Untracked 
|  95|0x00000000e5f00000, 0x00000000e5f00000, 0x00000000e6000000|  0%| F|  |TAMS 0x00000000e5f00000, 0x00000000e5f00000| Untracked 
|  96|0x00000000e6000000, 0x00000000e6000000, 0x00000000e6100000|  0%| F|  |TAMS 0x00000000e6000000, 0x00000000e6000000| Untracked 
|  97|0x00000000e6100000, 0x00000000e6100000, 0x00000000e6200000|  0%| F|  |TAMS 0x00000000e6100000, 0x00000000e6100000| Untracked 
|  98|0x00000000e6200000, 0x00000000e6200000, 0x00000000e6300000|  0%| F|  |TAMS 0x00000000e6200000, 0x00000000e6200000| Untracked 
|  99|0x00000000e6300000, 0x00000000e6300000, 0x00000000e6400000|  0%| F|  |TAMS 0x00000000e6300000, 0x00000000e6300000| Untracked 
| 100|0x00000000e6400000, 0x00000000e6400000, 0x00000000e6500000|  0%| F|  |TAMS 0x00000000e6400000, 0x00000000e6400000| Untracked 
| 101|0x00000000e6500000, 0x00000000e6500000, 0x00000000e6600000|  0%| F|  |TAMS 0x00000000e6500000, 0x00000000e6500000| Untracked 
| 102|0x00000000e6600000, 0x00000000e6600000, 0x00000000e6700000|  0%| F|  |TAMS 0x00000000e6600000, 0x00000000e6600000| Untracked 
| 103|0x00000000e6700000, 0x00000000e6700000, 0x00000000e6800000|  0%| F|  |TAMS 0x00000000e6700000, 0x00000000e6700000| Untracked 
| 104|0x00000000e6800000, 0x00000000e6800000, 0x00000000e6900000|  0%| F|  |TAMS 0x00000000e6800000, 0x00000000e6800000| Untracked 
| 105|0x00000000e6900000, 0x00000000e6900000, 0x00000000e6a00000|  0%| F|  |TAMS 0x00000000e6900000, 0x00000000e6900000| Untracked 
| 106|0x00000000e6a00000, 0x00000000e6a00000, 0x00000000e6b00000|  0%| F|  |TAMS 0x00000000e6a00000, 0x00000000e6a00000| Untracked 
| 107|0x00000000e6b00000, 0x00000000e6b00000, 0x00000000e6c00000|  0%| F|  |TAMS 0x00000000e6b00000, 0x00000000e6b00000| Untracked 
| 108|0x00000000e6c00000, 0x00000000e6c00000, 0x00000000e6d00000|  0%| F|  |TAMS 0x00000000e6c00000, 0x00000000e6c00000| Untracked 
| 109|0x00000000e6d00000, 0x00000000e6d00000, 0x00000000e6e00000|  0%| F|  |TAMS 0x00000000e6d00000, 0x00000000e6d00000| Untracked 
| 110|0x00000000e6e00000, 0x00000000e6e00000, 0x00000000e6f00000|  0%| F|  |TAMS 0x00000000e6e00000, 0x00000000e6e00000| Untracked 
| 111|0x00000000e6f00000, 0x00000000e6f00000, 0x00000000e7000000|  0%| F|  |TAMS 0x00000000e6f00000, 0x00000000e6f00000| Untracked 
| 112|0x00000000e7000000, 0x00000000e7000000, 0x00000000e7100000|  0%| F|  |TAMS 0x00000000e7000000, 0x00000000e7000000| Untracked 
| 113|0x00000000e7100000, 0x00000000e7100000, 0x00000000e7200000|  0%| F|  |TAMS 0x00000000e7100000, 0x00000000e7100000| Untracked 
| 114|0x00000000e7200000, 0x00000000e7200000, 0x00000000e7300000|  0%| F|  |TAMS 0x00000000e7200000, 0x00000000e7200000| Untracked 
| 115|0x00000000e7300000, 0x00000000e7300000, 0x00000000e7400000|  0%| F|  |TAMS 0x00000000e7300000, 0x00000000e7300000| Untracked 
| 116|0x00000000e7400000, 0x00000000e7400000, 0x00000000e7500000|  0%| F|  |TAMS 0x00000000e7400000, 0x00000000e7400000| Untracked 
| 117|0x00000000e7500000, 0x00000000e7500000, 0x00000000e7600000|  0%| F|  |TAMS 0x00000000e7500000, 0x00000000e7500000| Untracked 
| 118|0x00000000e7600000, 0x00000000e7600000, 0x00000000e7700000|  0%| F|  |TAMS 0x00000000e7600000, 0x00000000e7600000| Untracked 
| 119|0x00000000e7700000, 0x00000000e7700000, 0x00000000e7800000|  0%| F|  |TAMS 0x00000000e7700000, 0x00000000e7700000| Untracked 
| 120|0x00000000e7800000, 0x00000000e7800000, 0x00000000e7900000|  0%| F|  |TAMS 0x00000000e7800000, 0x00000000e7800000| Untracked 
| 121|0x00000000e7900000, 0x00000000e7900000, 0x00000000e7a00000|  0%| F|  |TAMS 0x00000000e7900000, 0x00000000e7900000| Untracked 
| 122|0x00000000e7a00000, 0x00000000e7a00000, 0x00000000e7b00000|  0%| F|  |TAMS 0x00000000e7a00000, 0x00000000e7a00000| Untracked 
| 123|0x00000000e7b00000, 0x00000000e7b00000, 0x00000000e7c00000|  0%| F|  |TAMS 0x00000000e7b00000, 0x00000000e7b00000| Untracked 
| 124|0x00000000e7c00000, 0x00000000e7c00000, 0x00000000e7d00000|  0%| F|  |TAMS 0x00000000e7c00000, 0x00000000e7c00000| Untracked 
| 125|0x00000000e7d00000, 0x00000000e7d00000, 0x00000000e7e00000|  0%| F|  |TAMS 0x00000000e7d00000, 0x00000000e7d00000| Untracked 
| 126|0x00000000e7e00000, 0x00000000e7e00000, 0x00000000e7f00000|  0%| F|  |TAMS 0x00000000e7e00000, 0x00000000e7e00000| Untracked 
| 127|0x00000000e7f00000, 0x00000000e7f00000, 0x00000000e8000000|  0%| F|  |TAMS 0x00000000e7f00000, 0x00000000e7f00000| Untracked 
| 128|0x00000000e8000000, 0x00000000e8000000, 0x00000000e8100000|  0%| F|  |TAMS 0x00000000e8000000, 0x00000000e8000000| Untracked 
| 129|0x00000000e8100000, 0x00000000e8100000, 0x00000000e8200000|  0%| F|  |TAMS 0x00000000e8100000, 0x00000000e8100000| Untracked 
| 130|0x00000000e8200000, 0x00000000e8300000, 0x00000000e8300000|100%| E|  |TAMS 0x00000000e8200000, 0x00000000e8200000| Complete 
| 131|0x00000000e8300000, 0x00000000e8400000, 0x00000000e8400000|100%| E|CS|TAMS 0x00000000e8300000, 0x00000000e8300000| Complete 
| 132|0x00000000e8400000, 0x00000000e8500000, 0x00000000e8500000|100%| E|CS|TAMS 0x00000000e8400000, 0x00000000e8400000| Complete 
| 133|0x00000000e8500000, 0x00000000e8600000, 0x00000000e8600000|100%| E|CS|TAMS 0x00000000e8500000, 0x00000000e8500000| Complete 
| 134|0x00000000e8600000, 0x00000000e8700000, 0x00000000e8700000|100%| E|CS|TAMS 0x00000000e8600000, 0x00000000e8600000| Complete 
| 135|0x00000000e8700000, 0x00000000e8800000, 0x00000000e8800000|100%| E|CS|TAMS 0x00000000e8700000, 0x00000000e8700000| Complete 
| 136|0x00000000e8800000, 0x00000000e8900000, 0x00000000e8900000|100%| E|CS|TAMS 0x00000000e8800000, 0x00000000e8800000| Complete 
| 137|0x00000000e8900000, 0x00000000e8a00000, 0x00000000e8a00000|100%| E|CS|TAMS 0x00000000e8900000, 0x00000000e8900000| Complete 
| 138|0x00000000e8a00000, 0x00000000e8b00000, 0x00000000e8b00000|100%| E|CS|TAMS 0x00000000e8a00000, 0x00000000e8a00000| Complete 
| 139|0x00000000e8b00000, 0x00000000e8c00000, 0x00000000e8c00000|100%| E|CS|TAMS 0x00000000e8b00000, 0x00000000e8b00000| Complete 
| 140|0x00000000e8c00000, 0x00000000e8d00000, 0x00000000e8d00000|100%| E|CS|TAMS 0x00000000e8c00000, 0x00000000e8c00000| Complete 
| 141|0x00000000e8d00000, 0x00000000e8e00000, 0x00000000e8e00000|100%| E|CS|TAMS 0x00000000e8d00000, 0x00000000e8d00000| Complete 
| 142|0x00000000e8e00000, 0x00000000e8f00000, 0x00000000e8f00000|100%| E|CS|TAMS 0x00000000e8e00000, 0x00000000e8e00000| Complete 
| 143|0x00000000e8f00000, 0x00000000e9000000, 0x00000000e9000000|100%| E|CS|TAMS 0x00000000e8f00000, 0x00000000e8f00000| Complete 
| 144|0x00000000e9000000, 0x00000000e9100000, 0x00000000e9100000|100%| E|CS|TAMS 0x00000000e9000000, 0x00000000e9000000| Complete 
| 145|0x00000000e9100000, 0x00000000e9200000, 0x00000000e9200000|100%| E|CS|TAMS 0x00000000e9100000, 0x00000000e9100000| Complete 
| 146|0x00000000e9200000, 0x00000000e9300000, 0x00000000e9300000|100%| E|CS|TAMS 0x00000000e9200000, 0x00000000e9200000| Complete 
| 147|0x00000000e9300000, 0x00000000e9400000, 0x00000000e9400000|100%| E|CS|TAMS 0x00000000e9300000, 0x00000000e9300000| Complete 
| 148|0x00000000e9400000, 0x00000000e9500000, 0x00000000e9500000|100%| E|CS|TAMS 0x00000000e9400000, 0x00000000e9400000| Complete 
| 149|0x00000000e9500000, 0x00000000e9600000, 0x00000000e9600000|100%| E|CS|TAMS 0x00000000e9500000, 0x00000000e9500000| Complete 
| 150|0x00000000e9600000, 0x00000000e9700000, 0x00000000e9700000|100%| E|CS|TAMS 0x00000000e9600000, 0x00000000e9600000| Complete 
| 151|0x00000000e9700000, 0x00000000e9800000, 0x00000000e9800000|100%| E|CS|TAMS 0x00000000e9700000, 0x00000000e9700000| Complete 
| 152|0x00000000e9800000, 0x00000000e9900000, 0x00000000e9900000|100%| E|CS|TAMS 0x00000000e9800000, 0x00000000e9800000| Complete 
| 153|0x00000000e9900000, 0x00000000e9a00000, 0x00000000e9a00000|100%| E|CS|TAMS 0x00000000e9900000, 0x00000000e9900000| Complete 
| 154|0x00000000e9a00000, 0x00000000e9b00000, 0x00000000e9b00000|100%| E|CS|TAMS 0x00000000e9a00000, 0x00000000e9a00000| Complete 
| 155|0x00000000e9b00000, 0x00000000e9c00000, 0x00000000e9c00000|100%| E|CS|TAMS 0x00000000e9b00000, 0x00000000e9b00000| Complete 
| 156|0x00000000e9c00000, 0x00000000e9d00000, 0x00000000e9d00000|100%| E|CS|TAMS 0x00000000e9c00000, 0x00000000e9c00000| Complete 
| 157|0x00000000e9d00000, 0x00000000e9e00000, 0x00000000e9e00000|100%| E|CS|TAMS 0x00000000e9d00000, 0x00000000e9d00000| Complete 
| 158|0x00000000e9e00000, 0x00000000e9f00000, 0x00000000e9f00000|100%| E|CS|TAMS 0x00000000e9e00000, 0x00000000e9e00000| Complete 
| 159|0x00000000e9f00000, 0x00000000ea000000, 0x00000000ea000000|100%| E|CS|TAMS 0x00000000e9f00000, 0x00000000e9f00000| Complete 
| 160|0x00000000ea000000, 0x00000000ea100000, 0x00000000ea100000|100%| E|CS|TAMS 0x00000000ea000000, 0x00000000ea000000| Complete 
| 161|0x00000000ea100000, 0x00000000ea200000, 0x00000000ea200000|100%| E|CS|TAMS 0x00000000ea100000, 0x00000000ea100000| Complete 
| 162|0x00000000ea200000, 0x00000000ea300000, 0x00000000ea300000|100%| E|CS|TAMS 0x00000000ea200000, 0x00000000ea200000| Complete 
| 163|0x00000000ea300000, 0x00000000ea400000, 0x00000000ea400000|100%| E|CS|TAMS 0x00000000ea300000, 0x00000000ea300000| Complete 
| 164|0x00000000ea400000, 0x00000000ea500000, 0x00000000ea500000|100%| E|CS|TAMS 0x00000000ea400000, 0x00000000ea400000| Complete 
| 165|0x00000000ea500000, 0x00000000ea600000, 0x00000000ea600000|100%| E|CS|TAMS 0x00000000ea500000, 0x00000000ea500000| Complete 
| 166|0x00000000ea600000, 0x00000000ea700000, 0x00000000ea700000|100%| E|CS|TAMS 0x00000000ea600000, 0x00000000ea600000| Complete 
| 167|0x00000000ea700000, 0x00000000ea800000, 0x00000000ea800000|100%| E|CS|TAMS 0x00000000ea700000, 0x00000000ea700000| Complete 
| 168|0x00000000ea800000, 0x00000000ea900000, 0x00000000ea900000|100%| E|CS|TAMS 0x00000000ea800000, 0x00000000ea800000| Complete 
| 169|0x00000000ea900000, 0x00000000eaa00000, 0x00000000eaa00000|100%| E|CS|TAMS 0x00000000ea900000, 0x00000000ea900000| Complete 
| 170|0x00000000eaa00000, 0x00000000eab00000, 0x00000000eab00000|100%| E|CS|TAMS 0x00000000eaa00000, 0x00000000eaa00000| Complete 
| 171|0x00000000eab00000, 0x00000000eac00000, 0x00000000eac00000|100%| E|CS|TAMS 0x00000000eab00000, 0x00000000eab00000| Complete 
| 172|0x00000000eac00000, 0x00000000ead00000, 0x00000000ead00000|100%| E|CS|TAMS 0x00000000eac00000, 0x00000000eac00000| Complete 
| 173|0x00000000ead00000, 0x00000000eae00000, 0x00000000eae00000|100%| E|CS|TAMS 0x00000000ead00000, 0x00000000ead00000| Complete 
| 174|0x00000000eae00000, 0x00000000eaf00000, 0x00000000eaf00000|100%| E|CS|TAMS 0x00000000eae00000, 0x00000000eae00000| Complete 
| 175|0x00000000eaf00000, 0x00000000eb000000, 0x00000000eb000000|100%| E|CS|TAMS 0x00000000eaf00000, 0x00000000eaf00000| Complete 
| 176|0x00000000eb000000, 0x00000000eb100000, 0x00000000eb100000|100%| E|CS|TAMS 0x00000000eb000000, 0x00000000eb000000| Complete 
| 177|0x00000000eb100000, 0x00000000eb200000, 0x00000000eb200000|100%| E|CS|TAMS 0x00000000eb100000, 0x00000000eb100000| Complete 
| 178|0x00000000eb200000, 0x00000000eb300000, 0x00000000eb300000|100%| E|CS|TAMS 0x00000000eb200000, 0x00000000eb200000| Complete 
| 179|0x00000000eb300000, 0x00000000eb400000, 0x00000000eb400000|100%| E|CS|TAMS 0x00000000eb300000, 0x00000000eb300000| Complete 
| 180|0x00000000eb400000, 0x00000000eb500000, 0x00000000eb500000|100%| E|CS|TAMS 0x00000000eb400000, 0x00000000eb400000| Complete 
| 181|0x00000000eb500000, 0x00000000eb600000, 0x00000000eb600000|100%| E|CS|TAMS 0x00000000eb500000, 0x00000000eb500000| Complete 
| 182|0x00000000eb600000, 0x00000000eb700000, 0x00000000eb700000|100%| E|CS|TAMS 0x00000000eb600000, 0x00000000eb600000| Complete 
| 183|0x00000000eb700000, 0x00000000eb800000, 0x00000000eb800000|100%| E|CS|TAMS 0x00000000eb700000, 0x00000000eb700000| Complete 
| 184|0x00000000eb800000, 0x00000000eb900000, 0x00000000eb900000|100%| E|CS|TAMS 0x00000000eb800000, 0x00000000eb800000| Complete 
| 185|0x00000000eb900000, 0x00000000eba00000, 0x00000000eba00000|100%| E|CS|TAMS 0x00000000eb900000, 0x00000000eb900000| Complete 
| 186|0x00000000eba00000, 0x00000000ebb00000, 0x00000000ebb00000|100%| E|CS|TAMS 0x00000000eba00000, 0x00000000eba00000| Complete 
| 187|0x00000000ebb00000, 0x00000000ebc00000, 0x00000000ebc00000|100%| E|CS|TAMS 0x00000000ebb00000, 0x00000000ebb00000| Complete 
| 188|0x00000000ebc00000, 0x00000000ebd00000, 0x00000000ebd00000|100%| E|CS|TAMS 0x00000000ebc00000, 0x00000000ebc00000| Complete 
| 189|0x00000000ebd00000, 0x00000000ebe00000, 0x00000000ebe00000|100%| E|CS|TAMS 0x00000000ebd00000, 0x00000000ebd00000| Complete 
| 190|0x00000000ebe00000, 0x00000000ebf00000, 0x00000000ebf00000|100%| E|CS|TAMS 0x00000000ebe00000, 0x00000000ebe00000| Complete 
| 191|0x00000000ebf00000, 0x00000000ec000000, 0x00000000ec000000|100%| E|CS|TAMS 0x00000000ebf00000, 0x00000000ebf00000| Complete 
| 192|0x00000000ec000000, 0x00000000ec100000, 0x00000000ec100000|100%| E|CS|TAMS 0x00000000ec000000, 0x00000000ec000000| Complete 
| 193|0x00000000ec100000, 0x00000000ec200000, 0x00000000ec200000|100%| E|CS|TAMS 0x00000000ec100000, 0x00000000ec100000| Complete 
| 194|0x00000000ec200000, 0x00000000ec300000, 0x00000000ec300000|100%| E|CS|TAMS 0x00000000ec200000, 0x00000000ec200000| Complete 
| 195|0x00000000ec300000, 0x00000000ec400000, 0x00000000ec400000|100%| E|CS|TAMS 0x00000000ec300000, 0x00000000ec300000| Complete 
| 196|0x00000000ec400000, 0x00000000ec500000, 0x00000000ec500000|100%| E|CS|TAMS 0x00000000ec400000, 0x00000000ec400000| Complete 
| 197|0x00000000ec500000, 0x00000000ec600000, 0x00000000ec600000|100%| E|CS|TAMS 0x00000000ec500000, 0x00000000ec500000| Complete 
| 198|0x00000000ec600000, 0x00000000ec700000, 0x00000000ec700000|100%| E|CS|TAMS 0x00000000ec600000, 0x00000000ec600000| Complete 
| 199|0x00000000ec700000, 0x00000000ec800000, 0x00000000ec800000|100%| E|CS|TAMS 0x00000000ec700000, 0x00000000ec700000| Complete 
| 200|0x00000000ec800000, 0x00000000ec900000, 0x00000000ec900000|100%| E|CS|TAMS 0x00000000ec800000, 0x00000000ec800000| Complete 
| 201|0x00000000ec900000, 0x00000000eca00000, 0x00000000eca00000|100%| E|CS|TAMS 0x00000000ec900000, 0x00000000ec900000| Complete 
| 202|0x00000000eca00000, 0x00000000ecb00000, 0x00000000ecb00000|100%| E|CS|TAMS 0x00000000eca00000, 0x00000000eca00000| Complete 
| 203|0x00000000ecb00000, 0x00000000ecc00000, 0x00000000ecc00000|100%| E|CS|TAMS 0x00000000ecb00000, 0x00000000ecb00000| Complete 
| 204|0x00000000ecc00000, 0x00000000ecd00000, 0x00000000ecd00000|100%| E|CS|TAMS 0x00000000ecc00000, 0x00000000ecc00000| Complete 
| 205|0x00000000ecd00000, 0x00000000ece00000, 0x00000000ece00000|100%| E|CS|TAMS 0x00000000ecd00000, 0x00000000ecd00000| Complete 
| 206|0x00000000ece00000, 0x00000000ecf00000, 0x00000000ecf00000|100%| E|CS|TAMS 0x00000000ece00000, 0x00000000ece00000| Complete 
| 207|0x00000000ecf00000, 0x00000000ed000000, 0x00000000ed000000|100%| E|CS|TAMS 0x00000000ecf00000, 0x00000000ecf00000| Complete 
| 208|0x00000000ed000000, 0x00000000ed100000, 0x00000000ed100000|100%| E|CS|TAMS 0x00000000ed000000, 0x00000000ed000000| Complete 
| 209|0x00000000ed100000, 0x00000000ed200000, 0x00000000ed200000|100%| E|CS|TAMS 0x00000000ed100000, 0x00000000ed100000| Complete 
| 210|0x00000000ed200000, 0x00000000ed300000, 0x00000000ed300000|100%| E|CS|TAMS 0x00000000ed200000, 0x00000000ed200000| Complete 
| 211|0x00000000ed300000, 0x00000000ed400000, 0x00000000ed400000|100%| E|CS|TAMS 0x00000000ed300000, 0x00000000ed300000| Complete 
| 212|0x00000000ed400000, 0x00000000ed500000, 0x00000000ed500000|100%| E|CS|TAMS 0x00000000ed400000, 0x00000000ed400000| Complete 
| 213|0x00000000ed500000, 0x00000000ed600000, 0x00000000ed600000|100%| E|CS|TAMS 0x00000000ed500000, 0x00000000ed500000| Complete 
| 214|0x00000000ed600000, 0x00000000ed700000, 0x00000000ed700000|100%| E|CS|TAMS 0x00000000ed600000, 0x00000000ed600000| Complete 
| 215|0x00000000ed700000, 0x00000000ed800000, 0x00000000ed800000|100%| E|CS|TAMS 0x00000000ed700000, 0x00000000ed700000| Complete 
| 216|0x00000000ed800000, 0x00000000ed900000, 0x00000000ed900000|100%| E|CS|TAMS 0x00000000ed800000, 0x00000000ed800000| Complete 
| 217|0x00000000ed900000, 0x00000000eda00000, 0x00000000eda00000|100%| E|CS|TAMS 0x00000000ed900000, 0x00000000ed900000| Complete 
| 218|0x00000000eda00000, 0x00000000edb00000, 0x00000000edb00000|100%| E|CS|TAMS 0x00000000eda00000, 0x00000000eda00000| Complete 
| 219|0x00000000edb00000, 0x00000000edc00000, 0x00000000edc00000|100%| E|CS|TAMS 0x00000000edb00000, 0x00000000edb00000| Complete 
| 220|0x00000000edc00000, 0x00000000edd00000, 0x00000000edd00000|100%| E|CS|TAMS 0x00000000edc00000, 0x00000000edc00000| Complete 
| 221|0x00000000edd00000, 0x00000000ede00000, 0x00000000ede00000|100%| E|CS|TAMS 0x00000000edd00000, 0x00000000edd00000| Complete 
| 222|0x00000000ede00000, 0x00000000edf00000, 0x00000000edf00000|100%| E|CS|TAMS 0x00000000ede00000, 0x00000000ede00000| Complete 
| 223|0x00000000edf00000, 0x00000000ee000000, 0x00000000ee000000|100%| E|CS|TAMS 0x00000000edf00000, 0x00000000edf00000| Complete 
| 224|0x00000000ee000000, 0x00000000ee100000, 0x00000000ee100000|100%| E|CS|TAMS 0x00000000ee000000, 0x00000000ee000000| Complete 
| 225|0x00000000ee100000, 0x00000000ee200000, 0x00000000ee200000|100%| E|CS|TAMS 0x00000000ee100000, 0x00000000ee100000| Complete 
| 226|0x00000000ee200000, 0x00000000ee300000, 0x00000000ee300000|100%| E|CS|TAMS 0x00000000ee200000, 0x00000000ee200000| Complete 
| 227|0x00000000ee300000, 0x00000000ee33c1e0, 0x00000000ee400000| 23%| S|CS|TAMS 0x00000000ee300000, 0x00000000ee300000| Complete 
| 228|0x00000000ee400000, 0x00000000ee500000, 0x00000000ee500000|100%| S|CS|TAMS 0x00000000ee400000, 0x00000000ee400000| Complete 
| 229|0x00000000ee500000, 0x00000000ee600000, 0x00000000ee600000|100%| S|CS|TAMS 0x00000000ee500000, 0x00000000ee500000| Complete 
| 230|0x00000000ee600000, 0x00000000ee700000, 0x00000000ee700000|100%| S|CS|TAMS 0x00000000ee600000, 0x00000000ee600000| Complete 
| 231|0x00000000ee700000, 0x00000000ee800000, 0x00000000ee800000|100%| E|CS|TAMS 0x00000000ee700000, 0x00000000ee700000| Complete 
| 232|0x00000000ee800000, 0x00000000ee900000, 0x00000000ee900000|100%| E|CS|TAMS 0x00000000ee800000, 0x00000000ee800000| Complete 
| 233|0x00000000ee900000, 0x00000000eea00000, 0x00000000eea00000|100%| E|CS|TAMS 0x00000000ee900000, 0x00000000ee900000| Complete 
| 234|0x00000000eea00000, 0x00000000eeb00000, 0x00000000eeb00000|100%| E|CS|TAMS 0x00000000eea00000, 0x00000000eea00000| Complete 
| 235|0x00000000eeb00000, 0x00000000eec00000, 0x00000000eec00000|100%| E|CS|TAMS 0x00000000eeb00000, 0x00000000eeb00000| Complete 
| 236|0x00000000eec00000, 0x00000000eed00000, 0x00000000eed00000|100%| E|CS|TAMS 0x00000000eec00000, 0x00000000eec00000| Complete 
| 237|0x00000000eed00000, 0x00000000eee00000, 0x00000000eee00000|100%| E|CS|TAMS 0x00000000eed00000, 0x00000000eed00000| Complete 
| 238|0x00000000eee00000, 0x00000000eef00000, 0x00000000eef00000|100%| E|CS|TAMS 0x00000000eee00000, 0x00000000eee00000| Complete 
| 239|0x00000000eef00000, 0x00000000ef000000, 0x00000000ef000000|100%| E|CS|TAMS 0x00000000eef00000, 0x00000000eef00000| Complete 
| 240|0x00000000ef000000, 0x00000000ef100000, 0x00000000ef100000|100%| E|CS|TAMS 0x00000000ef000000, 0x00000000ef000000| Complete 
| 241|0x00000000ef100000, 0x00000000ef200000, 0x00000000ef200000|100%| E|CS|TAMS 0x00000000ef100000, 0x00000000ef100000| Complete 
| 242|0x00000000ef200000, 0x00000000ef300000, 0x00000000ef300000|100%| E|CS|TAMS 0x00000000ef200000, 0x00000000ef200000| Complete 
| 243|0x00000000ef300000, 0x00000000ef400000, 0x00000000ef400000|100%| E|CS|TAMS 0x00000000ef300000, 0x00000000ef300000| Complete 
| 244|0x00000000ef400000, 0x00000000ef500000, 0x00000000ef500000|100%| E|CS|TAMS 0x00000000ef400000, 0x00000000ef400000| Complete 
| 245|0x00000000ef500000, 0x00000000ef600000, 0x00000000ef600000|100%| E|CS|TAMS 0x00000000ef500000, 0x00000000ef500000| Complete 
| 246|0x00000000ef600000, 0x00000000ef700000, 0x00000000ef700000|100%| E|CS|TAMS 0x00000000ef600000, 0x00000000ef600000| Complete 
| 247|0x00000000ef700000, 0x00000000ef800000, 0x00000000ef800000|100%| E|CS|TAMS 0x00000000ef700000, 0x00000000ef700000| Complete 
| 248|0x00000000ef800000, 0x00000000ef900000, 0x00000000ef900000|100%| E|CS|TAMS 0x00000000ef800000, 0x00000000ef800000| Complete 
| 249|0x00000000ef900000, 0x00000000efa00000, 0x00000000efa00000|100%| E|CS|TAMS 0x00000000ef900000, 0x00000000ef900000| Complete 
| 250|0x00000000efa00000, 0x00000000efb00000, 0x00000000efb00000|100%| E|CS|TAMS 0x00000000efa00000, 0x00000000efa00000| Complete 
| 251|0x00000000efb00000, 0x00000000efc00000, 0x00000000efc00000|100%| E|CS|TAMS 0x00000000efb00000, 0x00000000efb00000| Complete 
| 252|0x00000000efc00000, 0x00000000efd00000, 0x00000000efd00000|100%| E|CS|TAMS 0x00000000efc00000, 0x00000000efc00000| Complete 
| 253|0x00000000efd00000, 0x00000000efe00000, 0x00000000efe00000|100%| E|CS|TAMS 0x00000000efd00000, 0x00000000efd00000| Complete 
| 254|0x00000000efe00000, 0x00000000eff00000, 0x00000000eff00000|100%| E|CS|TAMS 0x00000000efe00000, 0x00000000efe00000| Complete 
| 255|0x00000000eff00000, 0x00000000f0000000, 0x00000000f0000000|100%| E|CS|TAMS 0x00000000eff00000, 0x00000000eff00000| Complete 

Card table byte_map: [0x000001edc1100000,0x000001edc1200000] _byte_map_base: 0x000001edc0a00000

Marking Bits (Prev, Next): (CMBitMap*) 0x000001eda7a87808, (CMBitMap*) 0x000001eda7a87848
 Prev Bits: [0x000001edc1300000, 0x000001edc1b00000)
 Next Bits: [0x000001edc1b00000, 0x000001edc2300000)

Polling page: 0x000001eda7b30000

Metaspace:

Usage:
  Non-class:     16.06 MB capacity,    15.59 MB ( 97%) used,   429.77 KB (  3%) free+waste,    44.25 KB ( <1%) overhead. 
      Class:      2.96 MB capacity,     2.76 MB ( 93%) used,   184.77 KB (  6%) free+waste,    24.75 KB ( <1%) overhead. 
       Both:     19.02 MB capacity,    18.35 MB ( 96%) used,   614.53 KB (  3%) free+waste,    69.00 KB ( <1%) overhead. 

Virtual space:
  Non-class space:       18.00 MB reserved,      16.25 MB ( 90%) committed 
      Class space:      248.00 MB reserved,       3.00 MB (  1%) committed 
             Both:      266.00 MB reserved,      19.25 MB (  7%) committed 

Chunk freelists:
   Non-Class:  5.00 KB
       Class:  7.00 KB
        Both:  12.00 KB

MaxMetaspaceSize: 256.00 MB
CompressedClassSpaceSize: 248.00 MB

CodeHeap 'non-profiled nmethods': size=120000Kb used=1287Kb max_used=1287Kb free=118712Kb
 bounds [0x000001edb94a0000, 0x000001edb9710000, 0x000001edc09d0000]
CodeHeap 'profiled nmethods': size=120000Kb used=4980Kb max_used=4980Kb free=115019Kb
 bounds [0x000001edb1f70000, 0x000001edb2450000, 0x000001edb94a0000]
CodeHeap 'non-nmethods': size=5760Kb used=1243Kb max_used=1301Kb free=4517Kb
 bounds [0x000001edb19d0000, 0x000001edb1c40000, 0x000001edb1f70000]
 total_blobs=3600 nmethods=2273 adapters=427
 compilation: enabled
              stopped_count=0, restarted_count=0
 full_count=0

Compilation events (20 events):
Event: 12.936 Thread 0x000001edc4933000 2266       3       org.objectweb.asm.ByteVector::putInt (74 bytes)
Event: 12.937 Thread 0x000001edc4933000 nmethod 2266 0x000001edb2448610 code [0x000001edb24487c0, 0x000001edb2448a28]
Event: 12.937 Thread 0x000001edc4933000 2265       3       org.objectweb.asm.MethodWriter::visitAbstractType (8 bytes)
Event: 12.938 Thread 0x000001edc4933000 nmethod 2265 0x000001edb2448b90 code [0x000001edb2448d20, 0x000001edb2448e78]
Event: 12.939 Thread 0x000001edc4933000 2267       3       org.objectweb.asm.Frame::getLocal (46 bytes)
Event: 12.940 Thread 0x000001edc4933000 nmethod 2267 0x000001edb2448f90 code [0x000001edb2449120, 0x000001edb2449338]
Event: 12.961 Thread 0x000001edc4933000 2268       3       java.lang.ThreadLocal$ThreadLocalMap::nextIndex (15 bytes)
Event: 12.962 Thread 0x000001edc4933000 nmethod 2268 0x000001edb2449410 code [0x000001edb24495a0, 0x000001edb24496d8]
Event: 12.966 Thread 0x000001edc4933000 2269       3       com.google.common.cache.LocalCache::expiresAfterAccess (15 bytes)
Event: 12.967 Thread 0x000001edc4933000 nmethod 2269 0x000001edb2449790 code [0x000001edb2449920, 0x000001edb2449ab8]
Event: 12.971 Thread 0x000001edc4933000 2271       3       com.google.common.cache.LongAdder::<init> (5 bytes)
Event: 12.972 Thread 0x000001edc4933000 nmethod 2271 0x000001edb2449b90 code [0x000001edb2449d40, 0x000001edb2449f78]
Event: 12.972 Thread 0x000001edc4933000 2270       1       com.google.common.cache.CacheBuilder::getStatsCounterSupplier (5 bytes)
Event: 12.972 Thread 0x000001edc4933000 nmethod 2270 0x000001edb95d7390 code [0x000001edb95d7520, 0x000001edb95d75f8]
Event: 13.001 Thread 0x000001edc4933000 2272       3       jdk.internal.org.objectweb.asm.Type::getDescriptor (90 bytes)
Event: 13.001 Thread 0x000001edc4925800 nmethod 2193 0x000001edb95d7690 code [0x000001edb95d80c0, 0x000001edb95dcee8]
Event: 13.005 Thread 0x000001edc4925800 2256       4       java.util.ArrayList$Itr::next (66 bytes)
Event: 13.007 Thread 0x000001edc4933000 nmethod 2272 0x000001edb244a090 code [0x000001edb244a300, 0x000001edb244ac78]
Event: 13.009 Thread 0x000001edc4925800 nmethod 2256 0x000001edb95e0290 code [0x000001edb95e0460, 0x000001edb95e0638]
Event: 13.038 Thread 0x000001edc4925800 2273       4       java.net.URLClassLoader$1::run (5 bytes)

GC Heap History (6 events):
Event: 1.872 GC heap before
{Heap before GC invocations=0 (full 0):
 garbage-first heap   total 262144K, used 18432K [0x00000000e0000000, 0x0000000100000000)
  region size 1024K, 13 young (13312K), 0 survivors (0K)
 Metaspace       used 1442K, capacity 5051K, committed 5120K, reserved 262144K
  class space    used 137K, capacity 512K, committed 512K, reserved 253952K
}
Event: 1.907 GC heap after
{Heap after GC invocations=1 (full 0):
 garbage-first heap   total 262144K, used 7888K [0x00000000e0000000, 0x0000000100000000)
  region size 1024K, 2 young (2048K), 2 survivors (2048K)
 Metaspace       used 1442K, capacity 5051K, committed 5120K, reserved 262144K
  class space    used 137K, capacity 512K, committed 512K, reserved 253952K
}
Event: 4.007 GC heap before
{Heap before GC invocations=1 (full 0):
 garbage-first heap   total 262144K, used 21200K [0x00000000e0000000, 0x0000000100000000)
  region size 1024K, 15 young (15360K), 2 survivors (2048K)
 Metaspace       used 4036K, capacity 6750K, committed 7040K, reserved 262144K
  class space    used 515K, capacity 803K, committed 896K, reserved 253952K
}
Event: 4.012 GC heap after
{Heap after GC invocations=2 (full 0):
 garbage-first heap   total 262144K, used 9191K [0x00000000e0000000, 0x0000000100000000)
  region size 1024K, 2 young (2048K), 2 survivors (2048K)
 Metaspace       used 4036K, capacity 6750K, committed 7040K, reserved 262144K
  class space    used 515K, capacity 803K, committed 896K, reserved 253952K
}
Event: 4.799 GC heap before
{Heap before GC invocations=2 (full 0):
 garbage-first heap   total 262144K, used 31719K [0x00000000e0000000, 0x0000000100000000)
  region size 1024K, 25 young (25600K), 2 survivors (2048K)
 Metaspace       used 4137K, capacity 6750K, committed 7040K, reserved 262144K
  class space    used 515K, capacity 803K, committed 896K, reserved 253952K
}
Event: 4.804 GC heap after
{Heap after GC invocations=3 (full 0):
 garbage-first heap   total 262144K, used 11463K [0x00000000e0000000, 0x0000000100000000)
  region size 1024K, 4 young (4096K), 4 survivors (4096K)
 Metaspace       used 4137K, capacity 6750K, committed 7040K, reserved 262144K
  class space    used 515K, capacity 803K, committed 896K, reserved 253952K
}

Deoptimization events (20 events):
Event: 12.067 Thread 0x000001edc6088000 DEOPT PACKING pc=0x000001edb95b90bc sp=0x000000ecf11f3590
Event: 12.067 Thread 0x000001edc6088000 DEOPT UNPACKING pc=0x000001edb1a1942f sp=0x000000ecf11f35f0 mode 2
Event: 12.303 Thread 0x000001edc6088000 Uncommon trap: trap_request=0xffffff45 fr.pc=0x000001edb94e9a0c relative=0x00000000000004ec
Event: 12.303 Thread 0x000001edc6088000 Uncommon trap: reason=unstable_if action=reinterpret pc=0x000001edb94e9a0c method=java.util.HashMap.hash(Ljava/lang/Object;)I @ 1 c2
Event: 12.304 Thread 0x000001edc6088000 DEOPT PACKING pc=0x000001edb94e9a0c sp=0x000000ecf11f8860
Event: 12.304 Thread 0x000001edc6088000 DEOPT UNPACKING pc=0x000001edb1a1942f sp=0x000000ecf11f87a8 mode 2
Event: 12.505 Thread 0x000001edc6088000 Uncommon trap: trap_request=0xffffff45 fr.pc=0x000001edb958f7bc relative=0x000000000000009c
Event: 12.505 Thread 0x000001edc6088000 Uncommon trap: reason=unstable_if action=reinterpret pc=0x000001edb958f7bc method=java.util.HashMap.hash(Ljava/lang/Object;)I @ 1 c2
Event: 12.505 Thread 0x000001edc6088000 DEOPT PACKING pc=0x000001edb958f7bc sp=0x000000ecf11f81d0
Event: 12.505 Thread 0x000001edc6088000 DEOPT UNPACKING pc=0x000001edb1a1942f sp=0x000000ecf11f8168 mode 2
Event: 12.878 Thread 0x000001edc6088000 DEOPT PACKING pc=0x000001edb2354fcc sp=0x000000ecf11f9ff0
Event: 12.878 Thread 0x000001edc6088000 DEOPT UNPACKING pc=0x000001edb1a1994e sp=0x000000ecf11f9550 mode 0
Event: 12.880 Thread 0x000001edc6088000 DEOPT PACKING pc=0x000001edb23552c4 sp=0x000000ecf11fa540
Event: 12.880 Thread 0x000001edc6088000 DEOPT UNPACKING pc=0x000001edb1a1994e sp=0x000000ecf11f9aa0 mode 0
Event: 12.908 Thread 0x000001edc6088000 DEOPT PACKING pc=0x000001edb23552c4 sp=0x000000ecf11faa00
Event: 12.908 Thread 0x000001edc6088000 DEOPT UNPACKING pc=0x000001edb1a1994e sp=0x000000ecf11f9f60 mode 0
Event: 12.911 Thread 0x000001edc6088000 DEOPT PACKING pc=0x000001edb23552c4 sp=0x000000ecf11faec0
Event: 12.911 Thread 0x000001edc6088000 DEOPT UNPACKING pc=0x000001edb1a1994e sp=0x000000ecf11fa420 mode 0
Event: 12.912 Thread 0x000001edc6088000 DEOPT PACKING pc=0x000001edb23552c4 sp=0x000000ecf11fb380
Event: 12.912 Thread 0x000001edc6088000 DEOPT UNPACKING pc=0x000001edb1a1994e sp=0x000000ecf11fa8f0 mode 0

Classes unloaded (0 events):
No events

Classes redefined (0 events):
No events

Internal exceptions (20 events):
Event: 8.506 Thread 0x000001edc6088000 Exception <a 'java/lang/NoSuchMethodError'{0x00000000eb9fcc20}: 'void java.lang.invoke.DirectMethodHandle$Holder.invokeSpecial(java.lang.Object, java.lang.Object)'> (0x00000000eb9fcc20) 
thrown [./open/src/hotspot/share/interpreter/linkResolver.cpp, line 766]
Event: 8.919 Thread 0x000001edc6088000 Exception <a 'java/lang/NoSuchMethodError'{0x00000000eac77720}: 'java.lang.Object java.lang.invoke.DirectMethodHandle$Holder.invokeVirtual(java.lang.Object, java.lang.Object, java.lang.Object, java.lang.Object)'> (0x00000000eac77720) 
thrown [./open/src/hotspot/share/interpreter/linkResolver.cpp, line 766]
Event: 9.039 Thread 0x000001edc6088000 Exception <a 'java/lang/NoSuchMethodError'{0x00000000ea82bac0}: 'java.lang.Object java.lang.invoke.Invokers$Holder.invoker(java.lang.Object, java.lang.Object, java.lang.Object, java.lang.Object, java.lang.Object)'> (0x00000000ea82bac0) 
thrown [./open/src/hotspot/share/interpreter/linkResolver.cpp, line 766]
Event: 9.393 Thread 0x000001edc6088000 Exception <a 'java/lang/NoSuchMethodError'{0x00000000ea41f240}: 'void java.lang.invoke.DirectMethodHandle$Holder.invokeSpecial(java.lang.Object, java.lang.Object, java.lang.Object, java.lang.Object, java.lang.Object, java.lang.Object)'> (0x00000000ea41f240) 
thrown [./open/src/hotspot/share/interpreter/linkResolver.cpp, line 766]
Event: 9.436 Thread 0x000001edc6088000 Exception <a 'java/lang/NoSuchMethodError'{0x00000000ea4812b8}: 'void java.lang.invoke.DirectMethodHandle$Holder.invokeSpecial(java.lang.Object, java.lang.Object, java.lang.Object, java.lang.Object, java.lang.Object, java.lang.Object, java.lang.Object)'> (0x00000000ea4812b8) 
thrown [./open/src/hotspot/share/interpreter/linkResolver.cpp, line 766]
Event: 9.438 Thread 0x000001edc6088000 Exception <a 'java/lang/NoSuchMethodError'{0x00000000ea488d20}: 'java.lang.Object java.lang.invoke.Invokers$Holder.linkToTargetMethod(java.lang.Object, java.lang.Object, java.lang.Object, java.lang.Object, java.lang.Object, java.lang.Object)'> (0x00000000ea488d20) 
thrown [./open/src/hotspot/share/interpreter/linkResolver.cpp, line 766]
Event: 9.596 Thread 0x000001edc6088000 Exception <a 'java/lang/NoSuchMethodError'{0x00000000e9f44d38}: 'java.lang.Object java.lang.invoke.Invokers$Holder.invoker(java.lang.Object, java.lang.Object, java.lang.Object)'> (0x00000000e9f44d38) 
thrown [./open/src/hotspot/share/interpreter/linkResolver.cpp, line 766]
Event: 10.306 Thread 0x000001edc6088000 Exception <a 'java/lang/NoSuchMethodError'{0x00000000e9771860}: 'void java.lang.invoke.DirectMethodHandle$Holder.invokeStaticInit(java.lang.Object, java.lang.Object)'> (0x00000000e9771860) 
thrown [./open/src/hotspot/share/interpreter/linkResolver.cpp, line 766]
Event: 10.823 Thread 0x000001edc6088000 Implicit null exception at 0x000001edb95ae5a4 to 0x000001edb95b1b10
Event: 11.329 Thread 0x000001edc6088000 Exception <a 'java/lang/NoSuchMethodError'{0x00000000e9176c20}: 'java.lang.Object java.lang.invoke.DirectMethodHandle$Holder.invokeStatic(java.lang.Object, java.lang.Object, java.lang.Object, int, java.lang.Object, java.lang.Object)'> (0x00000000e9176c20) 
thrown [./open/src/hotspot/share/interpreter/linkResolver.cpp, line 766]
Event: 11.336 Thread 0x000001edc6088000 Exception <a 'java/lang/NoSuchMethodError'{0x00000000e917d510}: 'java.lang.Object java.lang.invoke.Invokers$Holder.linkToTargetMethod(java.lang.Object, java.lang.Object, int, java.lang.Object, java.lang.Object, java.lang.Object)'> (0x00000000e917d510) 
thrown [./open/src/hotspot/share/interpreter/linkResolver.cpp, line 766]
Event: 11.496 Thread 0x000001edc6088000 Exception <a 'java/lang/NoSuchMethodError'{0x00000000e8f311c0}: 'void java.lang.invoke.DirectMethodHandle$Holder.invokeSpecial(java.lang.Object, java.lang.Object, java.lang.Object, java.lang.Object)'> (0x00000000e8f311c0) 
thrown [./open/src/hotspot/share/interpreter/linkResolver.cpp, line 766]
Event: 12.303 Thread 0x000001edc6088000 Implicit null exception at 0x000001edb94e9565 to 0x000001edb94e99f8
Event: 12.505 Thread 0x000001edc6088000 Implicit null exception at 0x000001edb958f72f to 0x000001edb958f7ad
Event: 13.000 Thread 0x000001edc6088000 Exception <a 'java/lang/NoSuchMethodError'{0x00000000e8446300}: 'java.lang.Object java.lang.invoke.DirectMethodHandle$Holder.invokeSpecialIFC(java.lang.Object, java.lang.Object, java.lang.Object, java.lang.Object)'> (0x00000000e8446300) 
thrown [./open/src/hotspot/share/interpreter/linkResolver.cpp, line 766]
Event: 13.053 Thread 0x000001edc6088000 Exception <a 'java/lang/NoSuchMethodError'{0x00000000e832a9c0}: 'java.lang.Object java.lang.invoke.DirectMethodHandle$Holder.invokeSpecial(java.lang.Object, java.lang.Object, java.lang.Object, java.lang.Object, java.lang.Object, java.lang.Object, java.lang.Object, java.lang.Object, java.lang.Object, java.lang.Object, java.lang.Object, java.lang.Object, java.lang.Object)'> (0x00000000e832a9c0) 
thrown [./open/src/hotspot/share/interpreter/linkResolver.cpp, line 766]
Event: 13.057 Thread 0x000001edc6088000 Exception <a 'java/lang/NoSuchMethodError'{0x00000000e833b4b8}: 'java.lang.Object java.lang.invoke.DirectMethodHandle$Holder.invokeSpecial(java.lang.Object, java.lang.Object, java.lang.Object, java.lang.Object, java.lang.Object, java.lang.Object, java.lang.Object, java.lang.Object, java.lang.Object, java.lang.Object, java.lang.Object, java.lang.Object)'> (0x00000000e833b4b8) 
thrown [./open/src/hotspot/share/interpreter/linkResolver.cpp, line 766]
Event: 13.059 Thread 0x000001edc6088000 Exception <a 'java/lang/NoSuchMethodError'{0x00000000e833fda8}: 'java.lang.Object java.lang.invoke.Invokers$Holder.linkToTargetMethod(java.lang.Object, java.lang.Object, java.lang.Object, java.lang.Object, java.lang.Object, java.lang.Object, java.lang.Object, java.lang.Object, java.lang.Object, java.lang.Object, java.lang.Object)'> (0x00000000e833fda8) 
thrown [./open/src/hotspot/share/interpreter/linkResolver.cpp, line 766]
Event: 13.138 Thread 0x000001edc6088000 Exception <a 'java/lang/NoSuchMethodError'{0x00000000e8274bd8}: 'java.lang.Object java.lang.invoke.DirectMethodHandle$Holder.invokeSpecial(java.lang.Object, java.lang.Object, java.lang.Object, java.lang.Object, java.lang.Object, java.lang.Object, java.lang.Object, java.lang.Object, java.lang.Object, java.lang.Object, java.lang.Object, java.lang.Object, java.lang.Object, java.lang.Object)'> (0x00000000e8274bd8) 
thrown [./open/src/hotspot/share/interpreter/linkResolver.cpp, line 766]
Event: 13.148 Thread 0x000001edc6088000 Exception <a 'java/lang/NoSuchMethodError'{0x00000000e8285ca0}: 'java.lang.Object java.lang.invoke.Invokers$Holder.linkToTargetMethod(java.lang.Object, java.lang.Object, java.lang.Object, java.lang.Object, java.lang.Object, java.lang.Object, java.lang.Object, java.lang.Object, java.lang.Object, java.lang.Object, java.lang.Object, java.lang.Object)'> (0x00000000e8285ca0) 
thrown [./open/src/hotspot/share/interpreter/linkResolver.cpp, line 766]

Events (20 events):
Event: 10.597 Thread 0x000001edc6a8e000 Thread added: 0x000001edc6a8e000
Event: 11.112 loading class java/util/concurrent/TimeoutException
Event: 11.112 loading class java/util/concurrent/TimeoutException done
Event: 11.113 loading class java/util/concurrent/CancellationException
Event: 11.113 loading class java/util/concurrent/CancellationException done
Event: 11.140 loading class java/util/ServiceConfigurationError
Event: 11.141 loading class java/util/ServiceConfigurationError done
Event: 11.905 loading class sun/reflect/generics/scope/ConstructorScope
Event: 11.905 loading class sun/reflect/generics/scope/ConstructorScope done
Event: 12.264 loading class java/lang/Class$EnclosingMethodInfo
Event: 12.265 loading class java/lang/Class$EnclosingMethodInfo done
Event: 12.441 loading class sun/reflect/generics/tree/IntSignature
Event: 12.441 loading class sun/reflect/generics/tree/IntSignature done
Event: 12.442 loading class sun/reflect/generics/tree/ArrayTypeSignature
Event: 12.442 loading class sun/reflect/generics/tree/ArrayTypeSignature done
Event: 12.449 Executing VM operation: HandshakeAllThreads
Event: 12.449 Executing VM operation: HandshakeAllThreads done
Event: 12.870 Executing VM operation: HandshakeAllThreads
Event: 12.871 Executing VM operation: HandshakeAllThreads done
Event: 12.966 Thread 0x000001edc6a8a800 Thread added: 0x000001edc6a8a800


Dynamic libraries:
0x00007ff7cccd0000 - 0x00007ff7cccdf000 	C:\Program Files\Java\jdk-14.0.1\bin\java.exe
0x00007ffc310b0000 - 0x00007ffc31291000 	C:\WINDOWS\SYSTEM32\ntdll.dll
0x00007ffc2ee00000 - 0x00007ffc2eeb2000 	C:\WINDOWS\System32\KERNEL32.DLL
0x00007ffc2d8b0000 - 0x00007ffc2db23000 	C:\WINDOWS\System32\KERNELBASE.dll
0x00007ffc2d6a0000 - 0x00007ffc2d79a000 	C:\WINDOWS\System32\ucrtbase.dll
0x00007ffc297a0000 - 0x00007ffc297b8000 	C:\Program Files\Java\jdk-14.0.1\bin\jli.dll
0x00007ffc2ece0000 - 0x00007ffc2ed81000 	C:\WINDOWS\System32\ADVAPI32.dll
0x00007ffc2e7b0000 - 0x00007ffc2e84e000 	C:\WINDOWS\System32\msvcrt.dll
0x00007ffc29520000 - 0x00007ffc29535000 	C:\Program Files\Java\jdk-14.0.1\bin\VCRUNTIME140.dll
0x00007ffc2f130000 - 0x00007ffc2f18b000 	C:\WINDOWS\System32\sechost.dll
0x00007ffc307e0000 - 0x00007ffc30904000 	C:\WINDOWS\System32\RPCRT4.dll
0x00007ffc2eec0000 - 0x00007ffc2f050000 	C:\WINDOWS\System32\USER32.dll
0x00007ffc1ec50000 - 0x00007ffc1eeb9000 	C:\WINDOWS\WinSxS\amd64_microsoft.windows.common-controls_6595b64144ccf1df_6.0.17134.1_none_e4da93291059d8fb\COMCTL32.dll
0x00007ffc2e520000 - 0x00007ffc2e540000 	C:\WINDOWS\System32\win32u.dll
0x00007ffc2e9b0000 - 0x00007ffc2ecd3000 	C:\WINDOWS\System32\combase.dll
0x00007ffc2f100000 - 0x00007ffc2f128000 	C:\WINDOWS\System32\GDI32.dll
0x00007ffc2d480000 - 0x00007ffc2d612000 	C:\WINDOWS\System32\gdi32full.dll
0x00007ffc2d620000 - 0x00007ffc2d69a000 	C:\WINDOWS\System32\bcryptPrimitives.dll
0x00007ffc2db30000 - 0x00007ffc2dbcf000 	C:\WINDOWS\System32\msvcp_win.dll
0x00007ffc277f0000 - 0x00007ffc277fa000 	C:\WINDOWS\SYSTEM32\VERSION.dll
0x00007ffc30de0000 - 0x00007ffc30e0d000 	C:\WINDOWS\System32\IMM32.DLL
0x00007ffc145e0000 - 0x00007ffc1467b000 	C:\Program Files\Java\jdk-14.0.1\bin\msvcp140.dll
0x00007ffbf8790000 - 0x00007ffbf92ae000 	C:\Program Files\Java\jdk-14.0.1\bin\server\jvm.dll
0x00007ffc2edf0000 - 0x00007ffc2edf8000 	C:\WINDOWS\System32\PSAPI.DLL
0x00007ffc16510000 - 0x00007ffc16519000 	C:\WINDOWS\SYSTEM32\WSOCK32.dll
0x00007ffc2f050000 - 0x00007ffc2f0bc000 	C:\WINDOWS\System32\WS2_32.dll
0x00007ffc2a820000 - 0x00007ffc2a843000 	C:\WINDOWS\SYSTEM32\WINMM.dll
0x00007ffc2a650000 - 0x00007ffc2a67a000 	C:\WINDOWS\SYSTEM32\WINMMBASE.dll
0x00007ffc2e4d0000 - 0x00007ffc2e519000 	C:\WINDOWS\System32\cfgmgr32.dll
0x00007ffc2d430000 - 0x00007ffc2d441000 	C:\WINDOWS\System32\kernel.appcore.dll
0x00007ffc2b2b0000 - 0x00007ffc2b2ba000 	C:\Program Files\Java\jdk-14.0.1\bin\jimage.dll
0x00007ffc2cea0000 - 0x00007ffc2d069000 	C:\WINDOWS\SYSTEM32\DBGHELP.DLL
0x00007ffc2cbb0000 - 0x00007ffc2cbd9000 	C:\WINDOWS\SYSTEM32\dbgcore.DLL
0x00007ffc283d0000 - 0x00007ffc283f5000 	C:\Program Files\Java\jdk-14.0.1\bin\java.dll
0x00007ffc294c0000 - 0x00007ffc294d6000 	C:\Program Files\Java\jdk-14.0.1\bin\zip.dll
0x00007ffc2f340000 - 0x00007ffc30780000 	C:\WINDOWS\System32\SHELL32.dll
0x00007ffc2f230000 - 0x00007ffc2f2d9000 	C:\WINDOWS\System32\shcore.dll
0x00007ffc2ddc0000 - 0x00007ffc2e4cd000 	C:\WINDOWS\System32\windows.storage.dll
0x00007ffc30780000 - 0x00007ffc307d1000 	C:\WINDOWS\System32\shlwapi.dll
0x00007ffc2d450000 - 0x00007ffc2d46f000 	C:\WINDOWS\System32\profapi.dll
0x00007ffc2d3e0000 - 0x00007ffc2d42c000 	C:\WINDOWS\System32\powrprof.dll
0x00007ffc2d470000 - 0x00007ffc2d47a000 	C:\WINDOWS\System32\FLTLIB.DLL
0x00007ffc29140000 - 0x00007ffc29159000 	C:\Program Files\Java\jdk-14.0.1\bin\net.dll
0x00007ffc21d80000 - 0x00007ffc21e5d000 	C:\WINDOWS\SYSTEM32\WINHTTP.dll
0x00007ffc2c830000 - 0x00007ffc2c896000 	C:\WINDOWS\system32\mswsock.dll
0x00007ffc264e0000 - 0x00007ffc264f2000 	C:\Program Files\Java\jdk-14.0.1\bin\nio.dll
0x00007ffc2b240000 - 0x00007ffc2b250000 	C:\Program Files\Java\jdk-14.0.1\bin\verify.dll
0x00007ffc27060000 - 0x00007ffc27086000 	C:\Users\padalka_iv\.gradle\native\fdc75f09e3144964f2cf3f50f0aa648679c211496f362492102eb8c894070792\windows-amd64\native-platform.dll
0x00007ffc13f20000 - 0x00007ffc140b1000 	C:\Users\padalka_iv\.gradle\native\12488b8bf47d2d4c9fbf2f6322a914ad602e24e48041cd04a747c6da556b65c4\windows-amd64\native-platform-file-events.dll
0x00007ffc2b190000 - 0x00007ffc2b199000 	C:\Program Files\Java\jdk-14.0.1\bin\management.dll
0x00007ffc29400000 - 0x00007ffc2940b000 	C:\Program Files\Java\jdk-14.0.1\bin\management_ext.dll
0x00007ffc2ce70000 - 0x00007ffc2ce87000 	C:\WINDOWS\SYSTEM32\CRYPTSP.dll
0x00007ffc2c420000 - 0x00007ffc2c453000 	C:\WINDOWS\system32\rsaenh.dll
0x00007ffc2cbf0000 - 0x00007ffc2cc15000 	C:\WINDOWS\SYSTEM32\bcrypt.dll
0x00007ffc2d2c0000 - 0x00007ffc2d2e8000 	C:\WINDOWS\SYSTEM32\USERENV.dll
0x00007ffc2c990000 - 0x00007ffc2c99b000 	C:\WINDOWS\SYSTEM32\CRYPTBASE.dll
0x00007ffc2c5c0000 - 0x00007ffc2c5f8000 	C:\WINDOWS\SYSTEM32\IPHLPAPI.DLL
0x00007ffc2f0c0000 - 0x00007ffc2f0c8000 	C:\WINDOWS\System32\NSI.dll
0x00007ffc261d0000 - 0x00007ffc261e6000 	C:\WINDOWS\SYSTEM32\dhcpcsvc6.DLL
0x00007ffc260e0000 - 0x00007ffc260fa000 	C:\WINDOWS\SYSTEM32\dhcpcsvc.DLL
0x00007ffc26700000 - 0x00007ffc2670b000 	C:\WINDOWS\SYSTEM32\WINNSI.DLL

dbghelp: loaded successfully - version: 4.0.5 - missing functions: none
symbol engine: initialized successfully - sym options: 0x614 - pdb path: .;C:\Program Files\Java\jdk-14.0.1\bin;C:\WINDOWS\SYSTEM32;C:\WINDOWS\WinSxS\amd64_microsoft.windows.common-controls_6595b64144ccf1df_6.0.17134.1_none_e4da93291059d8fb;C:\Program Files\Java\jdk-14.0.1\bin\server;C:\Users\padalka_iv\.gradle\native\fdc75f09e3144964f2cf3f50f0aa648679c211496f362492102eb8c894070792\windows-amd64;C:\Users\padalka_iv\.gradle\native\12488b8bf47d2d4c9fbf2f6322a914ad602e24e48041cd04a747c6da556b65c4\windows-amd64

VM Arguments:
jvm_args: --add-opens=java.base/java.util=ALL-UNNAMED --add-opens=java.base/java.lang=ALL-UNNAMED --add-opens=java.base/java.lang.invoke=ALL-UNNAMED --add-opens=java.prefs/java.util.prefs=ALL-UNNAMED -XX:MaxMetaspaceSize=256m -XX:+HeapDumpOnOutOfMemoryError -Xms256m -Xmx512m -Dfile.encoding=windows-1252 -Duser.country=RU -Duser.language=ru -Duser.variant 
java_command: org.gradle.launcher.daemon.bootstrap.GradleDaemon 6.8
java_class_path (initial): C:\Users\padalka_iv\.gradle\wrapper\dists\gradle-6.8-bin\1jblhjyydfkclfzx1agp92nyl\gradle-6.8\lib\gradle-launcher-6.8.jar
Launcher Type: SUN_STANDARD

[Global flags]
     intx CICompilerCount                          = 3                                         {product} {ergonomic}
   size_t CompressedClassSpaceSize                 = 260046848                                 {product} {ergonomic}
     uint ConcGCThreads                            = 1                                         {product} {ergonomic}
     uint G1ConcRefinementThreads                  = 4                                         {product} {ergonomic}
   size_t G1HeapRegionSize                         = 1048576                                   {product} {ergonomic}
    uintx GCDrainStackTargetSize                   = 64                                        {product} {ergonomic}
     bool HeapDumpOnOutOfMemoryError               = true                                   {manageable} {command line}
   size_t InitialHeapSize                          = 268435456                                 {product} {command line}
   size_t MarkStackSize                            = 4194304                                   {product} {ergonomic}
   size_t MaxHeapSize                              = 536870912                                 {product} {command line}
   size_t MaxMetaspaceSize                         = 268435456                                 {product} {command line}
   size_t MaxNewSize                               = 321912832                                 {product} {ergonomic}
   size_t MinHeapDeltaBytes                        = 1048576                                   {product} {ergonomic}
   size_t MinHeapSize                              = 268435456                                 {product} {command line}
    uintx NonNMethodCodeHeapSize                   = 5832780                                {pd product} {ergonomic}
    uintx NonProfiledCodeHeapSize                  = 122912730                              {pd product} {ergonomic}
    uintx ProfiledCodeHeapSize                     = 122912730                              {pd product} {ergonomic}
    uintx ReservedCodeCacheSize                    = 251658240                              {pd product} {ergonomic}
     bool SegmentedCodeCache                       = true                                      {product} {ergonomic}
   size_t SoftMaxHeapSize                          = 536870912                              {manageable} {ergonomic}
     bool UseCompressedClassPointers               = true                                 {lp64_product} {ergonomic}
     bool UseCompressedOops                        = true                                 {lp64_product} {ergonomic}
     bool UseG1GC                                  = true                                      {product} {ergonomic}
     bool UseLargePagesIndividualAllocation        = false                                  {pd product} {ergonomic}

Logging:
Log output configuration:
 #0: stdout all=warning uptime,level,tags
 #1: stderr all=off uptime,level,tags

Environment Variables:
JAVA_HOME=C:\Program Files\Java\jdk1.8.0_181
PATH=C:\Program Files\Common Files\Oracle\Java\javapath;C:\Program Files (x86)\Common Files\Oracle\Java\javapath;C:\WINDOWS\system32;C:\WINDOWS;C:\WINDOWS\System32\Wbem;C:\WINDOWS\System32\WindowsPowerShell\v1.0\;C:\WINDOWS\System32\OpenSSH\;C:\Program Files\Java\jdk1.8.0_181\bin;C:\Program Files (x86)\ATI Technologies\ATI.ACE\Core-Static;C:\Program Files\Microsoft SQL Server\130\Tools\Binn\;C:\Program Files (x86)\Windows Live\Shared;H:\Matlab Installed\runtime\win64;H:\Matlab Installed\bin;C:\Program Files\Git\cmd;C:\Program Files\nodejs\;C:\Users\padalka_iv\AppData\Local\Programs\Python\Python37-32\Scripts\;C:\Users\padalka_iv\AppData\Local\Programs\Python\Python37-32\;C:\Users\padalka_iv\AppData\Local\Microsoft\WindowsApps;C:\Users\padalka_iv\AppData\Local\Microsoft\WindowsApps;C:\Program Files\heroku\bin;C:\Users\padalka_iv\AppData\Roaming\npm;C:\Users\padalka_iv\AppData\Local\GitHubDesktop\bin
USERNAME=padalka_iv
OS=Windows_NT
PROCESSOR_IDENTIFIER=AMD64 Family 22 Model 48 Stepping 1, AuthenticAMD



---------------  S Y S T E M  ---------------

OS: Windows 10 , 64 bit Build 17134 (10.0.17134.1)
OS uptime: 6 days 19:05 hours
HyperV virtualization detected

CPU:total 4 (initial active 4) (4 cores per cpu, 1 threads per core) family 22 model 48 stepping 1, cmov, cx8, fxsr, mmx, sse, sse2, sse3, ssse3, sse4.1, sse4.2, popcnt, avx, aes, clmul, mmxext, 3dnowpref, lzcnt, sse4a, tsc, tscinvbit, tscinv, bmi1

Memory: 4k page, system-wide physical 7132M (1807M free)
TotalPageFile size 15132M (AvailPageFile size 4M)
current process WorkingSet (physical memory assigned to process): 243M, peak: 244M
current process commit charge ("private bytes"): 418M, peak: 424M

vm_info: Java HotSpot(TM) 64-Bit Server VM (14.0.1+7) for windows-amd64 JRE (14.0.1+7), built on Mar  5 2020 10:30:14 by "mach5one" with MS VC++ 15.9 (VS2017)

END.
