#
# There is insufficient memory for the Java Runtime Environment to continue.
# Native memory allocation (malloc) failed to allocate 32744 bytes for ChunkPool::allocate
# Possible reasons:
#   The system is out of physical RAM or swap space
#   The process is running with CompressedOops enabled, and the Java Heap may be blocking the growth of the native heap
# Possible solutions:
#   Reduce memory load on the system
#   Increase physical memory or swap space
#   Check if swap backing store is full
#   Decrease Java heap size (-Xmx/-Xms)
#   Decrease number of Java threads
#   Decrease Java thread stack sizes (-Xss)
#   Set larger code cache with -XX:ReservedCodeCacheSize=
#   JVM is running with Unscaled Compressed Oops mode in which the Java heap is
#     placed in the first 4GB address space. The Java Heap base address is the
#     maximum limit for the native heap growth. Please use -XX:HeapBaseMinAddress
#     to set the Java Heap base and to place the Java Heap above 4GB virtual address.
# This output file may be truncated or incomplete.
#
#  Out of Memory Error (./open/src/hotspot/share/memory/arena.cpp:79), pid=8284, tid=8580
#
# JRE version: Java(TM) SE Runtime Environment (14.0.1+7) (build 14.0.1+7)
# Java VM: Java HotSpot(TM) 64-Bit Server VM (14.0.1+7, mixed mode, sharing, tiered, compressed oops, g1 gc, windows-amd64)
# No core dump will be written. Minidumps are not enabled by default on client versions of Windows
#

---------------  S U M M A R Y ------------

Command Line: --add-opens=java.base/java.util=ALL-UNNAMED --add-opens=java.base/java.lang=ALL-UNNAMED --add-opens=java.base/java.lang.invoke=ALL-UNNAMED --add-opens=java.prefs/java.util.prefs=ALL-UNNAMED -XX:MaxMetaspaceSize=256m -XX:+HeapDumpOnOutOfMemoryError -Xms256m -Xmx512m -Dfile.encoding=windows-1252 -Duser.country=RU -Duser.language=ru -Duser.variant org.gradle.launcher.daemon.bootstrap.GradleDaemon 6.8

Host: AMD A4-6210 APU with AMD Radeon R3 Graphics    , 4 cores, 6G,  Windows 10 , 64 bit Build 17134 (10.0.17134.1)
Time: Wed Sep 29 16:46:45 2021  elapsed time: 992 seconds (0d 0h 16m 32s)

---------------  T H R E A D  ---------------

Current thread (0x0000022eb135b000):  JavaThread "Daemon worker Thread 2" [_thread_in_vm, id=8580, stack(0x000000de54800000,0x000000de54900000)]

Stack: [0x000000de54800000,0x000000de54900000]
Native frames: (J=compiled Java code, j=interpreted, Vv=VM code, C=native code)
V  [jvm.dll+0x5f840a]
V  [jvm.dll+0x741e4a]
V  [jvm.dll+0x7435ff]
V  [jvm.dll+0x743c43]
V  [jvm.dll+0x20d288]
V  [jvm.dll+0xabea6]
V  [jvm.dll+0xac1fc]
V  [jvm.dll+0x738885]
V  [jvm.dll+0x738faf]
V  [jvm.dll+0x73846b]
V  [jvm.dll+0xfbb88]
V  [jvm.dll+0xfd3b1]
V  [jvm.dll+0xfb796]
V  [jvm.dll+0x303969]
V  [jvm.dll+0x3045f8]
V  [jvm.dll+0x659f10]
V  [jvm.dll+0x3c95dc]
C  0x0000022e9c09f397

Java frames: (J=compiled Java code, j=interpreted, Vv=VM code)
j  java.lang.Thread.start0()V+0 java.base@14.0.1
j  java.lang.Thread.start()V+26 java.base@14.0.1
j  java.util.concurrent.ThreadPoolExecutor.addWorker(Ljava/lang/Runnable;Z)Z+254 java.base@14.0.1
j  java.util.concurrent.ThreadPoolExecutor.execute(Ljava/lang/Runnable;)V+120 java.base@14.0.1
j  org.gradle.internal.concurrent.ManagedExecutorImpl.execute(Ljava/lang/Runnable;)V+9
j  org.gradle.execution.plan.DefaultPlanExecutor.startAdditionalWorkers(Lorg/gradle/execution/plan/ExecutionPlan;Lorg/gradle/api/Action;Ljava/util/concurrent/Executor;Lorg/gradle/internal/work/WorkerLeaseRegistry$WorkerLease;)V+50
j  org.gradle.execution.plan.DefaultPlanExecutor.process(Lorg/gradle/execution/plan/ExecutionPlan;Ljava/util/Collection;Lorg/gradle/api/Action;)V+58
j  org.gradle.execution.taskgraph.DefaultTaskExecutionGraph.executeWithServices(Lorg/gradle/execution/ProjectExecutionServiceRegistry;Ljava/util/Collection;)V+41
j  org.gradle.execution.taskgraph.DefaultTaskExecutionGraph.execute(Ljava/util/Collection;)V+32
j  org.gradle.execution.SelectedTaskExecutionAction.execute(Lorg/gradle/execution/BuildExecutionContext;Ljava/util/Collection;)V+44
j  org.gradle.execution.DefaultBuildWorkExecutor.execute(Lorg/gradle/api/internal/GradleInternal;ILjava/util/Collection;)V+39
j  org.gradle.execution.DefaultBuildWorkExecutor.access$000(Lorg/gradle/execution/DefaultBuildWorkExecutor;Lorg/gradle/api/internal/GradleInternal;ILjava/util/Collection;)V+4
j  org.gradle.execution.DefaultBuildWorkExecutor$1.proceed()V+18
j  org.gradle.execution.DryRunBuildExecutionAction.execute(Lorg/gradle/execution/BuildExecutionContext;Ljava/util/Collection;)V+123
j  org.gradle.execution.DefaultBuildWorkExecutor.execute(Lorg/gradle/api/internal/GradleInternal;ILjava/util/Collection;)V+39
j  org.gradle.execution.DefaultBuildWorkExecutor.execute(Lorg/gradle/api/internal/GradleInternal;Ljava/util/Collection;)V+4
j  org.gradle.execution.IncludedBuildLifecycleBuildWorkExecutor.execute(Lorg/gradle/api/internal/GradleInternal;Ljava/util/Collection;)V+15
j  org.gradle.execution.DeprecateUndefinedBuildWorkExecutor.execute(Lorg/gradle/api/internal/GradleInternal;Ljava/util/Collection;)V+42
j  org.gradle.execution.BuildOperationFiringBuildWorkerExecutor$ExecuteTasks.run(Lorg/gradle/internal/operations/BuildOperationContext;)V+20
j  org.gradle.internal.operations.DefaultBuildOperationRunner$1.execute(Lorg/gradle/internal/operations/RunnableBuildOperation;Lorg/gradle/internal/operations/BuildOperationContext;)V+2
j  org.gradle.internal.operations.DefaultBuildOperationRunner$1.execute(Lorg/gradle/internal/operations/BuildOperation;Lorg/gradle/internal/operations/BuildOperationContext;)V+6
J 6420 c1 org.gradle.internal.operations.DefaultBuildOperationRunner$3.execute(Lorg/gradle/internal/operations/BuildOperationDescriptor;Lorg/gradle/internal/operations/BuildOperationState;Lorg/gradle/internal/operations/BuildOperationState;Lorg/gradle/internal/operations/DefaultBuildOperationRunner$ReadableBuildOperationContext;Lorg/gradle/internal/operations/DefaultBuildOperationRunner$BuildOperationExecutionListener;)Lorg/gradle/internal/operations/BuildOperation; (110 bytes) @ 0x0000022e9d270364 [0x0000022e9d270140+0x0000000000000224]
J 4859 c1 org.gradle.internal.operations.DefaultBuildOperationRunner.execute(Lorg/gradle/internal/operations/BuildOperationDescriptor$Builder;Lorg/gradle/internal/operations/BuildOperationState;Lorg/gradle/internal/operations/DefaultBuildOperationRunner$BuildOperationExecution;)Ljava/lang/Object; (140 bytes) @ 0x0000022e9d0d0e94 [0x0000022e9d0d0080+0x0000000000000e14]
J 4531 c1 org.gradle.internal.operations.DefaultBuildOperationRunner.execute(Lorg/gradle/internal/operations/BuildOperation;Lorg/gradle/internal/operations/BuildOperationWorker;Lorg/gradle/internal/operations/BuildOperationState;)V (23 bytes) @ 0x0000022e9d044c34 [0x0000022e9d044960+0x00000000000002d4]
j  org.gradle.internal.operations.DefaultBuildOperationRunner.run(Lorg/gradle/internal/operations/RunnableBuildOperation;)V+9
J 6368 c1 org.gradle.internal.operations.DefaultBuildOperationExecutor.run(Lorg/gradle/internal/operations/RunnableBuildOperation;)V (19 bytes) @ 0x0000022e9d24d83c [0x0000022e9d24cf00+0x000000000000093c]
j  org.gradle.execution.BuildOperationFiringBuildWorkerExecutor.execute(Lorg/gradle/api/internal/GradleInternal;Ljava/util/Collection;)V+14
j  org.gradle.initialization.DefaultGradleLauncher.runWork()V+57
j  org.gradle.initialization.DefaultGradleLauncher.doClassicBuildStages(Lorg/gradle/initialization/DefaultGradleLauncher$Stage;)V+62
j  org.gradle.initialization.DefaultGradleLauncher.doBuildStages(Lorg/gradle/initialization/DefaultGradleLauncher$Stage;)V+80
j  org.gradle.initialization.DefaultGradleLauncher.executeTasks()Lorg/gradle/api/internal/GradleInternal;+4
j  org.gradle.internal.invocation.GradleBuildController$$Lambda$170.execute(Ljava/lang/Object;)V+4
j  org.gradle.internal.invocation.GradleBuildController$1.create()Lorg/gradle/api/internal/GradleInternal;+21
j  org.gradle.internal.invocation.GradleBuildController$1.create()Ljava/lang/Object;+1
j  org.gradle.internal.work.DefaultWorkerLeaseService.withLocks(Ljava/lang/Iterable;Lorg/gradle/internal/Factory;)Ljava/lang/Object;+26
j  org.gradle.internal.invocation.GradleBuildController.doBuild(Lorg/gradle/api/Action;)Lorg/gradle/api/internal/GradleInternal;+25
j  org.gradle.internal.invocation.GradleBuildController.run()Lorg/gradle/api/internal/GradleInternal;+6
j  org.gradle.tooling.internal.provider.runner.BuildModelActionRunner.run(Lorg/gradle/internal/invocation/BuildAction;Lorg/gradle/internal/invocation/BuildController;)Lorg/gradle/internal/invocation/BuildActionRunner$Result;+78
j  org.gradle.launcher.exec.ChainingBuildActionRunner.run(Lorg/gradle/internal/invocation/BuildAction;Lorg/gradle/internal/invocation/BuildController;)Lorg/gradle/internal/invocation/BuildActionRunner$Result;+34
j  org.gradle.launcher.exec.ChainingBuildActionRunner.run(Lorg/gradle/internal/invocation/BuildAction;Lorg/gradle/internal/invocation/BuildController;)Lorg/gradle/internal/invocation/BuildActionRunner$Result;+34
j  org.gradle.launcher.exec.BuildOutcomeReportingBuildActionRunner.run(Lorg/gradle/internal/invocation/BuildAction;Lorg/gradle/internal/invocation/BuildController;)Lorg/gradle/internal/invocation/BuildActionRunner$Result;+143
j  org.gradle.tooling.internal.provider.ValidatingBuildActionRunner.run(Lorg/gradle/internal/invocation/BuildAction;Lorg/gradle/internal/invocation/BuildController;)Lorg/gradle/internal/invocation/BuildActionRunner$Result;+6
j  org.gradle.tooling.internal.provider.FileSystemWatchingBuildActionRunner.run(Lorg/gradle/internal/invocation/BuildAction;Lorg/gradle/internal/invocation/BuildController;)Lorg/gradle/internal/invocation/BuildActionRunner$Result;+222
j  org.gradle.launcher.exec.BuildCompletionNotifyingBuildActionRunner.run(Lorg/gradle/internal/invocation/BuildAction;Lorg/gradle/internal/invocation/BuildController;)Lorg/gradle/internal/invocation/BuildActionRunner$Result;+28
j  org.gradle.launcher.exec.RunAsBuildOperationBuildActionRunner$3.call(Lorg/gradle/internal/operations/BuildOperationContext;)Lorg/gradle/internal/invocation/BuildActionRunner$Result;+71
j  org.gradle.launcher.exec.RunAsBuildOperationBuildActionRunner$3.call(Lorg/gradle/internal/operations/BuildOperationContext;)Ljava/lang/Object;+2
j  org.gradle.internal.operations.DefaultBuildOperationRunner$CallableBuildOperationWorker.execute(Lorg/gradle/internal/operations/CallableBuildOperation;Lorg/gradle/internal/operations/BuildOperationContext;)V+3
j  org.gradle.internal.operations.DefaultBuildOperationRunner$CallableBuildOperationWorker.execute(Lorg/gradle/internal/operations/BuildOperation;Lorg/gradle/internal/operations/BuildOperationContext;)V+6
j  org.gradle.internal.operations.DefaultBuildOperationRunner$3.execute(Lorg/gradle/internal/operations/BuildOperationDescriptor;Lorg/gradle/internal/operations/BuildOperationState;Lorg/gradle/internal/operations/BuildOperationState;Lorg/gradle/internal/operations/DefaultBuildOperationRunner$ReadableBuildOperationContext;Lorg/gradle/internal/operations/DefaultBuildOperationRunner$BuildOperationExecutionListener;)Lorg/gradle/internal/operations/BuildOperation;+22
J 4859 c1 org.gradle.internal.operations.DefaultBuildOperationRunner.execute(Lorg/gradle/internal/operations/BuildOperationDescriptor$Builder;Lorg/gradle/internal/operations/BuildOperationState;Lorg/gradle/internal/operations/DefaultBuildOperationRunner$BuildOperationExecution;)Ljava/lang/Object; (140 bytes) @ 0x0000022e9d0d0e94 [0x0000022e9d0d0080+0x0000000000000e14]
J 4531 c1 org.gradle.internal.operations.DefaultBuildOperationRunner.execute(Lorg/gradle/internal/operations/BuildOperation;Lorg/gradle/internal/operations/BuildOperationWorker;Lorg/gradle/internal/operations/BuildOperationState;)V (23 bytes) @ 0x0000022e9d044c34 [0x0000022e9d044960+0x00000000000002d4]
j  org.gradle.internal.operations.DefaultBuildOperationRunner.call(Lorg/gradle/internal/operations/CallableBuildOperation;)Ljava/lang/Object;+16
j  org.gradle.internal.operations.DefaultBuildOperationExecutor.lambda$call$2(Lorg/gradle/internal/operations/CallableBuildOperation;Lorg/gradle/internal/operations/BuildOperationState;)Ljava/lang/Object;+5
j  org.gradle.internal.operations.DefaultBuildOperationExecutor$$Lambda$168.apply(Ljava/lang/Object;)Ljava/lang/Object;+12
j  org.gradle.internal.operations.UnmanagedBuildOperationWrapper.callWithUnmanagedSupport(Lorg/gradle/internal/operations/BuildOperationState;Ljava/util/function/Function;)Ljava/lang/Object;+8
j  org.gradle.internal.operations.DefaultBuildOperationExecutor.call(Lorg/gradle/internal/operations/CallableBuildOperation;)Ljava/lang/Object;+15
j  org.gradle.launcher.exec.RunAsBuildOperationBuildActionRunner.run(Lorg/gradle/internal/invocation/BuildAction;Lorg/gradle/internal/invocation/BuildController;)Lorg/gradle/internal/invocation/BuildActionRunner$Result;+33
j  org.gradle.launcher.exec.InProcessBuildActionExecuter.lambda$execute$0(Lorg/gradle/internal/invocation/BuildAction;Lorg/gradle/internal/invocation/BuildController;)Lorg/gradle/launcher/exec/BuildActionResult;+6
j  org.gradle.launcher.exec.InProcessBuildActionExecuter$$Lambda$167.transform(Ljava/lang/Object;)Ljava/lang/Object;+12
j  org.gradle.composite.internal.DefaultRootBuildState.run(Lorg/gradle/api/Transformer;)Ljava/lang/Object;+43
j  org.gradle.launcher.exec.InProcessBuildActionExecuter.execute(Lorg/gradle/internal/invocation/BuildAction;Lorg/gradle/launcher/exec/BuildActionParameters;Lorg/gradle/internal/buildtree/BuildTreeContext;)Lorg/gradle/launcher/exec/BuildActionResult;+39
j  org.gradle.launcher.exec.InProcessBuildActionExecuter.execute(Lorg/gradle/internal/invocation/BuildAction;Ljava/lang/Object;Ljava/lang/Object;)Lorg/gradle/launcher/exec/BuildActionResult;+10
j  org.gradle.launcher.exec.BuildTreeScopeLifecycleBuildActionExecuter.lambda$execute$0(Lorg/gradle/internal/invocation/BuildAction;Lorg/gradle/launcher/exec/BuildActionParameters;Lorg/gradle/internal/buildtree/BuildTreeContext;)Lorg/gradle/launcher/exec/BuildActionResult;+19
j  org.gradle.launcher.exec.BuildTreeScopeLifecycleBuildActionExecuter$$Lambda$111.apply(Ljava/lang/Object;)Ljava/lang/Object;+12
j  org.gradle.internal.buildtree.BuildTreeState.run(Ljava/util/function/Function;)Ljava/lang/Object;+7
j  org.gradle.launcher.exec.BuildTreeScopeLifecycleBuildActionExecuter.execute(Lorg/gradle/internal/invocation/BuildAction;Lorg/gradle/launcher/exec/BuildActionParameters;Lorg/gradle/internal/session/BuildSessionContext;)Lorg/gradle/launcher/exec/BuildActionResult;+46
j  org.gradle.launcher.exec.BuildTreeScopeLifecycleBuildActionExecuter.execute(Lorg/gradle/internal/invocation/BuildAction;Ljava/lang/Object;Ljava/lang/Object;)Lorg/gradle/launcher/exec/BuildActionResult;+10
j  org.gradle.tooling.internal.provider.ContinuousBuildActionExecuter.execute(Lorg/gradle/internal/invocation/BuildAction;Lorg/gradle/launcher/exec/BuildActionParameters;Lorg/gradle/internal/session/BuildSessionContext;)Lorg/gradle/launcher/exec/BuildActionResult;+59
j  org.gradle.tooling.internal.provider.ContinuousBuildActionExecuter.execute(Lorg/gradle/internal/invocation/BuildAction;Ljava/lang/Object;Ljava/lang/Object;)Lorg/gradle/launcher/exec/BuildActionResult;+10
j  org.gradle.tooling.internal.provider.SubscribableBuildActionExecuter.execute(Lorg/gradle/internal/invocation/BuildAction;Lorg/gradle/launcher/exec/BuildActionParameters;Lorg/gradle/internal/session/BuildSessionContext;)Lorg/gradle/launcher/exec/BuildActionResult;+33
j  org.gradle.tooling.internal.provider.SubscribableBuildActionExecuter.execute(Lorg/gradle/internal/invocation/BuildAction;Ljava/lang/Object;Ljava/lang/Object;)Lorg/gradle/launcher/exec/BuildActionResult;+10
j  org.gradle.tooling.internal.provider.SessionScopeLifecycleBuildActionExecuter.lambda$execute$0(Lorg/gradle/internal/invocation/BuildAction;Lorg/gradle/launcher/exec/BuildActionParameters;Lorg/gradle/internal/session/BuildSessionContext;)Lorg/gradle/launcher/exec/BuildActionResult;+52
j  org.gradle.tooling.internal.provider.SessionScopeLifecycleBuildActionExecuter$$Lambda$104.apply(Ljava/lang/Object;)Ljava/lang/Object;+12
j  org.gradle.internal.session.BuildSessionState.run(Ljava/util/function/Function;)Ljava/lang/Object;+9
j  org.gradle.tooling.internal.provider.SessionScopeLifecycleBuildActionExecuter.execute(Lorg/gradle/internal/invocation/BuildAction;Lorg/gradle/launcher/exec/BuildActionParameters;Lorg/gradle/initialization/BuildRequestContext;)Lorg/gradle/launcher/exec/BuildActionResult;+74
j  org.gradle.tooling.internal.provider.SessionScopeLifecycleBuildActionExecuter.execute(Lorg/gradle/internal/invocation/BuildAction;Ljava/lang/Object;Ljava/lang/Object;)Lorg/gradle/launcher/exec/BuildActionResult;+10
j  org.gradle.tooling.internal.provider.GradleThreadBuildActionExecuter.execute(Lorg/gradle/internal/invocation/BuildAction;Lorg/gradle/launcher/exec/BuildActionParameters;Lorg/gradle/initialization/BuildRequestContext;)Lorg/gradle/launcher/exec/BuildActionResult;+10
j  org.gradle.tooling.internal.provider.GradleThreadBuildActionExecuter.execute(Lorg/gradle/internal/invocation/BuildAction;Ljava/lang/Object;Ljava/lang/Object;)Lorg/gradle/launcher/exec/BuildActionResult;+10
j  org.gradle.tooling.internal.provider.StartParamsValidatingActionExecuter.execute(Lorg/gradle/internal/invocation/BuildAction;Lorg/gradle/launcher/exec/BuildActionParameters;Lorg/gradle/initialization/BuildRequestContext;)Lorg/gradle/launcher/exec/BuildActionResult;+175
j  org.gradle.tooling.internal.provider.StartParamsValidatingActionExecuter.execute(Lorg/gradle/internal/invocation/BuildAction;Ljava/lang/Object;Ljava/lang/Object;)Lorg/gradle/launcher/exec/BuildActionResult;+10
j  org.gradle.tooling.internal.provider.SessionFailureReportingActionExecuter.execute(Lorg/gradle/internal/invocation/BuildAction;Lorg/gradle/launcher/exec/BuildActionParameters;Lorg/gradle/initialization/BuildRequestContext;)Lorg/gradle/launcher/exec/BuildActionResult;+7
j  org.gradle.tooling.internal.provider.SessionFailureReportingActionExecuter.execute(Lorg/gradle/internal/invocation/BuildAction;Ljava/lang/Object;Ljava/lang/Object;)Lorg/gradle/launcher/exec/BuildActionResult;+10
j  org.gradle.tooling.internal.provider.SetupLoggingActionExecuter.execute(Lorg/gradle/internal/invocation/BuildAction;Lorg/gradle/launcher/exec/BuildActionParameters;Lorg/gradle/initialization/BuildRequestContext;)Lorg/gradle/launcher/exec/BuildActionResult;+50
j  org.gradle.tooling.internal.provider.SetupLoggingActionExecuter.execute(Lorg/gradle/internal/invocation/BuildAction;Ljava/lang/Object;Ljava/lang/Object;)Lorg/gradle/launcher/exec/BuildActionResult;+10
j  org.gradle.launcher.daemon.server.exec.ExecuteBuild.doBuild(Lorg/gradle/launcher/daemon/server/api/DaemonCommandExecution;Lorg/gradle/launcher/daemon/protocol/Build;)V+114
j  org.gradle.launcher.daemon.server.exec.BuildCommandOnly.execute(Lorg/gradle/launcher/daemon/server/api/DaemonCommandExecution;)V+49
j  org.gradle.launcher.daemon.server.api.DaemonCommandExecution.proceed()Z+23
j  org.gradle.launcher.daemon.server.exec.WatchForDisconnection.execute(Lorg/gradle/launcher/daemon/server/api/DaemonCommandExecution;)V+19
j  org.gradle.launcher.daemon.server.api.DaemonCommandExecution.proceed()Z+23
j  org.gradle.launcher.daemon.server.exec.ResetDeprecationLogger.execute(Lorg/gradle/launcher/daemon/server/api/DaemonCommandExecution;)V+7
j  org.gradle.launcher.daemon.server.api.DaemonCommandExecution.proceed()Z+23
j  org.gradle.launcher.daemon.server.exec.RequestStopIfSingleUsedDaemon.execute(Lorg/gradle/launcher/daemon/server/api/DaemonCommandExecution;)V+33
j  org.gradle.launcher.daemon.server.api.DaemonCommandExecution.proceed()Z+23
j  org.gradle.launcher.daemon.server.exec.ForwardClientInput$2.create()Ljava/lang/Void;+4
j  org.gradle.launcher.daemon.server.exec.ForwardClientInput$2.create()Ljava/lang/Object;+1
j  org.gradle.util.Swapper.swap(Ljava/lang/Object;Lorg/gradle/internal/Factory;)Ljava/lang/Object;+21
j  org.gradle.launcher.daemon.server.exec.ForwardClientInput.execute(Lorg/gradle/launcher/daemon/server/api/DaemonCommandExecution;)V+63
j  org.gradle.launcher.daemon.server.api.DaemonCommandExecution.proceed()Z+23
j  org.gradle.launcher.daemon.server.exec.LogAndCheckHealth.execute(Lorg/gradle/launcher/daemon/server/api/DaemonCommandExecution;)V+28
j  org.gradle.launcher.daemon.server.api.DaemonCommandExecution.proceed()Z+23
j  org.gradle.launcher.daemon.server.exec.LogToClient.doBuild(Lorg/gradle/launcher/daemon/server/api/DaemonCommandExecution;Lorg/gradle/launcher/daemon/protocol/Build;)V+87
j  org.gradle.launcher.daemon.server.exec.BuildCommandOnly.execute(Lorg/gradle/launcher/daemon/server/api/DaemonCommandExecution;)V+49
j  org.gradle.launcher.daemon.server.api.DaemonCommandExecution.proceed()Z+23
j  org.gradle.launcher.daemon.server.exec.EstablishBuildEnvironment.doBuild(Lorg/gradle/launcher/daemon/server/api/DaemonCommandExecution;Lorg/gradle/launcher/daemon/protocol/Build;)V+356
j  org.gradle.launcher.daemon.server.exec.BuildCommandOnly.execute(Lorg/gradle/launcher/daemon/server/api/DaemonCommandExecution;)V+49
j  org.gradle.launcher.daemon.server.api.DaemonCommandExecution.proceed()Z+23
j  org.gradle.launcher.daemon.server.exec.StartBuildOrRespondWithBusy$1.run()V+44
j  org.gradle.launcher.daemon.server.DaemonStateCoordinator$1.run()V+4
J 5741 c1 org.gradle.internal.concurrent.ManagedExecutorImpl$1.run()V (57 bytes) @ 0x0000022e9c6f220c [0x0000022e9c6f1f40+0x00000000000002cc]
j  java.util.concurrent.ThreadPoolExecutor.runWorker(Ljava/util/concurrent/ThreadPoolExecutor$Worker;)V+92 java.base@14.0.1
j  java.util.concurrent.ThreadPoolExecutor$Worker.run()V+5 java.base@14.0.1
j  org.gradle.internal.concurrent.ThreadFactoryImpl$ManagedThreadRunnable.run()V+7
j  java.lang.Thread.run()V+11 java.base@14.0.1
v  ~StubRoutines::call_stub

---------------  P R O C E S S  ---------------

Threads class SMR info:
_java_thread_list=0x0000022eb0153ab0, length=36, elements={
0x0000022e920bf000, 0x0000022eaef8f000, 0x0000022eaef90800, 0x0000022eaefae000,
0x0000022eaefb1000, 0x0000022eaefb2800, 0x0000022eaefb4000, 0x0000022eaefb9000,
0x0000022eaefc7800, 0x0000022eafa13800, 0x0000022eafa1a000, 0x0000022eb1c6f800,
0x0000022eb0fb9800, 0x0000022eaff4a800, 0x0000022eb135b800, 0x0000022eb135e000,
0x0000022eb135f000, 0x0000022eb169d800, 0x0000022eb169f800, 0x0000022eb169c000,
0x0000022eb16aa800, 0x0000022eb135c800, 0x0000022eb135d800, 0x0000022eb1360000,
0x0000022eb135b000, 0x0000022eb1360800, 0x0000022eb1361800, 0x0000022eb169e800,
0x0000022eb16a1000, 0x0000022eb16a1800, 0x0000022eb16a2800, 0x0000022eb169d000,
0x0000022eb16a7800, 0x0000022eb16a8800, 0x0000022eb16a4000, 0x0000022eb16a9000
}
_to_delete_list=0x0000022eb0153390, length=35, elements={
0x0000022e920bf000, 0x0000022eaef8f000, 0x0000022eaef90800, 0x0000022eaefae000,
0x0000022eaefb1000, 0x0000022eaefb2800, 0x0000022eaefb4000, 0x0000022eaefb9000,
0x0000022eaefc7800, 0x0000022eafa13800, 0x0000022eafa1a000, 0x0000022eb1c6f800,
0x0000022eb0fb9800, 0x0000022eaff4a800, 0x0000022eb135b800, 0x0000022eb135e000,
0x0000022eb135f000, 0x0000022eb169d800, 0x0000022eb169f800, 0x0000022eb169c000,
0x0000022eb16aa800, 0x0000022eb135c800, 0x0000022eb135d800, 0x0000022eb1360000,
0x0000022eb135b000, 0x0000022eb1360800, 0x0000022eb1361800, 0x0000022eb169e800,
0x0000022eb16a1000, 0x0000022eb16a1800, 0x0000022eb16a2800, 0x0000022eb169d000,
0x0000022eb16a7800, 0x0000022eb16a8800, 0x0000022eb16a4000
}

Java Threads: ( => current thread )
  0x0000022e920bf000 JavaThread "main" [_thread_blocked, id=12568, stack(0x000000de52e00000,0x000000de52f00000)]
  0x0000022eaef8f000 JavaThread "Reference Handler" daemon [_thread_blocked, id=7220, stack(0x000000de53500000,0x000000de53600000)]
  0x0000022eaef90800 JavaThread "Finalizer" daemon [_thread_blocked, id=2572, stack(0x000000de53600000,0x000000de53700000)]
  0x0000022eaefae000 JavaThread "Signal Dispatcher" daemon [_thread_blocked, id=3576, stack(0x000000de53700000,0x000000de53800000)]
  0x0000022eaefb1000 JavaThread "Attach Listener" daemon [_thread_blocked, id=11308, stack(0x000000de53800000,0x000000de53900000)]
  0x0000022eaefb2800 JavaThread "Service Thread" daemon [_thread_blocked, id=468, stack(0x000000de53900000,0x000000de53a00000)]
  0x0000022eaefb4000 JavaThread "C2 CompilerThread0" daemon [_thread_in_native, id=12264, stack(0x000000de53a00000,0x000000de53b00000)]
  0x0000022eaefb9000 JavaThread "C1 CompilerThread0" daemon [_thread_blocked, id=792, stack(0x000000de53b00000,0x000000de53c00000)]
  0x0000022eaefc7800 JavaThread "Sweeper thread" daemon [_thread_blocked, id=12480, stack(0x000000de53c00000,0x000000de53d00000)]
  0x0000022eafa13800 JavaThread "Common-Cleaner" daemon [_thread_blocked, id=1200, stack(0x000000de53d00000,0x000000de53e00000)]
  0x0000022eafa1a000 JavaThread "Notification Thread" daemon [_thread_blocked, id=10796, stack(0x000000de53e00000,0x000000de53f00000)]
  0x0000022eb1c6f800 JavaThread "Daemon health stats" [_thread_blocked, id=14080, stack(0x000000de54500000,0x000000de54600000)]
  0x0000022eb0fb9800 JavaThread "Incoming local TCP Connector on port 51422" [_thread_in_native, id=14252, stack(0x000000de54000000,0x000000de54100000)]
  0x0000022eaff4a800 JavaThread "Daemon periodic checks" [_thread_blocked, id=6224, stack(0x000000de54700000,0x000000de54800000)]
  0x0000022eb135b800 JavaThread "Cache worker for file hash cache (C:\Users\padalka_iv\.gradle\caches\6.8\fileHashes)" [_thread_blocked, id=9492, stack(0x000000de54f00000,0x000000de55000000)]
  0x0000022eb135e000 JavaThread "File lock request listener" [_thread_in_native, id=4888, stack(0x000000de55000000,0x000000de55100000)]
  0x0000022eb135f000 JavaThread "Cache worker for journal cache (C:\Users\padalka_iv\.gradle\caches\journal-1)" [_thread_blocked, id=9904, stack(0x000000de55100000,0x000000de55200000)]
  0x0000022eb169d800 JavaThread "Cache worker for execution history cache (C:\Users\padalka_iv\.gradle\caches\6.8\executionHistory)" [_thread_blocked, id=7992, stack(0x000000de55700000,0x000000de55800000)]
  0x0000022eb169f800 JavaThread "Cache worker for file content cache (C:\Users\padalka_iv\.gradle\caches\6.8\fileContent)" [_thread_blocked, id=9868, stack(0x000000de55900000,0x000000de55a00000)]
  0x0000022eb169c000 JavaThread "Memory manager" [_thread_blocked, id=9008, stack(0x000000de55b00000,0x000000de55c00000)]
  0x0000022eb16aa800 JavaThread "Cache worker for Java compile cache (C:\Users\padalka_iv\.gradle\caches\6.8\javaCompile)" [_thread_blocked, id=9044, stack(0x000000de55c00000,0x000000de55d00000)]
  0x0000022eb135c800 JavaThread "Daemon Thread 2" [_thread_blocked, id=14408, stack(0x000000de52a00000,0x000000de52b00000)]
  0x0000022eb135d800 JavaThread "Handler for socket connection from /127.0.0.1:51422 to /127.0.0.1:52276" [_thread_in_native, id=13284, stack(0x000000de52b00000,0x000000de52c00000)]
  0x0000022eb1360000 JavaThread "Cancel handler" [_thread_blocked, id=13624, stack(0x000000de52c00000,0x000000de52d00000)]
=>0x0000022eb135b000 JavaThread "Daemon worker Thread 2" [_thread_in_vm, id=8580, stack(0x000000de54800000,0x000000de54900000)]
  0x0000022eb1360800 JavaThread "Asynchronous log dispatcher for DefaultDaemonConnection: socket connection from /127.0.0.1:51422 to /127.0.0.1:52276" [_thread_blocked, id=13608, stack(0x000000de54900000,0x000000de54a00000)]
  0x0000022eb1361800 JavaThread "Stdin handler" [_thread_blocked, id=3512, stack(0x000000de54a00000,0x000000de54b00000)]
  0x0000022eb169e800 JavaThread "Daemon client event forwarder" [_thread_blocked, id=14504, stack(0x000000de54b00000,0x000000de54c00000)]
  0x0000022eb16a1000 JavaThread "Cache worker for file hash cache (C:\Users\padalka_iv\Desktop\FibonachiPadalka\.gradle\6.8\fileHashes)" [_thread_blocked, id=15212, stack(0x000000de54c00000,0x000000de54d00000)]
  0x0000022eb16a1800 JavaThread "Cache worker for checksums cache (C:\Users\padalka_iv\Desktop\FibonachiPadalka\.gradle\checksums)" [_thread_blocked, id=8536, stack(0x000000de54d00000,0x000000de54e00000)]
  0x0000022eb16a2800 JavaThread "Cache worker for cache directory md-supplier (C:\Users\padalka_iv\.gradle\caches\6.8\md-supplier)" [_thread_blocked, id=9444, stack(0x000000de54e00000,0x000000de54f00000)]
  0x0000022eb169d000 JavaThread "Cache worker for cache directory md-rule (C:\Users\padalka_iv\.gradle\caches\6.8\md-rule)" [_thread_blocked, id=13556, stack(0x000000de55200000,0x000000de55300000)]
  0x0000022eb16a7800 JavaThread "Cache worker for Build Output Cleanup Cache (C:\Users\padalka_iv\Desktop\FibonachiPadalka\.gradle\buildOutputCleanup)" [_thread_blocked, id=7800, stack(0x000000de55300000,0x000000de55400000)]
  0x0000022eb16a8800 JavaThread "Execution worker for ':'" [_thread_blocked, id=10460, stack(0x000000de55400000,0x000000de55500000)]
  0x0000022eb16a4000 JavaThread "Execution worker for ':' Thread 2" [_thread_blocked, id=4272, stack(0x000000de55500000,0x000000de55600000)]
  0x0000022eb16a9000 JavaThread "Execution worker for ':' Thread 3" [_thread_blocked, id=2872, stack(0x000000de55600000,0x000000de55700000)]

Other Threads:
  0x0000022eaef85000 VMThread "VM Thread" [stack: 0x000000de53400000,0x000000de53500000] [id=8944] _threads_hazard_ptr=0x0000022eb0153390
  0x0000022eafa1b800 WatcherThread [stack: 0x000000de53f00000,0x000000de54000000] [id=11024]
  0x0000022e920e6000 GCTaskThread "GC Thread#0" [stack: 0x000000de52f00000,0x000000de53000000] [id=6492]
  0x0000022eafec2800 GCTaskThread "GC Thread#1" [stack: 0x000000de54100000,0x000000de54200000] [id=13180]
  0x0000022eafddb000 GCTaskThread "GC Thread#2" [stack: 0x000000de54200000,0x000000de54300000] [id=12392]
  0x0000022eafe2b000 GCTaskThread "GC Thread#3" [stack: 0x000000de54300000,0x000000de54400000] [id=2492]
  0x0000022e920eb800 ConcurrentGCThread "G1 Main Marker" [stack: 0x000000de53000000,0x000000de53100000] [id=4548]
  0x0000022e920ed800 ConcurrentGCThread "G1 Conc#0" [stack: 0x000000de53100000,0x000000de53200000] [id=9036]
  0x0000022eaee32800 ConcurrentGCThread "G1 Refine#0" [stack: 0x000000de53200000,0x000000de53300000] [id=10328]
  0x0000022eb0375800 ConcurrentGCThread "G1 Refine#1" [stack: 0x000000de54400000,0x000000de54500000] [id=1760]
  0x0000022eaee33000 ConcurrentGCThread "G1 Young RemSet Sampling" [stack: 0x000000de53300000,0x000000de53400000] [id=4340]

Threads with active compile tasks:
C2 CompilerThread0   992692 6409   !   4       com.google.common.reflect.TypeVisitor::visit (225 bytes)

VM state:not at safepoint (normal execution)

VM Mutex/Monitor currently owned by a thread: None

Heap address: 0x00000000e0000000, size: 512 MB, Compressed Oops mode: 32-bit
Narrow klass base: 0x0000000800000000, Narrow klass shift: 3
Compressed class space size: 260046848 Address: 0x0000000800b30000

Heap:
 garbage-first heap   total 262144K, used 71815K [0x00000000e0000000, 0x0000000100000000)
  region size 1024K, 53 young (54272K), 20 survivors (20480K)
 Metaspace       used 52787K, capacity 54679K, committed 54988K, reserved 301056K
  class space    used 7251K, capacity 7875K, committed 7936K, reserved 253952K
Heap Regions: E=young(eden), S=young(survivor), O=old, HS=humongous(starts), HC=humongous(continues), CS=collection set, F=free, OA=open archive, CA=closed archive, TAMS=top-at-mark-start (previous, next)
|   0|0x00000000e0000000, 0x00000000e0100000, 0x00000000e0100000|100%| O|  |TAMS 0x00000000e0100000, 0x00000000e0000000| Untracked 
|   1|0x00000000e0100000, 0x00000000e0200000, 0x00000000e0200000|100%| O|  |TAMS 0x00000000e015fa00, 0x00000000e0100000| Untracked 
|   2|0x00000000e0200000, 0x00000000e0300000, 0x00000000e0300000|100%| O|  |TAMS 0x00000000e0200000, 0x00000000e0200000| Untracked 
|   3|0x00000000e0300000, 0x00000000e0400000, 0x00000000e0400000|100%|HS|  |TAMS 0x00000000e0400000, 0x00000000e0300000| Complete 
|   4|0x00000000e0400000, 0x00000000e0500000, 0x00000000e0500000|100%|HC|  |TAMS 0x00000000e0500000, 0x00000000e0400000| Complete 
|   5|0x00000000e0500000, 0x00000000e0600000, 0x00000000e0600000|100%|HC|  |TAMS 0x00000000e0600000, 0x00000000e0500000| Complete 
|   6|0x00000000e0600000, 0x00000000e0700000, 0x00000000e0700000|100%| O|  |TAMS 0x00000000e0700000, 0x00000000e0600000| Untracked 
|   7|0x00000000e0700000, 0x00000000e0800000, 0x00000000e0800000|100%| O|  |TAMS 0x00000000e0800000, 0x00000000e0700000| Untracked 
|   8|0x00000000e0800000, 0x00000000e0900000, 0x00000000e0900000|100%| O|  |TAMS 0x00000000e0900000, 0x00000000e0800000| Untracked 
|   9|0x00000000e0900000, 0x00000000e0a00000, 0x00000000e0a00000|100%| O|  |TAMS 0x00000000e0a00000, 0x00000000e0900000| Untracked 
|  10|0x00000000e0a00000, 0x00000000e0b00000, 0x00000000e0b00000|100%| O|  |TAMS 0x00000000e0a00000, 0x00000000e0a00000| Untracked 
|  11|0x00000000e0b00000, 0x00000000e0c00000, 0x00000000e0c00000|100%| O|  |TAMS 0x00000000e0b00000, 0x00000000e0b00000| Untracked 
|  12|0x00000000e0c00000, 0x00000000e0d00000, 0x00000000e0d00000|100%| O|  |TAMS 0x00000000e0c00000, 0x00000000e0c00000| Untracked 
|  13|0x00000000e0d00000, 0x00000000e0e00000, 0x00000000e0e00000|100%| O|  |TAMS 0x00000000e0d00000, 0x00000000e0d00000| Untracked 
|  14|0x00000000e0e00000, 0x00000000e0f00000, 0x00000000e0f00000|100%| O|  |TAMS 0x00000000e0e00000, 0x00000000e0e00000| Untracked 
|  15|0x00000000e0f00000, 0x00000000e1000000, 0x00000000e1000000|100%| O|  |TAMS 0x00000000e0f00000, 0x00000000e0f00000| Untracked 
|  16|0x00000000e1000000, 0x00000000e1100000, 0x00000000e1100000|100%| O|  |TAMS 0x00000000e1000000, 0x00000000e1000000| Untracked 
|  17|0x00000000e1100000, 0x00000000e1200000, 0x00000000e1200000|100%| O|  |TAMS 0x00000000e1100000, 0x00000000e1100000| Untracked 
|  18|0x00000000e1200000, 0x00000000e1221c00, 0x00000000e1300000| 13%| O|  |TAMS 0x00000000e1200000, 0x00000000e1200000| Untracked 
|  19|0x00000000e1300000, 0x00000000e1300000, 0x00000000e1400000|  0%| F|  |TAMS 0x00000000e1300000, 0x00000000e1300000| Untracked 
|  20|0x00000000e1400000, 0x00000000e1400000, 0x00000000e1500000|  0%| F|  |TAMS 0x00000000e1400000, 0x00000000e1400000| Untracked 
|  21|0x00000000e1500000, 0x00000000e1500000, 0x00000000e1600000|  0%| F|  |TAMS 0x00000000e1500000, 0x00000000e1500000| Untracked 
|  22|0x00000000e1600000, 0x00000000e1600000, 0x00000000e1700000|  0%| F|  |TAMS 0x00000000e1600000, 0x00000000e1600000| Untracked 
|  23|0x00000000e1700000, 0x00000000e1700000, 0x00000000e1800000|  0%| F|  |TAMS 0x00000000e1700000, 0x00000000e1700000| Untracked 
|  24|0x00000000e1800000, 0x00000000e1800000, 0x00000000e1900000|  0%| F|  |TAMS 0x00000000e1800000, 0x00000000e1800000| Untracked 
|  25|0x00000000e1900000, 0x00000000e1900000, 0x00000000e1a00000|  0%| F|  |TAMS 0x00000000e1900000, 0x00000000e1900000| Untracked 
|  26|0x00000000e1a00000, 0x00000000e1a00000, 0x00000000e1b00000|  0%| F|  |TAMS 0x00000000e1a00000, 0x00000000e1a00000| Untracked 
|  27|0x00000000e1b00000, 0x00000000e1b00000, 0x00000000e1c00000|  0%| F|  |TAMS 0x00000000e1b00000, 0x00000000e1b00000| Untracked 
|  28|0x00000000e1c00000, 0x00000000e1c00000, 0x00000000e1d00000|  0%| F|  |TAMS 0x00000000e1c00000, 0x00000000e1c00000| Untracked 
|  29|0x00000000e1d00000, 0x00000000e1d00000, 0x00000000e1e00000|  0%| F|  |TAMS 0x00000000e1d00000, 0x00000000e1d00000| Untracked 
|  30|0x00000000e1e00000, 0x00000000e1e00000, 0x00000000e1f00000|  0%| F|  |TAMS 0x00000000e1e00000, 0x00000000e1e00000| Untracked 
|  31|0x00000000e1f00000, 0x00000000e1f00000, 0x00000000e2000000|  0%| F|  |TAMS 0x00000000e1f00000, 0x00000000e1f00000| Untracked 
|  32|0x00000000e2000000, 0x00000000e2000000, 0x00000000e2100000|  0%| F|  |TAMS 0x00000000e2000000, 0x00000000e2000000| Untracked 
|  33|0x00000000e2100000, 0x00000000e2100000, 0x00000000e2200000|  0%| F|  |TAMS 0x00000000e2100000, 0x00000000e2100000| Untracked 
|  34|0x00000000e2200000, 0x00000000e2200000, 0x00000000e2300000|  0%| F|  |TAMS 0x00000000e2200000, 0x00000000e2200000| Untracked 
|  35|0x00000000e2300000, 0x00000000e2300000, 0x00000000e2400000|  0%| F|  |TAMS 0x00000000e2300000, 0x00000000e2300000| Untracked 
|  36|0x00000000e2400000, 0x00000000e2400000, 0x00000000e2500000|  0%| F|  |TAMS 0x00000000e2400000, 0x00000000e2400000| Untracked 
|  37|0x00000000e2500000, 0x00000000e2500000, 0x00000000e2600000|  0%| F|  |TAMS 0x00000000e2500000, 0x00000000e2500000| Untracked 
|  38|0x00000000e2600000, 0x00000000e2600000, 0x00000000e2700000|  0%| F|  |TAMS 0x00000000e2600000, 0x00000000e2600000| Untracked 
|  39|0x00000000e2700000, 0x00000000e2700000, 0x00000000e2800000|  0%| F|  |TAMS 0x00000000e2700000, 0x00000000e2700000| Untracked 
|  40|0x00000000e2800000, 0x00000000e2800000, 0x00000000e2900000|  0%| F|  |TAMS 0x00000000e2800000, 0x00000000e2800000| Untracked 
|  41|0x00000000e2900000, 0x00000000e2900000, 0x00000000e2a00000|  0%| F|  |TAMS 0x00000000e2900000, 0x00000000e2900000| Untracked 
|  42|0x00000000e2a00000, 0x00000000e2a00000, 0x00000000e2b00000|  0%| F|  |TAMS 0x00000000e2a00000, 0x00000000e2a00000| Untracked 
|  43|0x00000000e2b00000, 0x00000000e2b00000, 0x00000000e2c00000|  0%| F|  |TAMS 0x00000000e2b00000, 0x00000000e2b00000| Untracked 
|  44|0x00000000e2c00000, 0x00000000e2c00000, 0x00000000e2d00000|  0%| F|  |TAMS 0x00000000e2c00000, 0x00000000e2c00000| Untracked 
|  45|0x00000000e2d00000, 0x00000000e2d00000, 0x00000000e2e00000|  0%| F|  |TAMS 0x00000000e2d00000, 0x00000000e2d00000| Untracked 
|  46|0x00000000e2e00000, 0x00000000e2e00000, 0x00000000e2f00000|  0%| F|  |TAMS 0x00000000e2e00000, 0x00000000e2e00000| Untracked 
|  47|0x00000000e2f00000, 0x00000000e2f00000, 0x00000000e3000000|  0%| F|  |TAMS 0x00000000e2f00000, 0x00000000e2f00000| Untracked 
|  48|0x00000000e3000000, 0x00000000e3000000, 0x00000000e3100000|  0%| F|  |TAMS 0x00000000e3000000, 0x00000000e3000000| Untracked 
|  49|0x00000000e3100000, 0x00000000e3100000, 0x00000000e3200000|  0%| F|  |TAMS 0x00000000e3100000, 0x00000000e3100000| Untracked 
|  50|0x00000000e3200000, 0x00000000e3200000, 0x00000000e3300000|  0%| F|  |TAMS 0x00000000e3200000, 0x00000000e3200000| Untracked 
|  51|0x00000000e3300000, 0x00000000e3300000, 0x00000000e3400000|  0%| F|  |TAMS 0x00000000e3300000, 0x00000000e3300000| Untracked 
|  52|0x00000000e3400000, 0x00000000e3400000, 0x00000000e3500000|  0%| F|  |TAMS 0x00000000e3400000, 0x00000000e3400000| Untracked 
|  53|0x00000000e3500000, 0x00000000e3500000, 0x00000000e3600000|  0%| F|  |TAMS 0x00000000e3500000, 0x00000000e3500000| Untracked 
|  54|0x00000000e3600000, 0x00000000e3600000, 0x00000000e3700000|  0%| F|  |TAMS 0x00000000e3600000, 0x00000000e3600000| Untracked 
|  55|0x00000000e3700000, 0x00000000e3700000, 0x00000000e3800000|  0%| F|  |TAMS 0x00000000e3700000, 0x00000000e3700000| Untracked 
|  56|0x00000000e3800000, 0x00000000e3800000, 0x00000000e3900000|  0%| F|  |TAMS 0x00000000e3800000, 0x00000000e3800000| Untracked 
|  57|0x00000000e3900000, 0x00000000e3900000, 0x00000000e3a00000|  0%| F|  |TAMS 0x00000000e3900000, 0x00000000e3900000| Untracked 
|  58|0x00000000e3a00000, 0x00000000e3a00000, 0x00000000e3b00000|  0%| F|  |TAMS 0x00000000e3a00000, 0x00000000e3a00000| Untracked 
|  59|0x00000000e3b00000, 0x00000000e3b00000, 0x00000000e3c00000|  0%| F|  |TAMS 0x00000000e3b00000, 0x00000000e3b00000| Untracked 
|  60|0x00000000e3c00000, 0x00000000e3c00000, 0x00000000e3d00000|  0%| F|  |TAMS 0x00000000e3c00000, 0x00000000e3c00000| Untracked 
|  61|0x00000000e3d00000, 0x00000000e3d00000, 0x00000000e3e00000|  0%| F|  |TAMS 0x00000000e3d00000, 0x00000000e3d00000| Untracked 
|  62|0x00000000e3e00000, 0x00000000e3e00000, 0x00000000e3f00000|  0%| F|  |TAMS 0x00000000e3e00000, 0x00000000e3e00000| Untracked 
|  63|0x00000000e3f00000, 0x00000000e3f00000, 0x00000000e4000000|  0%| F|  |TAMS 0x00000000e3f00000, 0x00000000e3f00000| Untracked 
|  64|0x00000000e4000000, 0x00000000e4000000, 0x00000000e4100000|  0%| F|  |TAMS 0x00000000e4000000, 0x00000000e4000000| Untracked 
|  65|0x00000000e4100000, 0x00000000e4100000, 0x00000000e4200000|  0%| F|  |TAMS 0x00000000e4100000, 0x00000000e4100000| Untracked 
|  66|0x00000000e4200000, 0x00000000e4200000, 0x00000000e4300000|  0%| F|  |TAMS 0x00000000e4200000, 0x00000000e4200000| Untracked 
|  67|0x00000000e4300000, 0x00000000e4300000, 0x00000000e4400000|  0%| F|  |TAMS 0x00000000e4300000, 0x00000000e4300000| Untracked 
|  68|0x00000000e4400000, 0x00000000e4400000, 0x00000000e4500000|  0%| F|  |TAMS 0x00000000e4400000, 0x00000000e4400000| Untracked 
|  69|0x00000000e4500000, 0x00000000e4500000, 0x00000000e4600000|  0%| F|  |TAMS 0x00000000e4500000, 0x00000000e4500000| Untracked 
|  70|0x00000000e4600000, 0x00000000e4600000, 0x00000000e4700000|  0%| F|  |TAMS 0x00000000e4600000, 0x00000000e4600000| Untracked 
|  71|0x00000000e4700000, 0x00000000e4700000, 0x00000000e4800000|  0%| F|  |TAMS 0x00000000e4700000, 0x00000000e4700000| Untracked 
|  72|0x00000000e4800000, 0x00000000e4800000, 0x00000000e4900000|  0%| F|  |TAMS 0x00000000e4800000, 0x00000000e4800000| Untracked 
|  73|0x00000000e4900000, 0x00000000e4900000, 0x00000000e4a00000|  0%| F|  |TAMS 0x00000000e4900000, 0x00000000e4900000| Untracked 
|  74|0x00000000e4a00000, 0x00000000e4a00000, 0x00000000e4b00000|  0%| F|  |TAMS 0x00000000e4a00000, 0x00000000e4a00000| Untracked 
|  75|0x00000000e4b00000, 0x00000000e4b00000, 0x00000000e4c00000|  0%| F|  |TAMS 0x00000000e4b00000, 0x00000000e4b00000| Untracked 
|  76|0x00000000e4c00000, 0x00000000e4c00000, 0x00000000e4d00000|  0%| F|  |TAMS 0x00000000e4c00000, 0x00000000e4c00000| Untracked 
|  77|0x00000000e4d00000, 0x00000000e4d00000, 0x00000000e4e00000|  0%| F|  |TAMS 0x00000000e4d00000, 0x00000000e4d00000| Untracked 
|  78|0x00000000e4e00000, 0x00000000e4e00000, 0x00000000e4f00000|  0%| F|  |TAMS 0x00000000e4e00000, 0x00000000e4e00000| Untracked 
|  79|0x00000000e4f00000, 0x00000000e4f00000, 0x00000000e5000000|  0%| F|  |TAMS 0x00000000e4f00000, 0x00000000e4f00000| Untracked 
|  80|0x00000000e5000000, 0x00000000e5000000, 0x00000000e5100000|  0%| F|  |TAMS 0x00000000e5000000, 0x00000000e5000000| Untracked 
|  81|0x00000000e5100000, 0x00000000e5100000, 0x00000000e5200000|  0%| F|  |TAMS 0x00000000e5100000, 0x00000000e5100000| Untracked 
|  82|0x00000000e5200000, 0x00000000e5200000, 0x00000000e5300000|  0%| F|  |TAMS 0x00000000e5200000, 0x00000000e5200000| Untracked 
|  83|0x00000000e5300000, 0x00000000e5400000, 0x00000000e5400000|100%| S|CS|TAMS 0x00000000e5300000, 0x00000000e5300000| Complete 
|  84|0x00000000e5400000, 0x00000000e5500000, 0x00000000e5500000|100%| S|CS|TAMS 0x00000000e5400000, 0x00000000e5400000| Complete 
|  85|0x00000000e5500000, 0x00000000e5600000, 0x00000000e5600000|100%| S|CS|TAMS 0x00000000e5500000, 0x00000000e5500000| Complete 
|  86|0x00000000e5600000, 0x00000000e5700000, 0x00000000e5700000|100%| S|CS|TAMS 0x00000000e5600000, 0x00000000e5600000| Complete 
|  87|0x00000000e5700000, 0x00000000e5800000, 0x00000000e5800000|100%| S|CS|TAMS 0x00000000e5700000, 0x00000000e5700000| Complete 
|  88|0x00000000e5800000, 0x00000000e5900000, 0x00000000e5900000|100%| S|CS|TAMS 0x00000000e5800000, 0x00000000e5800000| Complete 
|  89|0x00000000e5900000, 0x00000000e5a00000, 0x00000000e5a00000|100%| S|CS|TAMS 0x00000000e5900000, 0x00000000e5900000| Complete 
|  90|0x00000000e5a00000, 0x00000000e5b00000, 0x00000000e5b00000|100%| S|CS|TAMS 0x00000000e5a00000, 0x00000000e5a00000| Complete 
|  91|0x00000000e5b00000, 0x00000000e5c00000, 0x00000000e5c00000|100%| S|CS|TAMS 0x00000000e5b00000, 0x00000000e5b00000| Complete 
|  92|0x00000000e5c00000, 0x00000000e5d00000, 0x00000000e5d00000|100%| S|CS|TAMS 0x00000000e5c00000, 0x00000000e5c00000| Complete 
|  93|0x00000000e5d00000, 0x00000000e5e00000, 0x00000000e5e00000|100%| S|CS|TAMS 0x00000000e5d00000, 0x00000000e5d00000| Complete 
|  94|0x00000000e5e00000, 0x00000000e5f00000, 0x00000000e5f00000|100%| S|CS|TAMS 0x00000000e5e00000, 0x00000000e5e00000| Complete 
|  95|0x00000000e5f00000, 0x00000000e6000000, 0x00000000e6000000|100%| S|CS|TAMS 0x00000000e5f00000, 0x00000000e5f00000| Complete 
|  96|0x00000000e6000000, 0x00000000e6100000, 0x00000000e6100000|100%| S|CS|TAMS 0x00000000e6000000, 0x00000000e6000000| Complete 
|  97|0x00000000e6100000, 0x00000000e6200000, 0x00000000e6200000|100%| S|CS|TAMS 0x00000000e6100000, 0x00000000e6100000| Complete 
|  98|0x00000000e6200000, 0x00000000e6300000, 0x00000000e6300000|100%| S|CS|TAMS 0x00000000e6200000, 0x00000000e6200000| Complete 
|  99|0x00000000e6300000, 0x00000000e6400000, 0x00000000e6400000|100%| S|CS|TAMS 0x00000000e6300000, 0x00000000e6300000| Complete 
| 100|0x00000000e6400000, 0x00000000e6500000, 0x00000000e6500000|100%| S|CS|TAMS 0x00000000e6400000, 0x00000000e6400000| Complete 
| 101|0x00000000e6500000, 0x00000000e6600000, 0x00000000e6600000|100%| S|CS|TAMS 0x00000000e6500000, 0x00000000e6500000| Complete 
| 102|0x00000000e6600000, 0x00000000e6700000, 0x00000000e6700000|100%| S|CS|TAMS 0x00000000e6600000, 0x00000000e6600000| Complete 
| 103|0x00000000e6700000, 0x00000000e6700000, 0x00000000e6800000|  0%| F|  |TAMS 0x00000000e6700000, 0x00000000e6700000| Untracked 
| 104|0x00000000e6800000, 0x00000000e6800000, 0x00000000e6900000|  0%| F|  |TAMS 0x00000000e6800000, 0x00000000e6800000| Untracked 
| 105|0x00000000e6900000, 0x00000000e6900000, 0x00000000e6a00000|  0%| F|  |TAMS 0x00000000e6900000, 0x00000000e6900000| Untracked 
| 106|0x00000000e6a00000, 0x00000000e6a00000, 0x00000000e6b00000|  0%| F|  |TAMS 0x00000000e6a00000, 0x00000000e6a00000| Untracked 
| 107|0x00000000e6b00000, 0x00000000e6b00000, 0x00000000e6c00000|  0%| F|  |TAMS 0x00000000e6b00000, 0x00000000e6b00000| Untracked 
| 108|0x00000000e6c00000, 0x00000000e6c00000, 0x00000000e6d00000|  0%| F|  |TAMS 0x00000000e6c00000, 0x00000000e6c00000| Untracked 
| 109|0x00000000e6d00000, 0x00000000e6d00000, 0x00000000e6e00000|  0%| F|  |TAMS 0x00000000e6d00000, 0x00000000e6d00000| Untracked 
| 110|0x00000000e6e00000, 0x00000000e6e00000, 0x00000000e6f00000|  0%| F|  |TAMS 0x00000000e6e00000, 0x00000000e6e00000| Untracked 
| 111|0x00000000e6f00000, 0x00000000e6f00000, 0x00000000e7000000|  0%| F|  |TAMS 0x00000000e6f00000, 0x00000000e6f00000| Untracked 
| 112|0x00000000e7000000, 0x00000000e7000000, 0x00000000e7100000|  0%| F|  |TAMS 0x00000000e7000000, 0x00000000e7000000| Untracked 
| 113|0x00000000e7100000, 0x00000000e7100000, 0x00000000e7200000|  0%| F|  |TAMS 0x00000000e7100000, 0x00000000e7100000| Untracked 
| 114|0x00000000e7200000, 0x00000000e7200000, 0x00000000e7300000|  0%| F|  |TAMS 0x00000000e7200000, 0x00000000e7200000| Untracked 
| 115|0x00000000e7300000, 0x00000000e7300000, 0x00000000e7400000|  0%| F|  |TAMS 0x00000000e7300000, 0x00000000e7300000| Untracked 
| 116|0x00000000e7400000, 0x00000000e7400000, 0x00000000e7500000|  0%| F|  |TAMS 0x00000000e7400000, 0x00000000e7400000| Untracked 
| 117|0x00000000e7500000, 0x00000000e7500000, 0x00000000e7600000|  0%| F|  |TAMS 0x00000000e7500000, 0x00000000e7500000| Untracked 
| 118|0x00000000e7600000, 0x00000000e7600000, 0x00000000e7700000|  0%| F|  |TAMS 0x00000000e7600000, 0x00000000e7600000| Untracked 
| 119|0x00000000e7700000, 0x00000000e7700000, 0x00000000e7800000|  0%| F|  |TAMS 0x00000000e7700000, 0x00000000e7700000| Untracked 
| 120|0x00000000e7800000, 0x00000000e7800000, 0x00000000e7900000|  0%| F|  |TAMS 0x00000000e7800000, 0x00000000e7800000| Untracked 
| 121|0x00000000e7900000, 0x00000000e7900000, 0x00000000e7a00000|  0%| F|  |TAMS 0x00000000e7900000, 0x00000000e7900000| Untracked 
| 122|0x00000000e7a00000, 0x00000000e7a00000, 0x00000000e7b00000|  0%| F|  |TAMS 0x00000000e7a00000, 0x00000000e7a00000| Untracked 
| 123|0x00000000e7b00000, 0x00000000e7b00000, 0x00000000e7c00000|  0%| F|  |TAMS 0x00000000e7b00000, 0x00000000e7b00000| Untracked 
| 124|0x00000000e7c00000, 0x00000000e7c00000, 0x00000000e7d00000|  0%| F|  |TAMS 0x00000000e7c00000, 0x00000000e7c00000| Untracked 
| 125|0x00000000e7d00000, 0x00000000e7d00000, 0x00000000e7e00000|  0%| F|  |TAMS 0x00000000e7d00000, 0x00000000e7d00000| Untracked 
| 126|0x00000000e7e00000, 0x00000000e7e00000, 0x00000000e7f00000|  0%| F|  |TAMS 0x00000000e7e00000, 0x00000000e7e00000| Untracked 
| 127|0x00000000e7f00000, 0x00000000e7f00000, 0x00000000e8000000|  0%| F|  |TAMS 0x00000000e7f00000, 0x00000000e7f00000| Untracked 
| 128|0x00000000e8000000, 0x00000000e8000000, 0x00000000e8100000|  0%| F|  |TAMS 0x00000000e8000000, 0x00000000e8000000| Untracked 
| 129|0x00000000e8100000, 0x00000000e8100000, 0x00000000e8200000|  0%| F|  |TAMS 0x00000000e8100000, 0x00000000e8100000| Untracked 
| 130|0x00000000e8200000, 0x00000000e8200000, 0x00000000e8300000|  0%| F|  |TAMS 0x00000000e8200000, 0x00000000e8200000| Untracked 
| 131|0x00000000e8300000, 0x00000000e8300000, 0x00000000e8400000|  0%| F|  |TAMS 0x00000000e8300000, 0x00000000e8300000| Untracked 
| 132|0x00000000e8400000, 0x00000000e8400000, 0x00000000e8500000|  0%| F|  |TAMS 0x00000000e8400000, 0x00000000e8400000| Untracked 
| 133|0x00000000e8500000, 0x00000000e8500000, 0x00000000e8600000|  0%| F|  |TAMS 0x00000000e8500000, 0x00000000e8500000| Untracked 
| 134|0x00000000e8600000, 0x00000000e8600000, 0x00000000e8700000|  0%| F|  |TAMS 0x00000000e8600000, 0x00000000e8600000| Untracked 
| 135|0x00000000e8700000, 0x00000000e8700000, 0x00000000e8800000|  0%| F|  |TAMS 0x00000000e8700000, 0x00000000e8700000| Untracked 
| 136|0x00000000e8800000, 0x00000000e8800000, 0x00000000e8900000|  0%| F|  |TAMS 0x00000000e8800000, 0x00000000e8800000| Untracked 
| 137|0x00000000e8900000, 0x00000000e8900000, 0x00000000e8a00000|  0%| F|  |TAMS 0x00000000e8900000, 0x00000000e8900000| Untracked 
| 138|0x00000000e8a00000, 0x00000000e8a00000, 0x00000000e8b00000|  0%| F|  |TAMS 0x00000000e8a00000, 0x00000000e8a00000| Untracked 
| 139|0x00000000e8b00000, 0x00000000e8b00000, 0x00000000e8c00000|  0%| F|  |TAMS 0x00000000e8b00000, 0x00000000e8b00000| Untracked 
| 140|0x00000000e8c00000, 0x00000000e8c00000, 0x00000000e8d00000|  0%| F|  |TAMS 0x00000000e8c00000, 0x00000000e8c00000| Untracked 
| 141|0x00000000e8d00000, 0x00000000e8d00000, 0x00000000e8e00000|  0%| F|  |TAMS 0x00000000e8d00000, 0x00000000e8d00000| Untracked 
| 142|0x00000000e8e00000, 0x00000000e8e00000, 0x00000000e8f00000|  0%| F|  |TAMS 0x00000000e8e00000, 0x00000000e8e00000| Untracked 
| 143|0x00000000e8f00000, 0x00000000e8f00000, 0x00000000e9000000|  0%| F|  |TAMS 0x00000000e8f00000, 0x00000000e8f00000| Untracked 
| 144|0x00000000e9000000, 0x00000000e9000000, 0x00000000e9100000|  0%| F|  |TAMS 0x00000000e9000000, 0x00000000e9000000| Untracked 
| 145|0x00000000e9100000, 0x00000000e9100000, 0x00000000e9200000|  0%| F|  |TAMS 0x00000000e9100000, 0x00000000e9100000| Untracked 
| 146|0x00000000e9200000, 0x00000000e9200000, 0x00000000e9300000|  0%| F|  |TAMS 0x00000000e9200000, 0x00000000e9200000| Untracked 
| 147|0x00000000e9300000, 0x00000000e9300000, 0x00000000e9400000|  0%| F|  |TAMS 0x00000000e9300000, 0x00000000e9300000| Untracked 
| 148|0x00000000e9400000, 0x00000000e9400000, 0x00000000e9500000|  0%| F|  |TAMS 0x00000000e9400000, 0x00000000e9400000| Untracked 
| 149|0x00000000e9500000, 0x00000000e9500000, 0x00000000e9600000|  0%| F|  |TAMS 0x00000000e9500000, 0x00000000e9500000| Untracked 
| 150|0x00000000e9600000, 0x00000000e9600000, 0x00000000e9700000|  0%| F|  |TAMS 0x00000000e9600000, 0x00000000e9600000| Untracked 
| 151|0x00000000e9700000, 0x00000000e9700000, 0x00000000e9800000|  0%| F|  |TAMS 0x00000000e9700000, 0x00000000e9700000| Untracked 
| 152|0x00000000e9800000, 0x00000000e9800000, 0x00000000e9900000|  0%| F|  |TAMS 0x00000000e9800000, 0x00000000e9800000| Untracked 
| 153|0x00000000e9900000, 0x00000000e9900000, 0x00000000e9a00000|  0%| F|  |TAMS 0x00000000e9900000, 0x00000000e9900000| Untracked 
| 154|0x00000000e9a00000, 0x00000000e9a00000, 0x00000000e9b00000|  0%| F|  |TAMS 0x00000000e9a00000, 0x00000000e9a00000| Untracked 
| 155|0x00000000e9b00000, 0x00000000e9b00000, 0x00000000e9c00000|  0%| F|  |TAMS 0x00000000e9b00000, 0x00000000e9b00000| Untracked 
| 156|0x00000000e9c00000, 0x00000000e9c00000, 0x00000000e9d00000|  0%| F|  |TAMS 0x00000000e9c00000, 0x00000000e9c00000| Untracked 
| 157|0x00000000e9d00000, 0x00000000e9d00000, 0x00000000e9e00000|  0%| F|  |TAMS 0x00000000e9d00000, 0x00000000e9d00000| Untracked 
| 158|0x00000000e9e00000, 0x00000000e9e00000, 0x00000000e9f00000|  0%| F|  |TAMS 0x00000000e9e00000, 0x00000000e9e00000| Untracked 
| 159|0x00000000e9f00000, 0x00000000e9f00000, 0x00000000ea000000|  0%| F|  |TAMS 0x00000000e9f00000, 0x00000000e9f00000| Untracked 
| 160|0x00000000ea000000, 0x00000000ea000000, 0x00000000ea100000|  0%| F|  |TAMS 0x00000000ea000000, 0x00000000ea000000| Untracked 
| 161|0x00000000ea100000, 0x00000000ea100000, 0x00000000ea200000|  0%| F|  |TAMS 0x00000000ea100000, 0x00000000ea100000| Untracked 
| 162|0x00000000ea200000, 0x00000000ea200000, 0x00000000ea300000|  0%| F|  |TAMS 0x00000000ea200000, 0x00000000ea200000| Untracked 
| 163|0x00000000ea300000, 0x00000000ea300000, 0x00000000ea400000|  0%| F|  |TAMS 0x00000000ea300000, 0x00000000ea300000| Untracked 
| 164|0x00000000ea400000, 0x00000000ea400000, 0x00000000ea500000|  0%| F|  |TAMS 0x00000000ea400000, 0x00000000ea400000| Untracked 
| 165|0x00000000ea500000, 0x00000000ea500000, 0x00000000ea600000|  0%| F|  |TAMS 0x00000000ea500000, 0x00000000ea500000| Untracked 
| 166|0x00000000ea600000, 0x00000000ea600000, 0x00000000ea700000|  0%| F|  |TAMS 0x00000000ea600000, 0x00000000ea600000| Untracked 
| 167|0x00000000ea700000, 0x00000000ea700000, 0x00000000ea800000|  0%| F|  |TAMS 0x00000000ea700000, 0x00000000ea700000| Untracked 
| 168|0x00000000ea800000, 0x00000000ea800000, 0x00000000ea900000|  0%| F|  |TAMS 0x00000000ea800000, 0x00000000ea800000| Untracked 
| 169|0x00000000ea900000, 0x00000000ea900000, 0x00000000eaa00000|  0%| F|  |TAMS 0x00000000ea900000, 0x00000000ea900000| Untracked 
| 170|0x00000000eaa00000, 0x00000000eaa00000, 0x00000000eab00000|  0%| F|  |TAMS 0x00000000eaa00000, 0x00000000eaa00000| Untracked 
| 171|0x00000000eab00000, 0x00000000eab00000, 0x00000000eac00000|  0%| F|  |TAMS 0x00000000eab00000, 0x00000000eab00000| Untracked 
| 172|0x00000000eac00000, 0x00000000eac00000, 0x00000000ead00000|  0%| F|  |TAMS 0x00000000eac00000, 0x00000000eac00000| Untracked 
| 173|0x00000000ead00000, 0x00000000ead00000, 0x00000000eae00000|  0%| F|  |TAMS 0x00000000ead00000, 0x00000000ead00000| Untracked 
| 174|0x00000000eae00000, 0x00000000eae00000, 0x00000000eaf00000|  0%| F|  |TAMS 0x00000000eae00000, 0x00000000eae00000| Untracked 
| 175|0x00000000eaf00000, 0x00000000eaf00000, 0x00000000eb000000|  0%| F|  |TAMS 0x00000000eaf00000, 0x00000000eaf00000| Untracked 
| 176|0x00000000eb000000, 0x00000000eb000000, 0x00000000eb100000|  0%| F|  |TAMS 0x00000000eb000000, 0x00000000eb000000| Untracked 
| 177|0x00000000eb100000, 0x00000000eb100000, 0x00000000eb200000|  0%| F|  |TAMS 0x00000000eb100000, 0x00000000eb100000| Untracked 
| 178|0x00000000eb200000, 0x00000000eb200000, 0x00000000eb300000|  0%| F|  |TAMS 0x00000000eb200000, 0x00000000eb200000| Untracked 
| 179|0x00000000eb300000, 0x00000000eb300000, 0x00000000eb400000|  0%| F|  |TAMS 0x00000000eb300000, 0x00000000eb300000| Untracked 
| 180|0x00000000eb400000, 0x00000000eb400000, 0x00000000eb500000|  0%| F|  |TAMS 0x00000000eb400000, 0x00000000eb400000| Untracked 
| 181|0x00000000eb500000, 0x00000000eb500000, 0x00000000eb600000|  0%| F|  |TAMS 0x00000000eb500000, 0x00000000eb500000| Untracked 
| 182|0x00000000eb600000, 0x00000000eb600000, 0x00000000eb700000|  0%| F|  |TAMS 0x00000000eb600000, 0x00000000eb600000| Untracked 
| 183|0x00000000eb700000, 0x00000000eb700000, 0x00000000eb800000|  0%| F|  |TAMS 0x00000000eb700000, 0x00000000eb700000| Untracked 
| 184|0x00000000eb800000, 0x00000000eb800000, 0x00000000eb900000|  0%| F|  |TAMS 0x00000000eb800000, 0x00000000eb800000| Untracked 
| 185|0x00000000eb900000, 0x00000000eb900000, 0x00000000eba00000|  0%| F|  |TAMS 0x00000000eb900000, 0x00000000eb900000| Untracked 
| 186|0x00000000eba00000, 0x00000000eba00000, 0x00000000ebb00000|  0%| F|  |TAMS 0x00000000eba00000, 0x00000000eba00000| Untracked 
| 187|0x00000000ebb00000, 0x00000000ebb00000, 0x00000000ebc00000|  0%| F|  |TAMS 0x00000000ebb00000, 0x00000000ebb00000| Untracked 
| 188|0x00000000ebc00000, 0x00000000ebc00000, 0x00000000ebd00000|  0%| F|  |TAMS 0x00000000ebc00000, 0x00000000ebc00000| Untracked 
| 189|0x00000000ebd00000, 0x00000000ebd00000, 0x00000000ebe00000|  0%| F|  |TAMS 0x00000000ebd00000, 0x00000000ebd00000| Untracked 
| 190|0x00000000ebe00000, 0x00000000ebe00000, 0x00000000ebf00000|  0%| F|  |TAMS 0x00000000ebe00000, 0x00000000ebe00000| Untracked 
| 191|0x00000000ebf00000, 0x00000000ebf00000, 0x00000000ec000000|  0%| F|  |TAMS 0x00000000ebf00000, 0x00000000ebf00000| Untracked 
| 192|0x00000000ec000000, 0x00000000ec000000, 0x00000000ec100000|  0%| F|  |TAMS 0x00000000ec000000, 0x00000000ec000000| Untracked 
| 193|0x00000000ec100000, 0x00000000ec100000, 0x00000000ec200000|  0%| F|  |TAMS 0x00000000ec100000, 0x00000000ec100000| Untracked 
| 194|0x00000000ec200000, 0x00000000ec200000, 0x00000000ec300000|  0%| F|  |TAMS 0x00000000ec200000, 0x00000000ec200000| Untracked 
| 195|0x00000000ec300000, 0x00000000ec300000, 0x00000000ec400000|  0%| F|  |TAMS 0x00000000ec300000, 0x00000000ec300000| Untracked 
| 196|0x00000000ec400000, 0x00000000ec400000, 0x00000000ec500000|  0%| F|  |TAMS 0x00000000ec400000, 0x00000000ec400000| Untracked 
| 197|0x00000000ec500000, 0x00000000ec500000, 0x00000000ec600000|  0%| F|  |TAMS 0x00000000ec500000, 0x00000000ec500000| Untracked 
| 198|0x00000000ec600000, 0x00000000ec600000, 0x00000000ec700000|  0%| F|  |TAMS 0x00000000ec600000, 0x00000000ec600000| Untracked 
| 199|0x00000000ec700000, 0x00000000ec700000, 0x00000000ec800000|  0%| F|  |TAMS 0x00000000ec700000, 0x00000000ec700000| Untracked 
| 200|0x00000000ec800000, 0x00000000ec800000, 0x00000000ec900000|  0%| F|  |TAMS 0x00000000ec800000, 0x00000000ec800000| Untracked 
| 201|0x00000000ec900000, 0x00000000ec900000, 0x00000000eca00000|  0%| F|  |TAMS 0x00000000ec900000, 0x00000000ec900000| Untracked 
| 202|0x00000000eca00000, 0x00000000eca00000, 0x00000000ecb00000|  0%| F|  |TAMS 0x00000000eca00000, 0x00000000eca00000| Untracked 
| 203|0x00000000ecb00000, 0x00000000ecb00000, 0x00000000ecc00000|  0%| F|  |TAMS 0x00000000ecb00000, 0x00000000ecb00000| Untracked 
| 204|0x00000000ecc00000, 0x00000000ecc00000, 0x00000000ecd00000|  0%| F|  |TAMS 0x00000000ecc00000, 0x00000000ecc00000| Untracked 
| 205|0x00000000ecd00000, 0x00000000ecd00000, 0x00000000ece00000|  0%| F|  |TAMS 0x00000000ecd00000, 0x00000000ecd00000| Untracked 
| 206|0x00000000ece00000, 0x00000000ece00000, 0x00000000ecf00000|  0%| F|  |TAMS 0x00000000ece00000, 0x00000000ece00000| Untracked 
| 207|0x00000000ecf00000, 0x00000000ecf00000, 0x00000000ed000000|  0%| F|  |TAMS 0x00000000ecf00000, 0x00000000ecf00000| Untracked 
| 208|0x00000000ed000000, 0x00000000ed000000, 0x00000000ed100000|  0%| F|  |TAMS 0x00000000ed000000, 0x00000000ed000000| Untracked 
| 209|0x00000000ed100000, 0x00000000ed100000, 0x00000000ed200000|  0%| F|  |TAMS 0x00000000ed100000, 0x00000000ed100000| Untracked 
| 210|0x00000000ed200000, 0x00000000ed200000, 0x00000000ed300000|  0%| F|  |TAMS 0x00000000ed200000, 0x00000000ed200000| Untracked 
| 211|0x00000000ed300000, 0x00000000ed300000, 0x00000000ed400000|  0%| F|  |TAMS 0x00000000ed300000, 0x00000000ed300000| Untracked 
| 212|0x00000000ed400000, 0x00000000ed400000, 0x00000000ed500000|  0%| F|  |TAMS 0x00000000ed400000, 0x00000000ed400000| Untracked 
| 213|0x00000000ed500000, 0x00000000ed500000, 0x00000000ed600000|  0%| F|  |TAMS 0x00000000ed500000, 0x00000000ed500000| Untracked 
| 214|0x00000000ed600000, 0x00000000ed600000, 0x00000000ed700000|  0%| F|  |TAMS 0x00000000ed600000, 0x00000000ed600000| Untracked 
| 215|0x00000000ed700000, 0x00000000ed700000, 0x00000000ed800000|  0%| F|  |TAMS 0x00000000ed700000, 0x00000000ed700000| Untracked 
| 216|0x00000000ed800000, 0x00000000ed800000, 0x00000000ed900000|  0%| F|  |TAMS 0x00000000ed800000, 0x00000000ed800000| Untracked 
| 217|0x00000000ed900000, 0x00000000ed900000, 0x00000000eda00000|  0%| F|  |TAMS 0x00000000ed900000, 0x00000000ed900000| Untracked 
| 218|0x00000000eda00000, 0x00000000eda00000, 0x00000000edb00000|  0%| F|  |TAMS 0x00000000eda00000, 0x00000000eda00000| Untracked 
| 219|0x00000000edb00000, 0x00000000edb00000, 0x00000000edc00000|  0%| F|  |TAMS 0x00000000edb00000, 0x00000000edb00000| Untracked 
| 220|0x00000000edc00000, 0x00000000edc00000, 0x00000000edd00000|  0%| F|  |TAMS 0x00000000edc00000, 0x00000000edc00000| Untracked 
| 221|0x00000000edd00000, 0x00000000edd00000, 0x00000000ede00000|  0%| F|  |TAMS 0x00000000edd00000, 0x00000000edd00000| Untracked 
| 222|0x00000000ede00000, 0x00000000ede00000, 0x00000000edf00000|  0%| F|  |TAMS 0x00000000ede00000, 0x00000000ede00000| Untracked 
| 223|0x00000000edf00000, 0x00000000ee000000, 0x00000000ee000000|100%| E|  |TAMS 0x00000000edf00000, 0x00000000edf00000| Complete 
| 224|0x00000000ee000000, 0x00000000ee100000, 0x00000000ee100000|100%| E|CS|TAMS 0x00000000ee000000, 0x00000000ee000000| Complete 
| 225|0x00000000ee100000, 0x00000000ee200000, 0x00000000ee200000|100%| E|CS|TAMS 0x00000000ee100000, 0x00000000ee100000| Complete 
| 226|0x00000000ee200000, 0x00000000ee300000, 0x00000000ee300000|100%| E|CS|TAMS 0x00000000ee200000, 0x00000000ee200000| Complete 
| 227|0x00000000ee300000, 0x00000000ee400000, 0x00000000ee400000|100%| E|CS|TAMS 0x00000000ee300000, 0x00000000ee300000| Complete 
| 228|0x00000000ee400000, 0x00000000ee500000, 0x00000000ee500000|100%| E|CS|TAMS 0x00000000ee400000, 0x00000000ee400000| Complete 
| 229|0x00000000ee500000, 0x00000000ee600000, 0x00000000ee600000|100%| E|CS|TAMS 0x00000000ee500000, 0x00000000ee500000| Complete 
| 230|0x00000000ee600000, 0x00000000ee700000, 0x00000000ee700000|100%| E|CS|TAMS 0x00000000ee600000, 0x00000000ee600000| Complete 
| 231|0x00000000ee700000, 0x00000000ee800000, 0x00000000ee800000|100%| E|CS|TAMS 0x00000000ee700000, 0x00000000ee700000| Complete 
| 232|0x00000000ee800000, 0x00000000ee900000, 0x00000000ee900000|100%| E|CS|TAMS 0x00000000ee800000, 0x00000000ee800000| Complete 
| 233|0x00000000ee900000, 0x00000000eea00000, 0x00000000eea00000|100%| E|CS|TAMS 0x00000000ee900000, 0x00000000ee900000| Complete 
| 234|0x00000000eea00000, 0x00000000eeb00000, 0x00000000eeb00000|100%| E|CS|TAMS 0x00000000eea00000, 0x00000000eea00000| Complete 
| 235|0x00000000eeb00000, 0x00000000eec00000, 0x00000000eec00000|100%| E|CS|TAMS 0x00000000eeb00000, 0x00000000eeb00000| Complete 
| 236|0x00000000eec00000, 0x00000000eed00000, 0x00000000eed00000|100%| E|CS|TAMS 0x00000000eec00000, 0x00000000eec00000| Complete 
| 237|0x00000000eed00000, 0x00000000eee00000, 0x00000000eee00000|100%| E|CS|TAMS 0x00000000eed00000, 0x00000000eed00000| Complete 
| 238|0x00000000eee00000, 0x00000000eef00000, 0x00000000eef00000|100%| E|CS|TAMS 0x00000000eee00000, 0x00000000eee00000| Complete 
| 239|0x00000000eef00000, 0x00000000ef000000, 0x00000000ef000000|100%| E|CS|TAMS 0x00000000eef00000, 0x00000000eef00000| Complete 
| 240|0x00000000ef000000, 0x00000000ef100000, 0x00000000ef100000|100%| E|CS|TAMS 0x00000000ef000000, 0x00000000ef000000| Complete 
| 241|0x00000000ef100000, 0x00000000ef200000, 0x00000000ef200000|100%| E|CS|TAMS 0x00000000ef100000, 0x00000000ef100000| Complete 
| 242|0x00000000ef200000, 0x00000000ef300000, 0x00000000ef300000|100%| E|CS|TAMS 0x00000000ef200000, 0x00000000ef200000| Complete 
| 243|0x00000000ef300000, 0x00000000ef400000, 0x00000000ef400000|100%| E|CS|TAMS 0x00000000ef300000, 0x00000000ef300000| Complete 
| 244|0x00000000ef400000, 0x00000000ef500000, 0x00000000ef500000|100%| E|CS|TAMS 0x00000000ef400000, 0x00000000ef400000| Complete 
| 245|0x00000000ef500000, 0x00000000ef600000, 0x00000000ef600000|100%| E|CS|TAMS 0x00000000ef500000, 0x00000000ef500000| Complete 
| 246|0x00000000ef600000, 0x00000000ef700000, 0x00000000ef700000|100%| E|CS|TAMS 0x00000000ef600000, 0x00000000ef600000| Complete 
| 247|0x00000000ef700000, 0x00000000ef800000, 0x00000000ef800000|100%| E|CS|TAMS 0x00000000ef700000, 0x00000000ef700000| Complete 
| 248|0x00000000ef800000, 0x00000000ef900000, 0x00000000ef900000|100%| E|CS|TAMS 0x00000000ef800000, 0x00000000ef800000| Complete 
| 249|0x00000000ef900000, 0x00000000efa00000, 0x00000000efa00000|100%| E|CS|TAMS 0x00000000ef900000, 0x00000000ef900000| Complete 
| 250|0x00000000efa00000, 0x00000000efb00000, 0x00000000efb00000|100%| E|CS|TAMS 0x00000000efa00000, 0x00000000efa00000| Complete 
| 251|0x00000000efb00000, 0x00000000efc00000, 0x00000000efc00000|100%| E|CS|TAMS 0x00000000efb00000, 0x00000000efb00000| Complete 
| 252|0x00000000efc00000, 0x00000000efd00000, 0x00000000efd00000|100%| E|CS|TAMS 0x00000000efc00000, 0x00000000efc00000| Complete 
| 253|0x00000000efd00000, 0x00000000efe00000, 0x00000000efe00000|100%| E|CS|TAMS 0x00000000efd00000, 0x00000000efd00000| Complete 
| 254|0x00000000efe00000, 0x00000000eff00000, 0x00000000eff00000|100%| E|CS|TAMS 0x00000000efe00000, 0x00000000efe00000| Complete 
| 255|0x00000000eff00000, 0x00000000f0000000, 0x00000000f0000000|100%| E|CS|TAMS 0x00000000eff00000, 0x00000000eff00000| Complete 

Card table byte_map: [0x0000022eab7b0000,0x0000022eab8b0000] _byte_map_base: 0x0000022eab0b0000

Marking Bits (Prev, Next): (CMBitMap*) 0x0000022e920e6b38, (CMBitMap*) 0x0000022e920e6b78
 Prev Bits: [0x0000022eab9b0000, 0x0000022eac1b0000)
 Next Bits: [0x0000022eac1b0000, 0x0000022eac9b0000)

Polling page: 0x0000022e91ef0000

Metaspace:

Usage:
  Non-class:     45.71 MB capacity,    44.47 MB ( 97%) used,     1.07 MB (  2%) free+waste,   175.94 KB ( <1%) overhead. 
      Class:      7.69 MB capacity,     7.08 MB ( 92%) used,   536.05 KB (  7%) free+waste,    87.31 KB (  1%) overhead. 
       Both:     53.40 MB capacity,    51.55 MB ( 97%) used,     1.59 MB (  3%) free+waste,   263.25 KB ( <1%) overhead. 

Virtual space:
  Non-class space:       46.00 MB reserved,      45.95 MB (>99%) committed 
      Class space:      248.00 MB reserved,       7.75 MB (  3%) committed 
             Both:      294.00 MB reserved,      53.70 MB ( 18%) committed 

Chunk freelists:
   Non-Class:  56.00 KB
       Class:  29.00 KB
        Both:  85.00 KB

MaxMetaspaceSize: 256.00 MB
CompressedClassSpaceSize: 248.00 MB

CodeHeap 'non-profiled nmethods': size=120000Kb used=3204Kb max_used=3364Kb free=116796Kb
 bounds [0x0000022ea3b60000, 0x0000022ea3eb0000, 0x0000022eab090000]
CodeHeap 'profiled nmethods': size=120000Kb used=12584Kb max_used=12584Kb free=107415Kb
 bounds [0x0000022e9c630000, 0x0000022e9d280000, 0x0000022ea3b60000]
CodeHeap 'non-nmethods': size=5760Kb used=2348Kb max_used=2399Kb free=3411Kb
 bounds [0x0000022e9c090000, 0x0000022e9c300000, 0x0000022e9c630000]
 total_blobs=9096 nmethods=5762 adapters=739
 compilation: enabled
              stopped_count=0, restarted_count=0
 full_count=0

Compilation events (20 events):
Event: 992.598 Thread 0x0000022eaefb9000 6434       1       org.gradle.internal.extensibility.ExtensibleDynamicObject::getConvention (5 bytes)
Event: 992.599 Thread 0x0000022eaefb9000 nmethod 6434 0x0000022ea3c91a90 code [0x0000022ea3c91c20, 0x0000022ea3c91cf8]
Event: 992.612 Thread 0x0000022eaefb9000 6436       3       org.gradle.internal.graph.CachingDirectedGraphWalker$GraphWithEmptyEdges::getEdgeValues (1 bytes)
Event: 992.613 Thread 0x0000022eaefb9000 nmethod 6436 0x0000022e9d278790 code [0x0000022e9d278920, 0x0000022e9d278a38]
Event: 992.614 Thread 0x0000022eaefb9000 6437       3       groovy.lang.GroovyObjectSupport::<init> (13 bytes)
Event: 992.616 Thread 0x0000022eaefb9000 nmethod 6437 0x0000022e9d278b10 code [0x0000022e9d278d00, 0x0000022e9d2792b8]
Event: 992.616 Thread 0x0000022eaefb9000 6438       3       groovy.lang.GroovyObjectSupport::getDefaultMetaClass (8 bytes)
Event: 992.617 Thread 0x0000022eaefb9000 nmethod 6438 0x0000022e9d279490 code [0x0000022e9d279660, 0x0000022e9d279ad8]
Event: 992.621 Thread 0x0000022eaefb9000 6439   !   3       org.gradle.util.GUtil::uncheckedCall (13 bytes)
Event: 992.622 Thread 0x0000022eaefb9000 nmethod 6439 0x0000022e9d279c90 code [0x0000022e9d279e40, 0x0000022e9d27a0b8]
Event: 992.625 Thread 0x0000022eaefb9000 6440       3       java.util.ArrayDeque::circularClear (43 bytes)
Event: 992.626 Thread 0x0000022eaefb9000 nmethod 6440 0x0000022e9d27a210 code [0x0000022e9d27a3e0, 0x0000022e9d27a858]
Event: 992.627 Thread 0x0000022eaefb9000 6441       1       com.google.common.collect.SingletonImmutableSet::size (2 bytes)
Event: 992.627 Thread 0x0000022eaefb9000 nmethod 6441 0x0000022ea3c91790 code [0x0000022ea3c91920, 0x0000022ea3c919f8]
Event: 992.632 Thread 0x0000022eaefb9000 6442       3       org.gradle.api.internal.collections.DefaultCollectionEventRegister::registerLazyAddDecoratedAction (14 bytes)
Event: 992.633 Thread 0x0000022eaefb9000 nmethod 6442 0x0000022e9d27aa10 code [0x0000022e9d27abc0, 0x0000022e9d27ae08]
Event: 992.634 Thread 0x0000022eaefb9000 6443       3       java.util.LinkedList::get (14 bytes)
Event: 992.635 Thread 0x0000022eaefb9000 nmethod 6443 0x0000022e9d27af10 code [0x0000022e9d27b100, 0x0000022e9d27b528]
Event: 992.636 Thread 0x0000022eaefb9000 6444       3       java.util.TreeSet::iterator (15 bytes)
Event: 992.637 Thread 0x0000022eaefb9000 nmethod 6444 0x0000022e9d27b710 code [0x0000022e9d27b8c0, 0x0000022e9d27bb78]

GC Heap History (12 events):
Event: 1.561 GC heap before
{Heap before GC invocations=0 (full 0):
 garbage-first heap   total 262144K, used 18432K [0x00000000e0000000, 0x0000000100000000)
  region size 1024K, 13 young (13312K), 0 survivors (0K)
 Metaspace       used 1438K, capacity 5051K, committed 5120K, reserved 262144K
  class space    used 137K, capacity 512K, committed 512K, reserved 253952K
}
Event: 1.570 GC heap after
{Heap after GC invocations=1 (full 0):
 garbage-first heap   total 262144K, used 8365K [0x00000000e0000000, 0x0000000100000000)
  region size 1024K, 2 young (2048K), 2 survivors (2048K)
 Metaspace       used 1438K, capacity 5051K, committed 5120K, reserved 262144K
  class space    used 137K, capacity 512K, committed 512K, reserved 253952K
}
Event: 2.910 GC heap before
{Heap before GC invocations=1 (full 0):
 garbage-first heap   total 262144K, used 21677K [0x00000000e0000000, 0x0000000100000000)
  region size 1024K, 15 young (15360K), 2 survivors (2048K)
 Metaspace       used 4004K, capacity 6750K, committed 7040K, reserved 262144K
  class space    used 515K, capacity 803K, committed 896K, reserved 253952K
}
Event: 2.916 GC heap after
{Heap after GC invocations=2 (full 0):
 garbage-first heap   total 262144K, used 9396K [0x00000000e0000000, 0x0000000100000000)
  region size 1024K, 1 young (1024K), 1 survivors (1024K)
 Metaspace       used 4004K, capacity 6750K, committed 7040K, reserved 262144K
  class space    used 515K, capacity 803K, committed 896K, reserved 253952K
}
Event: 3.715 GC heap before
{Heap before GC invocations=2 (full 0):
 garbage-first heap   total 262144K, used 31924K [0x00000000e0000000, 0x0000000100000000)
  region size 1024K, 24 young (24576K), 1 survivors (1024K)
 Metaspace       used 4104K, capacity 6750K, committed 7040K, reserved 262144K
  class space    used 515K, capacity 803K, committed 896K, reserved 253952K
}
Event: 3.723 GC heap after
{Heap after GC invocations=3 (full 0):
 garbage-first heap   total 262144K, used 11646K [0x00000000e0000000, 0x0000000100000000)
  region size 1024K, 3 young (3072K), 3 survivors (3072K)
 Metaspace       used 4104K, capacity 6750K, committed 7040K, reserved 262144K
  class space    used 515K, capacity 803K, committed 896K, reserved 253952K
}
Event: 12.304 GC heap before
{Heap before GC invocations=3 (full 0):
 garbage-first heap   total 262144K, used 156030K [0x00000000e0000000, 0x0000000100000000)
  region size 1024K, 145 young (148480K), 3 survivors (3072K)
 Metaspace       used 20542K, capacity 21207K, committed 21248K, reserved 272384K
  class space    used 3089K, capacity 3309K, committed 3328K, reserved 253952K
}
Event: 12.336 GC heap after
{Heap after GC invocations=4 (full 0):
 garbage-first heap   total 262144K, used 19189K [0x00000000e0000000, 0x0000000100000000)
  region size 1024K, 11 young (11264K), 11 survivors (11264K)
 Metaspace       used 20542K, capacity 21207K, committed 21248K, reserved 272384K
  class space    used 3089K, capacity 3309K, committed 3328K, reserved 253952K
}
Event: 18.025 GC heap before
{Heap before GC invocations=5 (full 0):
 garbage-first heap   total 262144K, used 127733K [0x00000000e0000000, 0x0000000100000000)
  region size 1024K, 115 young (117760K), 11 survivors (11264K)
 Metaspace       used 34748K, capacity 35720K, committed 35840K, reserved 284672K
  class space    used 4842K, capacity 5182K, committed 5248K, reserved 253952K
}
Event: 18.058 GC heap after
{Heap after GC invocations=6 (full 0):
 garbage-first heap   total 262144K, used 26747K [0x00000000e0000000, 0x0000000100000000)
  region size 1024K, 17 young (17408K), 17 survivors (17408K)
 Metaspace       used 34748K, capacity 35720K, committed 35840K, reserved 284672K
  class space    used 4842K, capacity 5182K, committed 5248K, reserved 253952K
}
Event: 132.988 GC heap before
{Heap before GC invocations=7 (full 0):
 garbage-first heap   total 262144K, used 166011K [0x00000000e0000000, 0x0000000100000000)
  region size 1024K, 153 young (156672K), 17 survivors (17408K)
 Metaspace       used 51489K, capacity 53298K, committed 53580K, reserved 301056K
  class space    used 7144K, capacity 7746K, committed 7808K, reserved 253952K
}
Event: 133.057 GC heap after
{Heap after GC invocations=8 (full 0):
 garbage-first heap   total 262144K, used 39047K [0x00000000e0000000, 0x0000000100000000)
  region size 1024K, 20 young (20480K), 20 survivors (20480K)
 Metaspace       used 51489K, capacity 53298K, committed 53580K, reserved 301056K
  class space    used 7144K, capacity 7746K, committed 7808K, reserved 253952K
}

Deoptimization events (20 events):
Event: 171.191 Thread 0x0000022eb0ce7000 DEOPT PACKING pc=0x0000022ea3dcd93c sp=0x000000de54bfb910
Event: 171.191 Thread 0x0000022eb0ce7000 DEOPT UNPACKING pc=0x0000022e9c0d942f sp=0x000000de54bfb8c0 mode 2
Event: 188.412 Thread 0x0000022eb16a3800 Uncommon trap: trap_request=0xffffffc6 fr.pc=0x0000022ea3e219fc relative=0x0000000000000a7c
Event: 188.412 Thread 0x0000022eb16a3800 Uncommon trap: reason=bimorphic_or_optimized_type_check action=maybe_recompile pc=0x0000022ea3e219fc method=java.io.BufferedInputStream.read([BII)I @ 101 c2
Event: 188.412 Thread 0x0000022eb16a3800 DEOPT PACKING pc=0x0000022ea3e219fc sp=0x000000de562fec10
Event: 188.412 Thread 0x0000022eb16a3800 DEOPT UNPACKING pc=0x0000022e9c0d942f sp=0x000000de562febc8 mode 2
Event: 188.415 Thread 0x0000022eb16a3800 Uncommon trap: trap_request=0xffffffc6 fr.pc=0x0000022ea3e219fc relative=0x0000000000000a7c
Event: 188.415 Thread 0x0000022eb16a3800 Uncommon trap: reason=bimorphic_or_optimized_type_check action=maybe_recompile pc=0x0000022ea3e219fc method=java.io.BufferedInputStream.read([BII)I @ 101 c2
Event: 188.415 Thread 0x0000022eb16a3800 DEOPT PACKING pc=0x0000022ea3e219fc sp=0x000000de562fec10
Event: 188.415 Thread 0x0000022eb16a3800 DEOPT UNPACKING pc=0x0000022e9c0d942f sp=0x000000de562febc8 mode 2
Event: 188.421 Thread 0x0000022eb16a3800 Uncommon trap: trap_request=0xffffffc6 fr.pc=0x0000022ea3e219fc relative=0x0000000000000a7c
Event: 188.421 Thread 0x0000022eb16a3800 Uncommon trap: reason=bimorphic_or_optimized_type_check action=maybe_recompile pc=0x0000022ea3e219fc method=java.io.BufferedInputStream.read([BII)I @ 101 c2
Event: 188.421 Thread 0x0000022eb16a3800 DEOPT PACKING pc=0x0000022ea3e219fc sp=0x000000de562fec10
Event: 188.421 Thread 0x0000022eb16a3800 DEOPT UNPACKING pc=0x0000022e9c0d942f sp=0x000000de562febc8 mode 2
Event: 256.069 Thread 0x0000022eaff4a800 DEOPT PACKING pc=0x0000022e9c7a6bfb sp=0x000000de547fdef0
Event: 256.069 Thread 0x0000022eaff4a800 DEOPT UNPACKING pc=0x0000022e9c0d994e sp=0x000000de547fd360 mode 0
Event: 992.623 Thread 0x0000022eb135b000 Uncommon trap: trap_request=0xffffffde fr.pc=0x0000022ea3dcd93c relative=0x000000000000287c
Event: 992.623 Thread 0x0000022eb135b000 Uncommon trap: reason=class_check action=maybe_recompile pc=0x0000022ea3dcd93c method=java.util.TreeMap.put(Ljava/lang/Object;Ljava/lang/Object;)Ljava/lang/Object; @ 127 c2
Event: 992.623 Thread 0x0000022eb135b000 DEOPT PACKING pc=0x0000022ea3dcd93c sp=0x000000de548fb610
Event: 992.623 Thread 0x0000022eb135b000 DEOPT UNPACKING pc=0x0000022e9c0d942f sp=0x000000de548fb5c0 mode 2

Classes unloaded (0 events):
No events

Classes redefined (0 events):
No events

Internal exceptions (20 events):
Event: 131.560 Thread 0x0000022eb16a4000 Exception <a 'sun/nio/fs/WindowsException'{0x00000000e7a08668}> (0x00000000e7a08668) 
thrown [./open/src/hotspot/share/prims/jni.cpp, line 599]
Event: 131.724 Thread 0x0000022eb16a4000 Exception <a 'java/lang/NoSuchMethodError'{0x00000000e7afeae8}: 'java.lang.Object java.lang.invoke.DirectMethodHandle$Holder.invokeVirtual(java.lang.Object, java.lang.Object, java.lang.Object, int, int)'> (0x00000000e7afeae8) 
thrown [./open/src/hotspot/share/interpreter/linkResolver.cpp, line 766]
Event: 131.727 Thread 0x0000022eb16a4000 Exception <a 'java/lang/NoSuchMethodError'{0x00000000e7906160}: 'java.lang.Object java.lang.invoke.DirectMethodHandle$Holder.invokeVirtual(java.lang.Object, java.lang.Object, int)'> (0x00000000e7906160) 
thrown [./open/src/hotspot/share/interpreter/linkResolver.cpp, line 766]
Event: 131.739 Thread 0x0000022eb16a4000 Exception <a 'java/lang/NoSuchMethodError'{0x00000000e79197d0}: 'java.lang.Object java.lang.invoke.DirectMethodHandle$Holder.invokeSpecial(java.lang.Object, java.lang.Object, java.lang.Object, int, int)'> (0x00000000e79197d0) 
thrown [./open/src/hotspot/share/interpreter/linkResolver.cpp, line 766]
Event: 131.854 Thread 0x0000022eb16a4000 Exception <a 'java/lang/NoSuchMethodError'{0x00000000e789a6c0}: 'int java.lang.invoke.DirectMethodHandle$Holder.invokeSpecial(java.lang.Object, java.lang.Object, java.lang.Object, java.lang.Object, java.lang.Object)'> (0x00000000e789a6c0) 
thrown [./open/src/hotspot/share/interpreter/linkResolver.cpp, line 766]
Event: 131.867 Thread 0x0000022eb16a4000 Exception <a 'sun/nio/fs/WindowsException'{0x00000000e78ae560}> (0x00000000e78ae560) 
thrown [./open/src/hotspot/share/prims/jni.cpp, line 599]
Event: 132.033 Thread 0x0000022eb16a4000 Exception <a 'sun/nio/fs/WindowsException'{0x00000000e75805a8}> (0x00000000e75805a8) 
thrown [./open/src/hotspot/share/prims/jni.cpp, line 599]
Event: 132.033 Thread 0x0000022eb16a4000 Exception <a 'sun/nio/fs/WindowsException'{0x00000000e7580898}> (0x00000000e7580898) 
thrown [./open/src/hotspot/share/prims/jni.cpp, line 599]
Event: 132.074 Thread 0x0000022eb16a4000 Exception <a 'java/lang/NoSuchMethodError'{0x00000000e74867b8}: 'java.lang.Object java.lang.invoke.DirectMethodHandle$Holder.invokeStatic(java.lang.Object, java.lang.Object, int, int)'> (0x00000000e74867b8) 
thrown [./open/src/hotspot/share/interpreter/linkResolver.cpp, line 766]
Event: 132.537 Thread 0x0000022eb16a4000 Exception <a 'java/lang/NoSuchMethodError'{0x00000000e6968530}: 'int java.lang.invoke.DirectMethodHandle$Holder.invokeVirtual(java.lang.Object, java.lang.Object, java.lang.Object, java.lang.Object)'> (0x00000000e6968530) 
thrown [./open/src/hotspot/share/interpreter/linkResolver.cpp, line 766]
Event: 132.669 Thread 0x0000022eb16a4000 Exception <a 'sun/nio/fs/WindowsException'{0x00000000e69db678}> (0x00000000e69db678) 
thrown [./open/src/hotspot/share/prims/jni.cpp, line 599]
Event: 132.700 Thread 0x0000022eb16a4000 Exception <a 'sun/nio/fs/WindowsException'{0x00000000e69fca08}> (0x00000000e69fca08) 
thrown [./open/src/hotspot/share/prims/jni.cpp, line 599]
Event: 132.866 Thread 0x0000022eb16a4000 Exception <a 'java/lang/NoSuchMethodError'{0x00000000e6719c78}: 'java.lang.Object java.lang.invoke.DirectMethodHandle$Holder.invokeStatic(java.lang.Object, java.lang.Object, java.lang.Object, java.lang.Object, java.lang.Object, java.lang.Object, java.lang.Object, int)'> (0x00000000e6719c78) 
thrown [./open/src/hotspot/share/interpreter/linkResolver.cpp, line 766]
Event: 132.868 Thread 0x0000022eb16a4000 Exception <a 'java/lang/NoSuchMethodError'{0x00000000e671ebe8}: 'java.lang.Object java.lang.invoke.DirectMethodHandle$Holder.invokeSpecial(java.lang.Object, java.lang.Object, java.lang.Object, java.lang.Object, java.lang.Object, java.lang.Object, java.lang.Object, java.lang.Object, int)'> (0x00000000e671ebe8) 
thrown [./open/src/hotspot/share/interpreter/linkResolver.cpp, line 766]
Event: 133.082 Thread 0x0000022eb16a4000 Implicit null exception at 0x0000022ea3bc67d2 to 0x0000022ea3bc7054
Event: 133.220 Thread 0x0000022eb16a4000 Exception <a 'sun/nio/fs/WindowsException'{0x00000000effb0c90}> (0x00000000effb0c90) 
thrown [./open/src/hotspot/share/prims/jni.cpp, line 599]
Event: 133.276 Thread 0x0000022eb16a4000 Exception <a 'sun/nio/fs/WindowsException'{0x00000000effcee30}> (0x00000000effcee30) 
thrown [./open/src/hotspot/share/prims/jni.cpp, line 599]
Event: 133.304 Thread 0x0000022eb16a4000 Exception <a 'java/lang/NoSuchMethodError'{0x00000000efe34b30}: 'int java.lang.invoke.DirectMethodHandle$Holder.invokeStaticInit(java.lang.Object)'> (0x00000000efe34b30) 
thrown [./open/src/hotspot/share/interpreter/linkResolver.cpp, line 766]
Event: 133.521 Thread 0x0000022eb1361800 Exception <a 'java/lang/NoSuchMethodError'{0x00000000eff09490}: static Lorg/gradle/internal/build/event/types/DefaultJavaCompileTaskSuccessResult;.<clinit>()V> (0x00000000eff09490) 
thrown [./open/src/hotspot/share/prims/jni.cpp, line 1348]
Event: 168.469 Thread 0x0000022eb16a4000 Exception <a 'java/lang/reflect/InvocationTargetException'{0x00000000efdb0d18}> (0x00000000efdb0d18) 
thrown [./open/src/hotspot/share/runtime/reflection.cpp, line 1188]

Events (20 events):
Event: 992.421 Executing VM operation: HandshakeOneThread
Event: 992.421 Executing VM operation: HandshakeOneThread done
Event: 992.434 Loaded shared library C:\Program Files\Java\jdk-14.0.1\bin\zip.dll
Event: 992.434 Executing VM operation: HandshakeOneThread
Event: 992.434 Executing VM operation: HandshakeOneThread done
Event: 992.437 Executing VM operation: HandshakeOneThread
Event: 992.437 Executing VM operation: HandshakeOneThread done
Event: 992.447 Executing VM operation: HandshakeOneThread
Event: 992.447 Executing VM operation: HandshakeOneThread done
Event: 992.448 Executing VM operation: HandshakeOneThread
Event: 992.448 Executing VM operation: HandshakeOneThread done
Event: 992.469 Executing VM operation: HandshakeOneThread
Event: 992.469 Executing VM operation: HandshakeOneThread done
Event: 992.470 Executing VM operation: HandshakeOneThread
Event: 992.470 Executing VM operation: HandshakeOneThread done
Event: 992.477 Thread 0x0000022eb16a7800 Thread added: 0x0000022eb16a7800
Event: 992.639 Thread 0x0000022eb16a8800 Thread added: 0x0000022eb16a8800
Event: 992.639 Thread 0x0000022eb16a4000 Thread added: 0x0000022eb16a4000
Event: 992.639 Executing VM operation: HandshakeOneThread
Event: 992.639 Thread 0x0000022eb16a9000 Thread added: 0x0000022eb16a9000


Dynamic libraries:
0x00007ff7cccd0000 - 0x00007ff7cccdf000 	C:\Program Files\Java\jdk-14.0.1\bin\java.exe
0x00007ffc310b0000 - 0x00007ffc31291000 	C:\WINDOWS\SYSTEM32\ntdll.dll
0x00007ffc2ee00000 - 0x00007ffc2eeb2000 	C:\WINDOWS\System32\KERNEL32.DLL
0x00007ffc2d8b0000 - 0x00007ffc2db23000 	C:\WINDOWS\System32\KERNELBASE.dll
0x00007ffc2d6a0000 - 0x00007ffc2d79a000 	C:\WINDOWS\System32\ucrtbase.dll
0x00007ffc29520000 - 0x00007ffc29538000 	C:\Program Files\Java\jdk-14.0.1\bin\jli.dll
0x00007ffc294c0000 - 0x00007ffc294d5000 	C:\Program Files\Java\jdk-14.0.1\bin\VCRUNTIME140.dll
0x00007ffc2ece0000 - 0x00007ffc2ed81000 	C:\WINDOWS\System32\ADVAPI32.dll
0x00007ffc2e7b0000 - 0x00007ffc2e84e000 	C:\WINDOWS\System32\msvcrt.dll
0x00007ffc2f130000 - 0x00007ffc2f18b000 	C:\WINDOWS\System32\sechost.dll
0x00007ffc307e0000 - 0x00007ffc30904000 	C:\WINDOWS\System32\RPCRT4.dll
0x00007ffc2eec0000 - 0x00007ffc2f050000 	C:\WINDOWS\System32\USER32.dll
0x00007ffc2e520000 - 0x00007ffc2e540000 	C:\WINDOWS\System32\win32u.dll
0x00007ffc1ec50000 - 0x00007ffc1eeb9000 	C:\WINDOWS\WinSxS\amd64_microsoft.windows.common-controls_6595b64144ccf1df_6.0.17134.1_none_e4da93291059d8fb\COMCTL32.dll
0x00007ffc2f100000 - 0x00007ffc2f128000 	C:\WINDOWS\System32\GDI32.dll
0x00007ffc2e9b0000 - 0x00007ffc2ecd3000 	C:\WINDOWS\System32\combase.dll
0x00007ffc2d480000 - 0x00007ffc2d612000 	C:\WINDOWS\System32\gdi32full.dll
0x00007ffc2db30000 - 0x00007ffc2dbcf000 	C:\WINDOWS\System32\msvcp_win.dll
0x00007ffc2d620000 - 0x00007ffc2d69a000 	C:\WINDOWS\System32\bcryptPrimitives.dll
0x00007ffc277f0000 - 0x00007ffc277fa000 	C:\WINDOWS\SYSTEM32\VERSION.dll
0x00007ffc30de0000 - 0x00007ffc30e0d000 	C:\WINDOWS\System32\IMM32.DLL
0x00007ffc145e0000 - 0x00007ffc1467b000 	C:\Program Files\Java\jdk-14.0.1\bin\msvcp140.dll
0x00007ffbf8790000 - 0x00007ffbf92ae000 	C:\Program Files\Java\jdk-14.0.1\bin\server\jvm.dll
0x00007ffc2edf0000 - 0x00007ffc2edf8000 	C:\WINDOWS\System32\PSAPI.DLL
0x00007ffc16510000 - 0x00007ffc16519000 	C:\WINDOWS\SYSTEM32\WSOCK32.dll
0x00007ffc2f050000 - 0x00007ffc2f0bc000 	C:\WINDOWS\System32\WS2_32.dll
0x00007ffc2a820000 - 0x00007ffc2a843000 	C:\WINDOWS\SYSTEM32\WINMM.dll
0x00007ffc2a650000 - 0x00007ffc2a67a000 	C:\WINDOWS\SYSTEM32\WINMMBASE.dll
0x00007ffc2e4d0000 - 0x00007ffc2e519000 	C:\WINDOWS\System32\cfgmgr32.dll
0x00007ffc2d430000 - 0x00007ffc2d441000 	C:\WINDOWS\System32\kernel.appcore.dll
0x00007ffc2b2b0000 - 0x00007ffc2b2ba000 	C:\Program Files\Java\jdk-14.0.1\bin\jimage.dll
0x00007ffc2cea0000 - 0x00007ffc2d069000 	C:\WINDOWS\SYSTEM32\DBGHELP.DLL
0x00007ffc2cbb0000 - 0x00007ffc2cbd9000 	C:\WINDOWS\SYSTEM32\dbgcore.DLL
0x00007ffc283d0000 - 0x00007ffc283f5000 	C:\Program Files\Java\jdk-14.0.1\bin\java.dll
0x00007ffc29140000 - 0x00007ffc29156000 	C:\Program Files\Java\jdk-14.0.1\bin\zip.dll
0x00007ffc2f340000 - 0x00007ffc30780000 	C:\WINDOWS\System32\SHELL32.dll
0x00007ffc2f230000 - 0x00007ffc2f2d9000 	C:\WINDOWS\System32\shcore.dll
0x00007ffc2ddc0000 - 0x00007ffc2e4cd000 	C:\WINDOWS\System32\windows.storage.dll
0x00007ffc30780000 - 0x00007ffc307d1000 	C:\WINDOWS\System32\shlwapi.dll
0x00007ffc2d450000 - 0x00007ffc2d46f000 	C:\WINDOWS\System32\profapi.dll
0x00007ffc2d3e0000 - 0x00007ffc2d42c000 	C:\WINDOWS\System32\powrprof.dll
0x00007ffc2d470000 - 0x00007ffc2d47a000 	C:\WINDOWS\System32\FLTLIB.DLL
0x00007ffc264e0000 - 0x00007ffc264f9000 	C:\Program Files\Java\jdk-14.0.1\bin\net.dll
0x00007ffc21d80000 - 0x00007ffc21e5d000 	C:\WINDOWS\SYSTEM32\WINHTTP.dll
0x00007ffc2c830000 - 0x00007ffc2c896000 	C:\WINDOWS\system32\mswsock.dll
0x00007ffc26480000 - 0x00007ffc26492000 	C:\Program Files\Java\jdk-14.0.1\bin\nio.dll
0x00007ffc2b240000 - 0x00007ffc2b250000 	C:\Program Files\Java\jdk-14.0.1\bin\verify.dll
0x00007ffc27060000 - 0x00007ffc27086000 	C:\Users\padalka_iv\.gradle\native\fdc75f09e3144964f2cf3f50f0aa648679c211496f362492102eb8c894070792\windows-amd64\native-platform.dll
0x00007ffc13f20000 - 0x00007ffc140b1000 	C:\Users\padalka_iv\.gradle\native\12488b8bf47d2d4c9fbf2f6322a914ad602e24e48041cd04a747c6da556b65c4\windows-amd64\native-platform-file-events.dll
0x00007ffc2b190000 - 0x00007ffc2b199000 	C:\Program Files\Java\jdk-14.0.1\bin\management.dll
0x00007ffc29400000 - 0x00007ffc2940b000 	C:\Program Files\Java\jdk-14.0.1\bin\management_ext.dll
0x00007ffc2ce70000 - 0x00007ffc2ce87000 	C:\WINDOWS\SYSTEM32\CRYPTSP.dll
0x00007ffc2c420000 - 0x00007ffc2c453000 	C:\WINDOWS\system32\rsaenh.dll
0x00007ffc2cbf0000 - 0x00007ffc2cc15000 	C:\WINDOWS\SYSTEM32\bcrypt.dll
0x00007ffc2d2c0000 - 0x00007ffc2d2e8000 	C:\WINDOWS\SYSTEM32\USERENV.dll
0x00007ffc2c990000 - 0x00007ffc2c99b000 	C:\WINDOWS\SYSTEM32\CRYPTBASE.dll
0x00007ffc2c5c0000 - 0x00007ffc2c5f8000 	C:\WINDOWS\SYSTEM32\IPHLPAPI.DLL
0x00007ffc2f0c0000 - 0x00007ffc2f0c8000 	C:\WINDOWS\System32\NSI.dll
0x00007ffc261d0000 - 0x00007ffc261e6000 	C:\WINDOWS\SYSTEM32\dhcpcsvc6.DLL
0x00007ffc260e0000 - 0x00007ffc260fa000 	C:\WINDOWS\SYSTEM32\dhcpcsvc.DLL
0x00007ffc26700000 - 0x00007ffc2670b000 	C:\WINDOWS\SYSTEM32\WINNSI.DLL

dbghelp: loaded successfully - version: 4.0.5 - missing functions: none
symbol engine: initialized successfully - sym options: 0x614 - pdb path: .;C:\Program Files\Java\jdk-14.0.1\bin;C:\WINDOWS\SYSTEM32;C:\WINDOWS\WinSxS\amd64_microsoft.windows.common-controls_6595b64144ccf1df_6.0.17134.1_none_e4da93291059d8fb;C:\Program Files\Java\jdk-14.0.1\bin\server;C:\Users\padalka_iv\.gradle\native\fdc75f09e3144964f2cf3f50f0aa648679c211496f362492102eb8c894070792\windows-amd64;C:\Users\padalka_iv\.gradle\native\12488b8bf47d2d4c9fbf2f6322a914ad602e24e48041cd04a747c6da556b65c4\windows-amd64

VM Arguments:
jvm_args: --add-opens=java.base/java.util=ALL-UNNAMED --add-opens=java.base/java.lang=ALL-UNNAMED --add-opens=java.base/java.lang.invoke=ALL-UNNAMED --add-opens=java.prefs/java.util.prefs=ALL-UNNAMED -XX:MaxMetaspaceSize=256m -XX:+HeapDumpOnOutOfMemoryError -Xms256m -Xmx512m -Dfile.encoding=windows-1252 -Duser.country=RU -Duser.language=ru -Duser.variant 
java_command: org.gradle.launcher.daemon.bootstrap.GradleDaemon 6.8
java_class_path (initial): C:\Users\padalka_iv\.gradle\wrapper\dists\gradle-6.8-bin\1jblhjyydfkclfzx1agp92nyl\gradle-6.8\lib\gradle-launcher-6.8.jar
Launcher Type: SUN_STANDARD

[Global flags]
     intx CICompilerCount                          = 3                                         {product} {ergonomic}
   size_t CompressedClassSpaceSize                 = 260046848                                 {product} {ergonomic}
     uint ConcGCThreads                            = 1                                         {product} {ergonomic}
     uint G1ConcRefinementThreads                  = 4                                         {product} {ergonomic}
   size_t G1HeapRegionSize                         = 1048576                                   {product} {ergonomic}
    uintx GCDrainStackTargetSize                   = 64                                        {product} {ergonomic}
     bool HeapDumpOnOutOfMemoryError               = true                                   {manageable} {command line}
   size_t InitialHeapSize                          = 268435456                                 {product} {command line}
   size_t MarkStackSize                            = 4194304                                   {product} {ergonomic}
   size_t MaxHeapSize                              = 536870912                                 {product} {command line}
   size_t MaxMetaspaceSize                         = 268435456                                 {product} {command line}
   size_t MaxNewSize                               = 321912832                                 {product} {ergonomic}
   size_t MinHeapDeltaBytes                        = 1048576                                   {product} {ergonomic}
   size_t MinHeapSize                              = 268435456                                 {product} {command line}
    uintx NonNMethodCodeHeapSize                   = 5832780                                {pd product} {ergonomic}
    uintx NonProfiledCodeHeapSize                  = 122912730                              {pd product} {ergonomic}
    uintx ProfiledCodeHeapSize                     = 122912730                              {pd product} {ergonomic}
    uintx ReservedCodeCacheSize                    = 251658240                              {pd product} {ergonomic}
     bool SegmentedCodeCache                       = true                                      {product} {ergonomic}
   size_t SoftMaxHeapSize                          = 536870912                              {manageable} {ergonomic}
     bool UseCompressedClassPointers               = true                                 {lp64_product} {ergonomic}
     bool UseCompressedOops                        = true                                 {lp64_product} {ergonomic}
     bool UseG1GC                                  = true                                      {product} {ergonomic}
     bool UseLargePagesIndividualAllocation        = false                                  {pd product} {ergonomic}

Logging:
Log output configuration:
 #0: stdout all=warning uptime,level,tags
 #1: stderr all=off uptime,level,tags

Environment Variables:
JAVA_HOME=C:\Program Files\Java\jdk1.8.0_181
PATH=C:\Program Files\Common Files\Oracle\Java\javapath;C:\Program Files (x86)\Common Files\Oracle\Java\javapath;C:\WINDOWS\system32;C:\WINDOWS;C:\WINDOWS\System32\Wbem;C:\WINDOWS\System32\WindowsPowerShell\v1.0\;C:\WINDOWS\System32\OpenSSH\;C:\Program Files\Java\jdk1.8.0_181\bin;C:\Program Files (x86)\ATI Technologies\ATI.ACE\Core-Static;C:\Program Files\Microsoft SQL Server\130\Tools\Binn\;C:\Program Files (x86)\Windows Live\Shared;H:\Matlab Installed\runtime\win64;H:\Matlab Installed\bin;C:\Program Files\Git\cmd;C:\Program Files\nodejs\;C:\Users\padalka_iv\AppData\Local\Programs\Python\Python37-32\Scripts\;C:\Users\padalka_iv\AppData\Local\Programs\Python\Python37-32\;C:\Users\padalka_iv\AppData\Local\Microsoft\WindowsApps;C:\Users\padalka_iv\AppData\Local\Microsoft\WindowsApps;C:\Program Files\heroku\bin;C:\Users\padalka_iv\AppData\Roaming\npm;C:\Users\padalka_iv\AppData\Local\GitHubDesktop\bin
USERNAME=padalka_iv
OS=Windows_NT
PROCESSOR_IDENTIFIER=AMD64 Family 22 Model 48 Stepping 1, AuthenticAMD



---------------  S Y S T E M  ---------------

OS: Windows 10 , 64 bit Build 17134 (10.0.17134.1)
OS uptime: 6 days 19:04 hours
HyperV virtualization detected

CPU:total 4 (initial active 4) (4 cores per cpu, 1 threads per core) family 22 model 48 stepping 1, cmov, cx8, fxsr, mmx, sse, sse2, sse3, ssse3, sse4.1, sse4.2, popcnt, avx, aes, clmul, mmxext, 3dnowpref, lzcnt, sse4a, tsc, tscinvbit, tscinv, bmi1

Memory: 4k page, system-wide physical 7132M (1750M free)
TotalPageFile size 15132M (AvailPageFile size 3M)
current process WorkingSet (physical memory assigned to process): 355M, peak: 370M
current process commit charge ("private bytes"): 450M, peak: 466M

vm_info: Java HotSpot(TM) 64-Bit Server VM (14.0.1+7) for windows-amd64 JRE (14.0.1+7), built on Mar  5 2020 10:30:14 by "mach5one" with MS VC++ 15.9 (VS2017)

END.
